{"numFailedTestSuites":1,"numFailedTests":210,"numPassedTestSuites":0,"numPassedTests":58,"numPendingTestSuites":0,"numPendingTests":0,"numRuntimeErrorTestSuites":0,"numTotalTestSuites":1,"numTotalTests":268,"snapshot":{"added":0,"didUpdate":false,"failure":false,"filesAdded":0,"filesRemoved":0,"filesUnmatched":0,"filesUpdated":0,"matched":0,"total":0,"unchecked":0,"unmatched":0,"updated":0},"startTime":1498330517558,"success":false,"testResults":[{"assertionResults":[{"failureMessages":[],"status":"passed","title":"Library storybook_v1.x.x"},{"failureMessages":["Error: Modulegen.ModulegenTypeError: CallProperty on Object types is not currently supported [in alasql_v0.3.x from 4:4 to 4:35]\n    at compile (/Users/ryan/Documents/dev/ReasonablyTyped/lib/index.js:33:11)\n    at test (/Users/ryan/Documents/dev/ReasonablyTyped/src/__tests__/flow-typed.js:21:25)"],"status":"failed","title":"Library alasql_v0.3.x"},{"failureMessages":["Error: Modulegen.ModulegenStatementError: Unknown statement type when parsing libdef [in aphrodite_v0.5.x from 37:1 to 37:2]\n    at compile (/Users/ryan/Documents/dev/ReasonablyTyped/lib/index.js:33:11)\n    at test (/Users/ryan/Documents/dev/ReasonablyTyped/src/__tests__/flow-typed.js:21:25)"],"status":"failed","title":"Library aphrodite_v0.5.x"},{"failureMessages":["Error: Modulegen.ModulegenTypeError: Type parameters is not currently supported [in array-uniq_v1.x.x from 2:24 to 2:56]\n    at compile (/Users/ryan/Documents/dev/ReasonablyTyped/lib/index.js:33:11)\n    at test (/Users/ryan/Documents/dev/ReasonablyTyped/src/__tests__/flow-typed.js:21:25)"],"status":"failed","title":"Library array-uniq_v1.x.x"},{"failureMessages":["Error: Modulegen.ModulegenStatementError: Unknown statement type when parsing libdef [in awaiting_v2.x.x from 1:0 to 1:43]\n    at compile (/Users/ryan/Documents/dev/ReasonablyTyped/lib/index.js:33:11)\n    at test (/Users/ryan/Documents/dev/ReasonablyTyped/src/__tests__/flow-typed.js:21:25)"],"status":"failed","title":"Library awaiting_v2.x.x"},{"failureMessages":["Error: Modulegen.ModulegenStatementError: Generic Intefaces is not currently supported [in axios_v0.11.x from 2:10 to 13:3]\n    at compile (/Users/ryan/Documents/dev/ReasonablyTyped/lib/index.js:33:11)\n    at test (/Users/ryan/Documents/dev/ReasonablyTyped/src/__tests__/flow-typed.js:21:25)"],"status":"failed","title":"Library axios_v0.11.x"},{"failureMessages":["Error: Modulegen.ModulegenStatementError: Generic Intefaces is not currently supported [in axios_v0.13.x from 2:10 to 25:3]\n    at compile (/Users/ryan/Documents/dev/ReasonablyTyped/lib/index.js:33:11)\n    at test (/Users/ryan/Documents/dev/ReasonablyTyped/src/__tests__/flow-typed.js:21:25)"],"status":"failed","title":"Library axios_v0.13.x"},{"failureMessages":["Error: Modulegen.ModulegenTypeError: CallProperty on Object types is not currently supported [in axios_v0.15.x from 11:4 to 11:28]\n    at compile (/Users/ryan/Documents/dev/ReasonablyTyped/lib/index.js:33:11)\n    at test (/Users/ryan/Documents/dev/ReasonablyTyped/src/__tests__/flow-typed.js:21:25)"],"status":"failed","title":"Library axios_v0.15.x"},{"failureMessages":["Error: Modulegen.ModulegenTypeError: CallProperty on Object types is not currently supported [in axios_v0.16.x from 11:4 to 11:28]\n    at compile (/Users/ryan/Documents/dev/ReasonablyTyped/lib/index.js:33:11)\n    at test (/Users/ryan/Documents/dev/ReasonablyTyped/src/__tests__/flow-typed.js:21:25)"],"status":"failed","title":"Library axios_v0.16.x"},{"failureMessages":["Error: Modulegen.ModulegenTypeError: StringLiteral is not currently supported [in backbone_v1.x.x from 8:28 to 8:67]\n    at compile (/Users/ryan/Documents/dev/ReasonablyTyped/lib/index.js:33:11)\n    at test (/Users/ryan/Documents/dev/ReasonablyTyped/src/__tests__/flow-typed.js:21:25)"],"status":"failed","title":"Library backbone_v1.x.x"},{"failureMessages":[],"status":"passed","title":"Library base-64_v0.1.x"},{"failureMessages":["Error: Modulegen.ModulegenTypeError: CallProperty on Object types is not currently supported [in base64url_v1.x.x from 3:4 to 3:64]\n    at compile (/Users/ryan/Documents/dev/ReasonablyTyped/lib/index.js:33:11)\n    at test (/Users/ryan/Documents/dev/ReasonablyTyped/src/__tests__/flow-typed.js:21:25)"],"status":"failed","title":"Library base64url_v1.x.x"},{"failureMessages":["Error: Modulegen.ModulegenDeclError: Unknown declaration type when converting a module declaration [in bcrypt_v0.8.x from 1:0 to 12:1]\n    at compile (/Users/ryan/Documents/dev/ReasonablyTyped/lib/index.js:33:11)\n    at test (/Users/ryan/Documents/dev/ReasonablyTyped/src/__tests__/flow-typed.js:21:25)"],"status":"failed","title":"Library bcrypt_v0.8.x"},{"failureMessages":["Error: Modulegen.ModulegenDeclError: Unknown declaration type when converting a module declaration [in bcrypt_v1.x.x from 1:0 to 16:1]\n    at compile (/Users/ryan/Documents/dev/ReasonablyTyped/lib/index.js:33:11)\n    at test (/Users/ryan/Documents/dev/ReasonablyTyped/src/__tests__/flow-typed.js:21:25)"],"status":"failed","title":"Library bcrypt_v1.x.x"},{"failureMessages":["Error: Modulegen.ModulegenTypeError: NumberLiteral is not currently supported [in big.js_v3.x.x from 4:33 to 4:43]\n    at compile (/Users/ryan/Documents/dev/ReasonablyTyped/lib/index.js:33:11)\n    at test (/Users/ryan/Documents/dev/ReasonablyTyped/src/__tests__/flow-typed.js:21:25)"],"status":"failed","title":"Library big.js_v3.x.x"},{"failureMessages":["Error: Modulegen.ModulegenTypeError: CallProperty on Object types is not currently supported [in bigi_v1.x.x from 3:2 to 3:75]\n    at compile (/Users/ryan/Documents/dev/ReasonablyTyped/lib/index.js:33:11)\n    at test (/Users/ryan/Documents/dev/ReasonablyTyped/src/__tests__/flow-typed.js:21:25)"],"status":"failed","title":"Library bigi_v1.x.x"},{"failureMessages":["Error: Modulegen.ModulegenTypeError: CallProperty on Object types is not currently supported [in bitcoinjs-lib_v2.x.x from 8:2 to 8:75]\n    at compile (/Users/ryan/Documents/dev/ReasonablyTyped/lib/index.js:33:11)\n    at test (/Users/ryan/Documents/dev/ReasonablyTyped/src/__tests__/flow-typed.js:21:25)"],"status":"failed","title":"Library bitcoinjs-lib_v2.x.x"},{"failureMessages":["Error: Modulegen.ModulegenTypeError: CallProperty on Object types is not currently supported [in blacklist_v1.x.x from 3:4 to 3:81]\n    at compile (/Users/ryan/Documents/dev/ReasonablyTyped/lib/index.js:33:11)\n    at test (/Users/ryan/Documents/dev/ReasonablyTyped/src/__tests__/flow-typed.js:21:25)"],"status":"failed","title":"Library blacklist_v1.x.x"},{"failureMessages":["Error: Modulegen.ModulegenTypeError: Class types is not currently supported [in bluebird_v3.x.x from 47:16 to 47:21]\n    at compile (/Users/ryan/Documents/dev/ReasonablyTyped/lib/index.js:33:11)\n    at test (/Users/ryan/Documents/dev/ReasonablyTyped/src/__tests__/flow-typed.js:21:25)"],"status":"failed","title":"Library bluebird_v3.x.x"},{"failureMessages":["Error: Modulegen.ModulegenTypeError: Class types is not currently supported [in bluebird_v3.x.x from 47:16 to 47:21]\n    at compile (/Users/ryan/Documents/dev/ReasonablyTyped/lib/index.js:33:11)\n    at test (/Users/ryan/Documents/dev/ReasonablyTyped/src/__tests__/flow-typed.js:21:25)"],"status":"failed","title":"Library bluebird_v3.x.x"},{"failureMessages":["Error: Modulegen.ModulegenStatementError: Unknown statement type when parsing libdef [in bluebird-promisell_v0.5.x from 1:0 to 1:49]\n    at compile (/Users/ryan/Documents/dev/ReasonablyTyped/lib/index.js:33:11)\n    at test (/Users/ryan/Documents/dev/ReasonablyTyped/src/__tests__/flow-typed.js:21:25)"],"status":"failed","title":"Library bluebird-promisell_v0.5.x"},{"failureMessages":["Error: Modulegen.ModulegenStatementError: Unknown statement type when parsing libdef [in body-parser_v1.x.x from 1:0 to 1:63]\n    at compile (/Users/ryan/Documents/dev/ReasonablyTyped/lib/index.js:33:11)\n    at test (/Users/ryan/Documents/dev/ReasonablyTyped/src/__tests__/flow-typed.js:21:25)"],"status":"failed","title":"Library body-parser_v1.x.x"},{"failureMessages":["Error: Modulegen.ModulegenTypeError: BooleanLiteral is not currently supported [in bser_v1.x.x from 41:44 to 41:48]\n    at compile (/Users/ryan/Documents/dev/ReasonablyTyped/lib/index.js:33:11)\n    at test (/Users/ryan/Documents/dev/ReasonablyTyped/src/__tests__/flow-typed.js:21:25)"],"status":"failed","title":"Library bser_v1.x.x"},{"failureMessages":["Error: Modulegen.ModulegenTypeError: StringLiteral is not currently supported [in bull_v1.x.x from 2:4 to 6:12]\n    at compile (/Users/ryan/Documents/dev/ReasonablyTyped/lib/index.js:33:11)\n    at test (/Users/ryan/Documents/dev/ReasonablyTyped/src/__tests__/flow-typed.js:21:25)"],"status":"failed","title":"Library bull_v1.x.x"},{"failureMessages":["Error: Modulegen.ModulegenTypeError: NumberLiteral is not currently supported [in bunyan_v1.x.x from 2:21 to 2:25]\n    at compile (/Users/ryan/Documents/dev/ReasonablyTyped/lib/index.js:33:11)\n    at test (/Users/ryan/Documents/dev/ReasonablyTyped/src/__tests__/flow-typed.js:21:25)"],"status":"failed","title":"Library bunyan_v1.x.x"},{"failureMessages":["Error: Modulegen.ModulegenTypeError: Unknown type when converting to Bucklescript type [in cache-manager_v2.x.x from 7:32 to 13:3]\n    at compile (/Users/ryan/Documents/dev/ReasonablyTyped/lib/index.js:33:11)\n    at test (/Users/ryan/Documents/dev/ReasonablyTyped/src/__tests__/flow-typed.js:21:25)"],"status":"failed","title":"Library cache-manager_v2.x.x"},{"failureMessages":[],"status":"passed","title":"Library camelcase_v3.x.x"},{"failureMessages":["Error: Modulegen.ModulegenTypeError: Type parameters is not currently supported [in camelcase-keys_v3.x.x from 2:24 to 5:32]\n    at compile (/Users/ryan/Documents/dev/ReasonablyTyped/lib/index.js:33:11)\n    at test (/Users/ryan/Documents/dev/ReasonablyTyped/src/__tests__/flow-typed.js:21:25)"],"status":"failed","title":"Library camelcase-keys_v3.x.x"},{"failureMessages":[],"status":"passed","title":"Library cat-names_v1.x.x"},{"failureMessages":["Error: Modulegen.ModulegenTypeError: Unknown type when converting to Bucklescript type [in chai_v3.5.x from 23:11 to 23:60]\n    at compile (/Users/ryan/Documents/dev/ReasonablyTyped/lib/index.js:33:11)\n    at test (/Users/ryan/Documents/dev/ReasonablyTyped/src/__tests__/flow-typed.js:21:25)"],"status":"failed","title":"Library chai_v3.5.x"},{"failureMessages":["Error: Modulegen.ModulegenTypeError: Unknown type when converting to Bucklescript type [in chalk_v1.x.x from 6:24 to 6:72]\n    at compile (/Users/ryan/Documents/dev/ReasonablyTyped/lib/index.js:33:11)\n    at test (/Users/ryan/Documents/dev/ReasonablyTyped/src/__tests__/flow-typed.js:21:25)"],"status":"failed","title":"Library chalk_v1.x.x"},{"failureMessages":["Error: Modulegen.ModulegenTypeError: CallProperty on Object types is not currently supported [in chance_v1.x.x from 7:4 to 7:31]\n    at compile (/Users/ryan/Documents/dev/ReasonablyTyped/lib/index.js:33:11)\n    at test (/Users/ryan/Documents/dev/ReasonablyTyped/src/__tests__/flow-typed.js:21:25)"],"status":"failed","title":"Library chance_v1.x.x"},{"failureMessages":[],"status":"passed","title":"Library checkdigit_v1.1.x"},{"failureMessages":["Error: Modulegen.ModulegenTypeError: StringLiteral is not currently supported [in checkstyle-formatter_v1.x.x from 5:24 to 5:33]\n    at compile (/Users/ryan/Documents/dev/ReasonablyTyped/lib/index.js:33:11)\n    at test (/Users/ryan/Documents/dev/ReasonablyTyped/src/__tests__/flow-typed.js:21:25)"],"status":"failed","title":"Library checkstyle-formatter_v1.x.x"},{"failureMessages":["Error: Modulegen.ModulegenTypeError: StringLiteral is not currently supported [in checkstyle-formatter_v1.x.x from 5:24 to 5:33]\n    at compile (/Users/ryan/Documents/dev/ReasonablyTyped/lib/index.js:33:11)\n    at test (/Users/ryan/Documents/dev/ReasonablyTyped/src/__tests__/flow-typed.js:21:25)"],"status":"failed","title":"Library checkstyle-formatter_v1.x.x"},{"failureMessages":[],"status":"passed","title":"Library clamp-js_v0.7.x"},{"failureMessages":["Error: Modulegen.ModulegenTypeError: BooleanLiteral is not currently supported [in classnames_v2.x.x from 2:2 to 7:6]\n    at compile (/Users/ryan/Documents/dev/ReasonablyTyped/lib/index.js:33:11)\n    at test (/Users/ryan/Documents/dev/ReasonablyTyped/src/__tests__/flow-typed.js:21:25)"],"status":"failed","title":"Library classnames_v2.x.x"},{"failureMessages":["Error: Modulegen.ModulegenTypeError: CallProperty on Object types is not currently supported [in color_v0.7.x from 34:4 to 34:40]\n    at compile (/Users/ryan/Documents/dev/ReasonablyTyped/lib/index.js:33:11)\n    at test (/Users/ryan/Documents/dev/ReasonablyTyped/src/__tests__/flow-typed.js:21:25)"],"status":"failed","title":"Library color_v0.7.x"},{"failureMessages":["Error: Modulegen.ModulegenTypeError: Unknown type when converting to Bucklescript type [in commander_v2.x.x from 274:24 to 277:3]\n    at compile (/Users/ryan/Documents/dev/ReasonablyTyped/lib/index.js:33:11)\n    at test (/Users/ryan/Documents/dev/ReasonablyTyped/src/__tests__/flow-typed.js:21:25)"],"status":"failed","title":"Library commander_v2.x.x"},{"failureMessages":["Error: Modulegen.ModulegenTypeError: Unknown type when converting to Bucklescript type [in connect-route_v0.1.x from 8:82 to 8:88]\n    at compile (/Users/ryan/Documents/dev/ReasonablyTyped/lib/index.js:33:11)\n    at test (/Users/ryan/Documents/dev/ReasonablyTyped/src/__tests__/flow-typed.js:21:25)"],"status":"failed","title":"Library connect-route_v0.1.x"},{"failureMessages":["Error: Modulegen.ModulegenTypeError: Type parameters is not currently supported [in continuation-local-storage_v3.x.x from 5:2 to 5:34]\n    at compile (/Users/ryan/Documents/dev/ReasonablyTyped/lib/index.js:33:11)\n    at test (/Users/ryan/Documents/dev/ReasonablyTyped/src/__tests__/flow-typed.js:21:25)"],"status":"failed","title":"Library continuation-local-storage_v3.x.x"},{"failureMessages":[],"status":"passed","title":"Library cpy_v5.x.x"},{"failureMessages":[],"status":"passed","title":"Library create-react-class_v15.x.x"},{"failureMessages":["Error: Modulegen.ModulegenTypeError: Unknown type when converting to Bucklescript type [in currency-formatter_v1.x.x from 31:47 to 31:79]\n    at compile (/Users/ryan/Documents/dev/ReasonablyTyped/lib/index.js:33:11)\n    at test (/Users/ryan/Documents/dev/ReasonablyTyped/src/__tests__/flow-typed.js:21:25)"],"status":"failed","title":"Library currency-formatter_v1.x.x"},{"failureMessages":["Error: Modulegen.ModulegenTypeError: Type parameters is not currently supported [in data.maybe_v1.x.x from 13:4 to 13:36]\n    at compile (/Users/ryan/Documents/dev/ReasonablyTyped/lib/index.js:33:11)\n    at test (/Users/ryan/Documents/dev/ReasonablyTyped/src/__tests__/flow-typed.js:21:25)"],"status":"failed","title":"Library data.maybe_v1.x.x"},{"failureMessages":["Error: Modulegen.ModulegenTypeError: CallProperty on Object types is not currently supported [in debug_v2.x.x from 3:4 to 3:33]\n    at compile (/Users/ryan/Documents/dev/ReasonablyTyped/lib/index.js:33:11)\n    at test (/Users/ryan/Documents/dev/ReasonablyTyped/src/__tests__/flow-typed.js:21:25)"],"status":"failed","title":"Library debug_v2.x.x"},{"failureMessages":[],"status":"passed","title":"Library decamelize_v1.x.x"},{"failureMessages":["Error: Modulegen.ModulegenTypeError: StringLiteral is not currently supported [in deep-diff_v0.3.x from 5:11 to 5:14]\n    at compile (/Users/ryan/Documents/dev/ReasonablyTyped/lib/index.js:33:11)\n    at test (/Users/ryan/Documents/dev/ReasonablyTyped/src/__tests__/flow-typed.js:21:25)"],"status":"failed","title":"Library deep-diff_v0.3.x"},{"failureMessages":["Error: Modulegen.ModulegenTypeError: Type parameters is not currently supported [in deep-freeze_v0.0.1 from 2:24 to 2:40]\n    at compile (/Users/ryan/Documents/dev/ReasonablyTyped/lib/index.js:33:11)\n    at test (/Users/ryan/Documents/dev/ReasonablyTyped/src/__tests__/flow-typed.js:21:25)"],"status":"failed","title":"Library deep-freeze_v0.0.1"},{"failureMessages":["Error: Modulegen.ModulegenTypeError: Type parameters is not currently supported [in deep-freeze-strict_v1.x.x from 2:24 to 2:40]\n    at compile (/Users/ryan/Documents/dev/ReasonablyTyped/lib/index.js:33:11)\n    at test (/Users/ryan/Documents/dev/ReasonablyTyped/src/__tests__/flow-typed.js:21:25)"],"status":"failed","title":"Library deep-freeze-strict_v1.x.x"},{"failureMessages":["Error: Modulegen.ModulegenTypeError: StringLiteral is not currently supported [in dropzone_v4.x.x from 11:18 to 11:23]\n    at compile (/Users/ryan/Documents/dev/ReasonablyTyped/lib/index.js:33:11)\n    at test (/Users/ryan/Documents/dev/ReasonablyTyped/src/__tests__/flow-typed.js:21:25)"],"status":"failed","title":"Library dropzone_v4.x.x"},{"failureMessages":["Error: Modulegen.ModulegenTypeError: CallProperty on Object types is not currently supported [in ecurve_v1.x.x from 7:2 to 7:75]\n    at compile (/Users/ryan/Documents/dev/ReasonablyTyped/lib/index.js:33:11)\n    at test (/Users/ryan/Documents/dev/ReasonablyTyped/src/__tests__/flow-typed.js:21:25)"],"status":"failed","title":"Library ecurve_v1.x.x"},{"failureMessages":["Error: Modulegen.ModulegenTypeError: Type parameters is not currently supported [in enzyme_v2.3.x from 56:4 to 56:43]\n    at compile (/Users/ryan/Documents/dev/ReasonablyTyped/lib/index.js:33:11)\n    at test (/Users/ryan/Documents/dev/ReasonablyTyped/src/__tests__/flow-typed.js:21:25)"],"status":"failed","title":"Library enzyme_v2.3.x"},{"failureMessages":["Error: Modulegen.ModulegenTypeError: Type parameters is not currently supported [in enzyme_v2.3.x from 56:4 to 56:43]\n    at compile (/Users/ryan/Documents/dev/ReasonablyTyped/lib/index.js:33:11)\n    at test (/Users/ryan/Documents/dev/ReasonablyTyped/src/__tests__/flow-typed.js:21:25)"],"status":"failed","title":"Library enzyme_v2.3.x"},{"failureMessages":["Error: File \"\", line 14, characters 605-609:\n317: <UNKNOWN SYNTAX ERROR>\n    at compile (/Users/ryan/Documents/dev/ReasonablyTyped/lib/index.js:37:11)\n    at test (/Users/ryan/Documents/dev/ReasonablyTyped/src/__tests__/flow-typed.js:21:25)"],"status":"failed","title":"Library enzyme_v2.x.x"},{"failureMessages":["Error: Modulegen.ModulegenTypeError: Class types is not currently supported [in es6-error_v4.x.x from 4:22 to 4:27]\n    at compile (/Users/ryan/Documents/dev/ReasonablyTyped/lib/index.js:33:11)\n    at test (/Users/ryan/Documents/dev/ReasonablyTyped/src/__tests__/flow-typed.js:21:25)"],"status":"failed","title":"Library es6-error_v4.x.x"},{"failureMessages":[],"status":"passed","title":"Library escape-string-regexp_v1.x.x"},{"failureMessages":["Error: Modulegen.ModulegenStatementError: Generic Intefaces is not currently supported [in event-to-promise_v0.7.x from 1:8 to 3:1]\n    at compile (/Users/ryan/Documents/dev/ReasonablyTyped/lib/index.js:33:11)\n    at test (/Users/ryan/Documents/dev/ReasonablyTyped/src/__tests__/flow-typed.js:21:25)"],"status":"failed","title":"Library event-to-promise_v0.7.x"},{"failureMessages":["Error: Modulegen.ModulegenTypeError: Class types is not currently supported [in eventemitter3_v1.x.x from 19:23 to 19:28]\n    at compile (/Users/ryan/Documents/dev/ReasonablyTyped/lib/index.js:33:11)\n    at test (/Users/ryan/Documents/dev/ReasonablyTyped/src/__tests__/flow-typed.js:21:25)"],"status":"failed","title":"Library eventemitter3_v1.x.x"},{"failureMessages":["Error: Modulegen.ModulegenTypeError: BooleanLiteral is not currently supported [in eventemitter3_v2.x.x from 7:50 to 7:55]\n    at compile (/Users/ryan/Documents/dev/ReasonablyTyped/lib/index.js:33:11)\n    at test (/Users/ryan/Documents/dev/ReasonablyTyped/src/__tests__/flow-typed.js:21:25)"],"status":"failed","title":"Library eventemitter3_v2.x.x"},{"failureMessages":["Error: Modulegen.ModulegenTypeError: Class types is not currently supported [in expect_v1.x.x from 1:43 to 1:48]\n    at compile (/Users/ryan/Documents/dev/ReasonablyTyped/lib/index.js:33:11)\n    at test (/Users/ryan/Documents/dev/ReasonablyTyped/src/__tests__/flow-typed.js:21:25)"],"status":"failed","title":"Library expect_v1.x.x"},{"failureMessages":["Error: Modulegen.ModulegenStatementError: Unknown statement type when parsing libdef [in express_v4.x.x from 1:0 to 1:35]\n    at compile (/Users/ryan/Documents/dev/ReasonablyTyped/lib/index.js:33:11)\n    at test (/Users/ryan/Documents/dev/ReasonablyTyped/src/__tests__/flow-typed.js:21:25)"],"status":"failed","title":"Library express_v4.x.x"},{"failureMessages":["Error: Modulegen.ModulegenStatementError: Unknown statement type when parsing libdef [in express_v4.x.x from 1:0 to 1:35]\n    at compile (/Users/ryan/Documents/dev/ReasonablyTyped/lib/index.js:33:11)\n    at test (/Users/ryan/Documents/dev/ReasonablyTyped/src/__tests__/flow-typed.js:21:25)"],"status":"failed","title":"Library express_v4.x.x"},{"failureMessages":["Error: Modulegen.ModulegenStatementError: Unknown statement type when parsing libdef [in express_v4.x.x from 1:0 to 1:35]\n    at compile (/Users/ryan/Documents/dev/ReasonablyTyped/lib/index.js:33:11)\n    at test (/Users/ryan/Documents/dev/ReasonablyTyped/src/__tests__/flow-typed.js:21:25)"],"status":"failed","title":"Library express_v4.x.x"},{"failureMessages":[],"status":"passed","title":"Library express-subdomain_v1.x.x"},{"failureMessages":["Error: Modulegen.ModulegenTypeError: Type parameters is not currently supported [in fantasy-options_v0.0.1 from 4:4 to 4:41]\n    at compile (/Users/ryan/Documents/dev/ReasonablyTyped/lib/index.js:33:11)\n    at test (/Users/ryan/Documents/dev/ReasonablyTyped/src/__tests__/flow-typed.js:21:25)"],"status":"failed","title":"Library fantasy-options_v0.0.1"},{"failureMessages":["Error: File \"\", line 3, characters 27-34:\n320: <UNKNOWN SYNTAX ERROR>\n    at compile (/Users/ryan/Documents/dev/ReasonablyTyped/lib/index.js:37:11)\n    at test (/Users/ryan/Documents/dev/ReasonablyTyped/src/__tests__/flow-typed.js:21:25)"],"status":"failed","title":"Library fetch-ponyfill_v3.x.x"},{"failureMessages":["Error: File \"\", line 3, characters 27-34:\n320: <UNKNOWN SYNTAX ERROR>\n    at compile (/Users/ryan/Documents/dev/ReasonablyTyped/lib/index.js:37:11)\n    at test (/Users/ryan/Documents/dev/ReasonablyTyped/src/__tests__/flow-typed.js:21:25)"],"status":"failed","title":"Library fetch-ponyfill_v3.x.x"},{"failureMessages":["Error: Modulegen.ModulegenTypeError: Unknown type when converting to Bucklescript type [in file-type_v3.x.x from 2:59 to 2:89]\n    at compile (/Users/ryan/Documents/dev/ReasonablyTyped/lib/index.js:33:11)\n    at test (/Users/ryan/Documents/dev/ReasonablyTyped/src/__tests__/flow-typed.js:21:25)"],"status":"failed","title":"Library file-type_v3.x.x"},{"failureMessages":["Error: Modulegen.ModulegenTypeError: Unknown type when converting to Bucklescript type [in firebase_v2.4.2 from 18:17 to 18:22]\n    at compile (/Users/ryan/Documents/dev/ReasonablyTyped/lib/index.js:33:11)\n    at test (/Users/ryan/Documents/dev/ReasonablyTyped/src/__tests__/flow-typed.js:21:25)"],"status":"failed","title":"Library firebase_v2.4.2"},{"failureMessages":["Error: Modulegen.ModulegenTypeError: NumberLiteral is not currently supported [in flatbuffers_v1.5.x from 7:35 to 7:36]\n    at compile (/Users/ryan/Documents/dev/ReasonablyTyped/lib/index.js:33:11)\n    at test (/Users/ryan/Documents/dev/ReasonablyTyped/src/__tests__/flow-typed.js:21:25)"],"status":"failed","title":"Library flatbuffers_v1.5.x"},{"failureMessages":[],"status":"passed","title":"Library flow-bin_v0.x.x"},{"failureMessages":[],"status":"passed","title":"Library flux-standard-action_v1.x.x"},{"failureMessages":[],"status":"passed","title":"Library flux-standard-action_v1.x.x"},{"failureMessages":["Error: Modulegen.ModulegenTypeError: CallProperty on Object types is not currently supported [in fuse.js_v2.x.x from 13:4 to 13:60]\n    at compile (/Users/ryan/Documents/dev/ReasonablyTyped/lib/index.js:33:11)\n    at test (/Users/ryan/Documents/dev/ReasonablyTyped/src/__tests__/flow-typed.js:21:25)"],"status":"failed","title":"Library fuse.js_v2.x.x"},{"failureMessages":["Error: Modulegen.ModulegenTypeError: Type parameters is not currently supported [in fuzzaldrin_v2.x.x from 4:4 to 7:16]\n    at compile (/Users/ryan/Documents/dev/ReasonablyTyped/lib/index.js:33:11)\n    at test (/Users/ryan/Documents/dev/ReasonablyTyped/src/__tests__/flow-typed.js:21:25)"],"status":"failed","title":"Library fuzzaldrin_v2.x.x"},{"failureMessages":["Error: Modulegen.ModulegenTypeError: CallProperty on Object types is not currently supported [in get-stdin_v5.x.x from 3:4 to 3:23]\n    at compile (/Users/ryan/Documents/dev/ReasonablyTyped/lib/index.js:33:11)\n    at test (/Users/ryan/Documents/dev/ReasonablyTyped/src/__tests__/flow-typed.js:21:25)"],"status":"failed","title":"Library get-stdin_v5.x.x"},{"failureMessages":["Error: Modulegen.ModulegenTypeError: Unknown type when converting to Bucklescript type [in getit_v1.x.x from 2:33 to 2:39]\n    at compile (/Users/ryan/Documents/dev/ReasonablyTyped/lib/index.js:33:11)\n    at test (/Users/ryan/Documents/dev/ReasonablyTyped/src/__tests__/flow-typed.js:21:25)"],"status":"failed","title":"Library getit_v1.x.x"},{"failureMessages":["Error: Modulegen.ModulegenTypeError: Type parameters is not currently supported [in gl-matrix_v2.x.x from 132:4 to 139:15]\n    at compile (/Users/ryan/Documents/dev/ReasonablyTyped/lib/index.js:33:11)\n    at test (/Users/ryan/Documents/dev/ReasonablyTyped/src/__tests__/flow-typed.js:21:25)"],"status":"failed","title":"Library gl-matrix_v2.x.x"},{"failureMessages":["Error: Modulegen.ModulegenStatementError: Inheriting in interfaces is not currently supported [in graceful-fs_v4.1.x from 2:39 to 2:44]\n    at compile (/Users/ryan/Documents/dev/ReasonablyTyped/lib/index.js:33:11)\n    at test (/Users/ryan/Documents/dev/ReasonablyTyped/src/__tests__/flow-typed.js:21:25)"],"status":"failed","title":"Library graceful-fs_v4.1.x"},{"failureMessages":["Error: Modulegen.ModulegenDeclError: Unknown declaration when converting a module property declaration [in graphql-server-module-graphiql_v0.7.x from 3:2 to 11:3]\n    at compile (/Users/ryan/Documents/dev/ReasonablyTyped/lib/index.js:33:11)\n    at test (/Users/ryan/Documents/dev/ReasonablyTyped/src/__tests__/flow-typed.js:21:25)"],"status":"failed","title":"Library graphql-server-module-graphiql_v0.7.x"},{"failureMessages":["Error: Modulegen.ModulegenTypeError: Class types is not currently supported [in grommet_v1.1.0 from 17:27 to 17:32]\n    at compile (/Users/ryan/Documents/dev/ReasonablyTyped/lib/index.js:33:11)\n    at test (/Users/ryan/Documents/dev/ReasonablyTyped/src/__tests__/flow-typed.js:21:25)"],"status":"failed","title":"Library grommet_v1.1.0"},{"failureMessages":["Error: Modulegen.ModulegenTypeError: Unknown type when converting to Bucklescript type [in he_v1.x.x from 15:55 to 17:5]\n    at compile (/Users/ryan/Documents/dev/ReasonablyTyped/lib/index.js:33:11)\n    at test (/Users/ryan/Documents/dev/ReasonablyTyped/src/__tests__/flow-typed.js:21:25)"],"status":"failed","title":"Library he_v1.x.x"},{"failureMessages":["Error: Modulegen.ModulegenTypeError: Unknown type when converting to Bucklescript type [in highlight.js_v8.x.x from 47:31 to 47:53]\n    at compile (/Users/ryan/Documents/dev/ReasonablyTyped/lib/index.js:33:11)\n    at test (/Users/ryan/Documents/dev/ReasonablyTyped/src/__tests__/flow-typed.js:21:25)"],"status":"failed","title":"Library highlight.js_v8.x.x"},{"failureMessages":["Error: Modulegen.ModulegenTypeError: StringLiteral is not currently supported [in history_v1.x.x from 11:24 to 11:50]\n    at compile (/Users/ryan/Documents/dev/ReasonablyTyped/lib/index.js:33:11)\n    at test (/Users/ryan/Documents/dev/ReasonablyTyped/src/__tests__/flow-typed.js:21:25)"],"status":"failed","title":"Library history_v1.x.x"},{"failureMessages":["Error: Modulegen.ModulegenTypeError: NumberLiteral is not currently supported [in http-codes_v1.x.x from 3:14 to 3:17]\n    at compile (/Users/ryan/Documents/dev/ReasonablyTyped/lib/index.js:33:11)\n    at test (/Users/ryan/Documents/dev/ReasonablyTyped/src/__tests__/flow-typed.js:21:25)"],"status":"failed","title":"Library http-codes_v1.x.x"},{"failureMessages":["Error: Modulegen.ModulegenTypeError: CallProperty on Object types is not currently supported [in http-errors_v1.x.x from 12:4 to 12:66]\n    at compile (/Users/ryan/Documents/dev/ReasonablyTyped/lib/index.js:33:11)\n    at test (/Users/ryan/Documents/dev/ReasonablyTyped/src/__tests__/flow-typed.js:21:25)"],"status":"failed","title":"Library http-errors_v1.x.x"},{"failureMessages":["Error: Modulegen.ModulegenTypeError: Unknown type when converting to Bucklescript type [in i18next_v2.x.x from 53:34 to 53:41]\n    at compile (/Users/ryan/Documents/dev/ReasonablyTyped/lib/index.js:33:11)\n    at test (/Users/ryan/Documents/dev/ReasonablyTyped/src/__tests__/flow-typed.js:21:25)"],"status":"failed","title":"Library i18next_v2.x.x"},{"failureMessages":["Error: Modulegen.ModulegenTypeError: Unknown type when converting to Bucklescript type [in i18next_v2.x.x from 53:34 to 53:41]\n    at compile (/Users/ryan/Documents/dev/ReasonablyTyped/lib/index.js:33:11)\n    at test (/Users/ryan/Documents/dev/ReasonablyTyped/src/__tests__/flow-typed.js:21:25)"],"status":"failed","title":"Library i18next_v2.x.x"},{"failureMessages":["Error: Modulegen.ModulegenTypeError: StringLiteral is not currently supported [in ical-generator_v0.2.x from 2:29 to 2:81]\n    at compile (/Users/ryan/Documents/dev/ReasonablyTyped/lib/index.js:33:11)\n    at test (/Users/ryan/Documents/dev/ReasonablyTyped/src/__tests__/flow-typed.js:21:25)"],"status":"failed","title":"Library ical-generator_v0.2.x"},{"failureMessages":["Error: Modulegen.ModulegenTypeError: CallProperty on Object types is not currently supported [in imurmurhash_v0.1.x from 8:4 to 8:56]\n    at compile (/Users/ryan/Documents/dev/ReasonablyTyped/lib/index.js:33:11)\n    at test (/Users/ryan/Documents/dev/ReasonablyTyped/src/__tests__/flow-typed.js:21:25)"],"status":"failed","title":"Library imurmurhash_v0.1.x"},{"failureMessages":[],"status":"passed","title":"Library in-range_v1.x.x"},{"failureMessages":[],"status":"passed","title":"Library indent-string_v3.x.x"},{"failureMessages":["Error: Modulegen.ModulegenTypeError: Unknown type when converting to Bucklescript type [in inquirer_v2.x.x from 14:26 to 21:3]\n    at compile (/Users/ryan/Documents/dev/ReasonablyTyped/lib/index.js:33:11)\n    at test (/Users/ryan/Documents/dev/ReasonablyTyped/src/__tests__/flow-typed.js:21:25)"],"status":"failed","title":"Library inquirer_v2.x.x"},{"failureMessages":["Error: Modulegen.ModulegenTypeError: Unknown type when converting to Bucklescript type [in intl-messageformat_v1.x.x from 11:76 to 11:90]\n    at compile (/Users/ryan/Documents/dev/ReasonablyTyped/lib/index.js:33:11)\n    at test (/Users/ryan/Documents/dev/ReasonablyTyped/src/__tests__/flow-typed.js:21:25)"],"status":"failed","title":"Library intl-messageformat_v1.x.x"},{"failureMessages":[],"status":"passed","title":"Library is-absolute-url_v2.x.x"},{"failureMessages":[],"status":"passed","title":"Library is-archive_v1.x.x"},{"failureMessages":[],"status":"passed","title":"Library is-binary-path_v1.x.x"},{"failureMessages":[],"status":"passed","title":"Library is-compressed_v1.x.x"},{"failureMessages":[],"status":"passed","title":"Library is-finite_v1.x.x"},{"failureMessages":[],"status":"passed","title":"Library is-path-cwd_v1.x.x"},{"failureMessages":[],"status":"passed","title":"Library is-path-in-cwd_v1.x.x"},{"failureMessages":[],"status":"passed","title":"Library is-promise_v2.x.x"},{"failureMessages":[],"status":"passed","title":"Library is-relative-url_v2.x.x"},{"failureMessages":[],"status":"passed","title":"Library is-root_v1.x.x"},{"failureMessages":[],"status":"passed","title":"Library is-root-path_v1.x.x"},{"failureMessages":[],"status":"passed","title":"Library is-text-path_v1.x.x"},{"failureMessages":[],"status":"passed","title":"Library is-url_v1.x.x"},{"failureMessages":[],"status":"passed","title":"Library isemail_v2.2.x"},{"failureMessages":[],"status":"passed","title":"Library isomorphic-fetch_v2.x.x"},{"failureMessages":[],"status":"passed","title":"Library jasmine_v2.4.x"},{"failureMessages":["Error: Modulegen.ModulegenTypeError: CallProperty on Object types is not currently supported [in jest_v12.0.x from 2:2 to 2:28]\n    at compile (/Users/ryan/Documents/dev/ReasonablyTyped/lib/index.js:33:11)\n    at test (/Users/ryan/Documents/dev/ReasonablyTyped/src/__tests__/flow-typed.js:21:25)"],"status":"failed","title":"Library jest_v12.0.x"},{"failureMessages":["Error: Modulegen.ModulegenTypeError: CallProperty on Object types is not currently supported [in jest_v14.x.x from 5:2 to 5:28]\n    at compile (/Users/ryan/Documents/dev/ReasonablyTyped/lib/index.js:33:11)\n    at test (/Users/ryan/Documents/dev/ReasonablyTyped/src/__tests__/flow-typed.js:21:25)"],"status":"failed","title":"Library jest_v14.x.x"},{"failureMessages":["Error: Modulegen.ModulegenTypeError: CallProperty on Object types is not currently supported [in jest_v16.x.x from 2:2 to 2:28]\n    at compile (/Users/ryan/Documents/dev/ReasonablyTyped/lib/index.js:33:11)\n    at test (/Users/ryan/Documents/dev/ReasonablyTyped/src/__tests__/flow-typed.js:21:25)"],"status":"failed","title":"Library jest_v16.x.x"},{"failureMessages":["Error: Modulegen.ModulegenTypeError: CallProperty on Object types is not currently supported [in jest_v17.x.x from 2:2 to 2:28]\n    at compile (/Users/ryan/Documents/dev/ReasonablyTyped/lib/index.js:33:11)\n    at test (/Users/ryan/Documents/dev/ReasonablyTyped/src/__tests__/flow-typed.js:21:25)"],"status":"failed","title":"Library jest_v17.x.x"},{"failureMessages":["Error: Modulegen.ModulegenTypeError: CallProperty on Object types is not currently supported [in jest_v18.x.x from 2:2 to 2:28]\n    at compile (/Users/ryan/Documents/dev/ReasonablyTyped/lib/index.js:33:11)\n    at test (/Users/ryan/Documents/dev/ReasonablyTyped/src/__tests__/flow-typed.js:21:25)"],"status":"failed","title":"Library jest_v18.x.x"},{"failureMessages":["Error: Modulegen.ModulegenTypeError: CallProperty on Object types is not currently supported [in jest_v19.x.x from 2:2 to 2:28]\n    at compile (/Users/ryan/Documents/dev/ReasonablyTyped/lib/index.js:33:11)\n    at test (/Users/ryan/Documents/dev/ReasonablyTyped/src/__tests__/flow-typed.js:21:25)"],"status":"failed","title":"Library jest_v19.x.x"},{"failureMessages":["Error: Modulegen.ModulegenTypeError: CallProperty on Object types is not currently supported [in jest_v20.x.x from 2:2 to 2:28]\n    at compile (/Users/ryan/Documents/dev/ReasonablyTyped/lib/index.js:33:11)\n    at test (/Users/ryan/Documents/dev/ReasonablyTyped/src/__tests__/flow-typed.js:21:25)"],"status":"failed","title":"Library jest_v20.x.x"},{"failureMessages":["Error: Modulegen.ModulegenTypeError: Type parameters is not currently supported [in jquery_v3.x.x from 217:2 to 217:181]\n    at compile (/Users/ryan/Documents/dev/ReasonablyTyped/lib/index.js:33:11)\n    at test (/Users/ryan/Documents/dev/ReasonablyTyped/src/__tests__/flow-typed.js:21:25)"],"status":"failed","title":"Library jquery_v3.x.x"},{"failureMessages":["Error: Modulegen.ModulegenTypeError: StringLiteral is not currently supported [in js-beautify_v1.6.x from 15:18 to 22:29]\n    at compile (/Users/ryan/Documents/dev/ReasonablyTyped/lib/index.js:33:11)\n    at test (/Users/ryan/Documents/dev/ReasonablyTyped/src/__tests__/flow-typed.js:21:25)"],"status":"failed","title":"Library js-beautify_v1.6.x"},{"failureMessages":[],"status":"passed","title":"Library js-cookie_v2.x.x"},{"failureMessages":[],"status":"passed","title":"Library js-cookie_v2.x.x"},{"failureMessages":["Error: Modulegen.ModulegenTypeError: Unknown type when converting to Bucklescript type [in jsuri_v1.x.x from 3:24 to 3:31]\n    at compile (/Users/ryan/Documents/dev/ReasonablyTyped/lib/index.js:33:11)\n    at test (/Users/ryan/Documents/dev/ReasonablyTyped/src/__tests__/flow-typed.js:21:25)"],"status":"failed","title":"Library jsuri_v1.x.x"},{"failureMessages":["Error: Modulegen.ModulegenDeclError: Unknown declaration type when converting a module declaration [in kefir_v3.3.x from 9:0 to 255:1]\n    at compile (/Users/ryan/Documents/dev/ReasonablyTyped/lib/index.js:33:11)\n    at test (/Users/ryan/Documents/dev/ReasonablyTyped/src/__tests__/flow-typed.js:21:25)"],"status":"failed","title":"Library kefir_v3.3.x"},{"failureMessages":["Error: Modulegen.ModulegenDeclError: Unknown declaration type when converting a module declaration [in kefir_v3.x.x from 9:0 to 253:1]\n    at compile (/Users/ryan/Documents/dev/ReasonablyTyped/lib/index.js:33:11)\n    at test (/Users/ryan/Documents/dev/ReasonablyTyped/src/__tests__/flow-typed.js:21:25)"],"status":"failed","title":"Library kefir_v3.x.x"},{"failureMessages":["Error: Modulegen.ModulegenTypeError: Unknown type when converting to Bucklescript type [in knex_v0.12.x from 21:19 to 21:36]\n    at compile (/Users/ryan/Documents/dev/ReasonablyTyped/lib/index.js:33:11)\n    at test (/Users/ryan/Documents/dev/ReasonablyTyped/src/__tests__/flow-typed.js:21:25)"],"status":"failed","title":"Library knex_v0.12.x"},{"failureMessages":["Error: Modulegen.ModulegenTypeError: Indexer on Object types is not currently supported [in koa_v2.x.x from 24:4 to 24:25]\n    at compile (/Users/ryan/Documents/dev/ReasonablyTyped/lib/index.js:33:11)\n    at test (/Users/ryan/Documents/dev/ReasonablyTyped/src/__tests__/flow-typed.js:21:25)"],"status":"failed","title":"Library koa_v2.x.x"},{"failureMessages":["Error: Modulegen.ModulegenTypeError: Indexer on Object types is not currently supported [in koa_v2.x.x from 24:4 to 24:25]\n    at compile (/Users/ryan/Documents/dev/ReasonablyTyped/lib/index.js:33:11)\n    at test (/Users/ryan/Documents/dev/ReasonablyTyped/src/__tests__/flow-typed.js:21:25)"],"status":"failed","title":"Library koa_v2.x.x"},{"failureMessages":[],"status":"passed","title":"Library left-pad_v1.x.x"},{"failureMessages":[],"status":"passed","title":"Library lerna_v1.x.x"},{"failureMessages":[],"status":"passed","title":"Library leven_v2.x.x"},{"failureMessages":["Error: Modulegen.ModulegenTypeError: Unknown type when converting to Bucklescript type [in load-script_v1.x.x from 9:34 to 9:40]\n    at compile (/Users/ryan/Documents/dev/ReasonablyTyped/lib/index.js:33:11)\n    at test (/Users/ryan/Documents/dev/ReasonablyTyped/src/__tests__/flow-typed.js:21:25)"],"status":"failed","title":"Library load-script_v1.x.x"},{"failureMessages":["Error: Modulegen.ModulegenTypeError: Unknown type when converting to Bucklescript type [in lodash_v4.x.x from 49:62 to 49:71]\n    at compile (/Users/ryan/Documents/dev/ReasonablyTyped/lib/index.js:33:11)\n    at test (/Users/ryan/Documents/dev/ReasonablyTyped/src/__tests__/flow-typed.js:21:25)"],"status":"failed","title":"Library lodash_v4.x.x"},{"failureMessages":["Error: Modulegen.ModulegenTypeError: Unknown type when converting to Bucklescript type [in lodash_v4.x.x from 51:62 to 51:71]\n    at compile (/Users/ryan/Documents/dev/ReasonablyTyped/lib/index.js:33:11)\n    at test (/Users/ryan/Documents/dev/ReasonablyTyped/src/__tests__/flow-typed.js:21:25)"],"status":"failed","title":"Library lodash_v4.x.x"},{"failureMessages":[],"status":"passed","title":"Library log4js_v1.x.x"},{"failureMessages":["Error: Modulegen.ModulegenTypeError: StringLiteral is not currently supported [in loglevel_v1.x.x from 3:6 to 7:13]\n    at compile (/Users/ryan/Documents/dev/ReasonablyTyped/lib/index.js:33:11)\n    at test (/Users/ryan/Documents/dev/ReasonablyTyped/src/__tests__/flow-typed.js:21:25)"],"status":"failed","title":"Library loglevel_v1.x.x"},{"failureMessages":["Error: Modulegen.ModulegenTypeError: Type parameters is not currently supported [in lru-cache_v4.0.x from 22:21 to 22:71]\n    at compile (/Users/ryan/Documents/dev/ReasonablyTyped/lib/index.js:33:11)\n    at test (/Users/ryan/Documents/dev/ReasonablyTyped/src/__tests__/flow-typed.js:21:25)"],"status":"failed","title":"Library lru-cache_v4.0.x"},{"failureMessages":["Error: Modulegen.ModulegenTypeError: Type parameters is not currently supported [in map-obj_v1.x.x from 2:24 to 15:42]\n    at compile (/Users/ryan/Documents/dev/ReasonablyTyped/lib/index.js:33:11)\n    at test (/Users/ryan/Documents/dev/ReasonablyTyped/src/__tests__/flow-typed.js:21:25)"],"status":"failed","title":"Library map-obj_v1.x.x"},{"failureMessages":["Error: Modulegen.ModulegenTypeError: StringLiteral is not currently supported [in marked_v0.3.x from 1:24 to 1:51]\n    at compile (/Users/ryan/Documents/dev/ReasonablyTyped/lib/index.js:33:11)\n    at test (/Users/ryan/Documents/dev/ReasonablyTyped/src/__tests__/flow-typed.js:21:25)"],"status":"failed","title":"Library marked_v0.3.x"},{"failureMessages":["Error: Modulegen.ModulegenTypeError: StringLiteral is not currently supported [in marked-man_v0.1.x from 2:24 to 2:51]\n    at compile (/Users/ryan/Documents/dev/ReasonablyTyped/lib/index.js:33:11)\n    at test (/Users/ryan/Documents/dev/ReasonablyTyped/src/__tests__/flow-typed.js:21:25)"],"status":"failed","title":"Library marked-man_v0.1.x"},{"failureMessages":["Error: Modulegen.ModulegenTypeError: StringLiteral is not currently supported [in matchmedia_v0.x.x from 3:6 to 13:10]\n    at compile (/Users/ryan/Documents/dev/ReasonablyTyped/lib/index.js:33:11)\n    at test (/Users/ryan/Documents/dev/ReasonablyTyped/src/__tests__/flow-typed.js:21:25)"],"status":"failed","title":"Library matchmedia_v0.x.x"},{"failureMessages":[],"status":"passed","title":"Library meow_v3.x.x"},{"failureMessages":["Error: Modulegen.ModulegenTypeError: Typeof is not currently supported [in mersenne-twister_v1.x.x from 17:24 to 17:53]\n    at compile (/Users/ryan/Documents/dev/ReasonablyTyped/lib/index.js:33:11)\n    at test (/Users/ryan/Documents/dev/ReasonablyTyped/src/__tests__/flow-typed.js:21:25)"],"status":"failed","title":"Library mersenne-twister_v1.x.x"},{"failureMessages":["Error: Modulegen.ModulegenTypeError: Indexer on Object types is not currently supported [in minimist_v1.x.x from 15:4 to 15:36]\n    at compile (/Users/ryan/Documents/dev/ReasonablyTyped/lib/index.js:33:11)\n    at test (/Users/ryan/Documents/dev/ReasonablyTyped/src/__tests__/flow-typed.js:21:25)"],"status":"failed","title":"Library minimist_v1.x.x"},{"failureMessages":["Error: Modulegen.ModulegenTypeError: Typeof is not currently supported [in mixpanel_v0.6.x from 20:24 to 20:45]\n    at compile (/Users/ryan/Documents/dev/ReasonablyTyped/lib/index.js:33:11)\n    at test (/Users/ryan/Documents/dev/ReasonablyTyped/src/__tests__/flow-typed.js:21:25)"],"status":"failed","title":"Library mixpanel_v0.6.x"},{"failureMessages":[],"status":"passed","title":"Library mixpanel-browser_v2.11.x"},{"failureMessages":["Error: Modulegen.ModulegenTypeError: Unknown type when converting to Bucklescript type [in mkdirp_v0.5.x from 4:32 to 4:38]\n    at compile (/Users/ryan/Documents/dev/ReasonablyTyped/lib/index.js:33:11)\n    at test (/Users/ryan/Documents/dev/ReasonablyTyped/src/__tests__/flow-typed.js:21:25)"],"status":"failed","title":"Library mkdirp_v0.5.x"},{"failureMessages":["Error: Modulegen.ModulegenTypeError: StringLiteral is not currently supported [in mobile-detect_v1.x.x from 2:23 to 2:37]\n    at compile (/Users/ryan/Documents/dev/ReasonablyTyped/lib/index.js:33:11)\n    at test (/Users/ryan/Documents/dev/ReasonablyTyped/src/__tests__/flow-typed.js:21:25)"],"status":"failed","title":"Library mobile-detect_v1.x.x"},{"failureMessages":["Error: Modulegen.ModulegenTypeError: CallProperty on Object types is not currently supported [in mocha_v2.4.x from 4:4 to 4:40]\n    at compile (/Users/ryan/Documents/dev/ReasonablyTyped/lib/index.js:33:11)\n    at test (/Users/ryan/Documents/dev/ReasonablyTyped/src/__tests__/flow-typed.js:21:25)"],"status":"failed","title":"Library mocha_v2.4.x"},{"failureMessages":["Error: Modulegen.ModulegenTypeError: CallProperty on Object types is not currently supported [in mocha_v3.1.x from 4:4 to 4:40]\n    at compile (/Users/ryan/Documents/dev/ReasonablyTyped/lib/index.js:33:11)\n    at test (/Users/ryan/Documents/dev/ReasonablyTyped/src/__tests__/flow-typed.js:21:25)"],"status":"failed","title":"Library mocha_v3.1.x"},{"failureMessages":["Error: Modulegen.ModulegenTypeError: StringLiteral is not currently supported [in moment_v2.x.x from 66:16 to 66:78]\n    at compile (/Users/ryan/Documents/dev/ReasonablyTyped/lib/index.js:33:11)\n    at test (/Users/ryan/Documents/dev/ReasonablyTyped/src/__tests__/flow-typed.js:21:25)"],"status":"failed","title":"Library moment_v2.x.x"},{"failureMessages":["Error: Modulegen.ModulegenDeclError: Unknown declaration type when converting a module declaration [in mori_v0.3.x from 9:0 to 573:1]\n    at compile (/Users/ryan/Documents/dev/ReasonablyTyped/lib/index.js:33:11)\n    at test (/Users/ryan/Documents/dev/ReasonablyTyped/src/__tests__/flow-typed.js:21:25)"],"status":"failed","title":"Library mori_v0.3.x"},{"failureMessages":["Error: File \"\", line 10, characters 44-47:\n145: <UNKNOWN SYNTAX ERROR>\n    at compile (/Users/ryan/Documents/dev/ReasonablyTyped/lib/index.js:37:11)\n    at test (/Users/ryan/Documents/dev/ReasonablyTyped/src/__tests__/flow-typed.js:21:25)"],"status":"failed","title":"Library mousetrap_v1.x.x"},{"failureMessages":[],"status":"passed","title":"Library multi-typeof_v1.x.x"},{"failureMessages":["Error: Modulegen.ModulegenTypeError: Unknown type when converting to Bucklescript type [in mysql_v2.x.x from 21:42 to 21:48]\n    at compile (/Users/ryan/Documents/dev/ReasonablyTyped/lib/index.js:33:11)\n    at test (/Users/ryan/Documents/dev/ReasonablyTyped/src/__tests__/flow-typed.js:21:25)"],"status":"failed","title":"Library mysql_v2.x.x"},{"failureMessages":["Error: Modulegen.ModulegenStatementError: Unknown statement type when parsing libdef [in next_v2.x.x from 21:2 to 21:39]\n    at compile (/Users/ryan/Documents/dev/ReasonablyTyped/lib/index.js:33:11)\n    at test (/Users/ryan/Documents/dev/ReasonablyTyped/src/__tests__/flow-typed.js:21:25)"],"status":"failed","title":"Library next_v2.x.x"},{"failureMessages":["Error: Modulegen.ModulegenStatementError: Unknown statement type when parsing libdef [in nock_v9.x.x from 1:0 to 1:40]\n    at compile (/Users/ryan/Documents/dev/ReasonablyTyped/lib/index.js:33:11)\n    at test (/Users/ryan/Documents/dev/ReasonablyTyped/src/__tests__/flow-typed.js:21:25)"],"status":"failed","title":"Library nock_v9.x.x"},{"failureMessages":["Error: Modulegen.ModulegenTypeError: Unknown type when converting to Bucklescript type [in node-hid_v0.x.x from 18:48 to 18:55]\n    at compile (/Users/ryan/Documents/dev/ReasonablyTyped/lib/index.js:33:11)\n    at test (/Users/ryan/Documents/dev/ReasonablyTyped/src/__tests__/flow-typed.js:21:25)"],"status":"failed","title":"Library node-hid_v0.x.x"},{"failureMessages":["Error: Modulegen.ModulegenTypeError: Typeof is not currently supported [in node-int64_v0.4.x from 19:24 to 19:38]\n    at compile (/Users/ryan/Documents/dev/ReasonablyTyped/lib/index.js:33:11)\n    at test (/Users/ryan/Documents/dev/ReasonablyTyped/src/__tests__/flow-typed.js:21:25)"],"status":"failed","title":"Library node-int64_v0.4.x"},{"failureMessages":["Error: Modulegen.ModulegenDeclError: Unknown declaration when converting a module property declaration [in node-uuid_v1.4.x from 22:2 to 22:30]\n    at compile (/Users/ryan/Documents/dev/ReasonablyTyped/lib/index.js:33:11)\n    at test (/Users/ryan/Documents/dev/ReasonablyTyped/src/__tests__/flow-typed.js:21:25)"],"status":"failed","title":"Library node-uuid_v1.4.x"},{"failureMessages":[],"status":"passed","title":"Library normalizr_v2.x.x"},{"failureMessages":["Error: Modulegen.ModulegenTypeError: CallProperty on Object types is not currently supported [in notifyjs_v1.x.x from 17:4 to 17:60]\n    at compile (/Users/ryan/Documents/dev/ReasonablyTyped/lib/index.js:33:11)\n    at test (/Users/ryan/Documents/dev/ReasonablyTyped/src/__tests__/flow-typed.js:21:25)"],"status":"failed","title":"Library notifyjs_v1.x.x"},{"failureMessages":[],"status":"passed","title":"Library number-is-nan_v1.x.x"},{"failureMessages":[],"status":"passed","title":"Library object-assign_v4.x.x"},{"failureMessages":[],"status":"passed","title":"Library os-homedir_v1.x.x"},{"failureMessages":[],"status":"passed","title":"Library os-tmpdir_v1.x.x"},{"failureMessages":["Error: Modulegen.ModulegenTypeError: CallProperty on Object types is not currently supported [in out_v1.x.x from 3:4 to 3:50]\n    at compile (/Users/ryan/Documents/dev/ReasonablyTyped/lib/index.js:33:11)\n    at test (/Users/ryan/Documents/dev/ReasonablyTyped/src/__tests__/flow-typed.js:21:25)"],"status":"failed","title":"Library out_v1.x.x"},{"failureMessages":["Error: Modulegen.ModulegenTypeError: Unknown type when converting to Bucklescript type [in pad_v1.x.x from 11:19 to 11:26]\n    at compile (/Users/ryan/Documents/dev/ReasonablyTyped/lib/index.js:33:11)\n    at test (/Users/ryan/Documents/dev/ReasonablyTyped/src/__tests__/flow-typed.js:21:25)"],"status":"failed","title":"Library pad_v1.x.x"},{"failureMessages":["Error: Modulegen.ModulegenTypeError: Typeof is not currently supported [in papaparse_v4.x.x from 81:26 to 81:39]\n    at compile (/Users/ryan/Documents/dev/ReasonablyTyped/lib/index.js:33:11)\n    at test (/Users/ryan/Documents/dev/ReasonablyTyped/src/__tests__/flow-typed.js:21:25)"],"status":"failed","title":"Library papaparse_v4.x.x"},{"failureMessages":["Error: Modulegen.ModulegenTypeError: Unknown type when converting to Bucklescript type [in parse_v1.9.x from 14:51 to 14:58]\n    at compile (/Users/ryan/Documents/dev/ReasonablyTyped/lib/index.js:33:11)\n    at test (/Users/ryan/Documents/dev/ReasonablyTyped/src/__tests__/flow-typed.js:21:25)"],"status":"failed","title":"Library parse_v1.9.x"},{"failureMessages":["Error: Modulegen.ModulegenTypeError: CallProperty on Object types is not currently supported [in path-exists_v3.x.x from 3:4 to 3:40]\n    at compile (/Users/ryan/Documents/dev/ReasonablyTyped/lib/index.js:33:11)\n    at test (/Users/ryan/Documents/dev/ReasonablyTyped/src/__tests__/flow-typed.js:21:25)"],"status":"failed","title":"Library path-exists_v3.x.x"},{"failureMessages":["Error: Modulegen.ModulegenTypeError: CallProperty on Object types is not currently supported [in path-is-absolute_v1.x.x from 3:4 to 3:31]\n    at compile (/Users/ryan/Documents/dev/ReasonablyTyped/lib/index.js:33:11)\n    at test (/Users/ryan/Documents/dev/ReasonablyTyped/src/__tests__/flow-typed.js:21:25)"],"status":"failed","title":"Library path-is-absolute_v1.x.x"},{"failureMessages":["Error: Modulegen.ModulegenTypeError: Typeof is not currently supported [in paths-js_v0.4.x from 149:10 to 149:21]\n    at compile (/Users/ryan/Documents/dev/ReasonablyTyped/lib/index.js:33:11)\n    at test (/Users/ryan/Documents/dev/ReasonablyTyped/src/__tests__/flow-typed.js:21:25)"],"status":"failed","title":"Library paths-js_v0.4.x"},{"failureMessages":["Error: Modulegen.ModulegenDeclError: Unknown declaration type when converting a module declaration [in pg_v6.x.x from 1:0 to 290:1]\n    at compile (/Users/ryan/Documents/dev/ReasonablyTyped/lib/index.js:33:11)\n    at test (/Users/ryan/Documents/dev/ReasonablyTyped/src/__tests__/flow-typed.js:21:25)"],"status":"failed","title":"Library pg_v6.x.x"},{"failureMessages":["Error: Modulegen.ModulegenTypeError: Unknown type when converting to Bucklescript type [in platform_v1.x.x from 5:17 to 5:24]\n    at compile (/Users/ryan/Documents/dev/ReasonablyTyped/lib/index.js:33:11)\n    at test (/Users/ryan/Documents/dev/ReasonablyTyped/src/__tests__/flow-typed.js:21:25)"],"status":"failed","title":"Library platform_v1.x.x"},{"failureMessages":["Error: Modulegen.ModulegenTypeError: CallProperty on Object types is not currently supported [in pluralize_v1.x.x from 3:4 to 3:63]\n    at compile (/Users/ryan/Documents/dev/ReasonablyTyped/lib/index.js:33:11)\n    at test (/Users/ryan/Documents/dev/ReasonablyTyped/src/__tests__/flow-typed.js:21:25)"],"status":"failed","title":"Library pluralize_v1.x.x"},{"failureMessages":["Error: Modulegen.ModulegenTypeError: CallProperty on Object types is not currently supported [in pluralize_v2.x.x from 3:4 to 3:63]\n    at compile (/Users/ryan/Documents/dev/ReasonablyTyped/lib/index.js:33:11)\n    at test (/Users/ryan/Documents/dev/ReasonablyTyped/src/__tests__/flow-typed.js:21:25)"],"status":"failed","title":"Library pluralize_v2.x.x"},{"failureMessages":["Error: Modulegen.ModulegenTypeError: CallProperty on Object types is not currently supported [in pluralize_v3.x.x from 3:4 to 3:63]\n    at compile (/Users/ryan/Documents/dev/ReasonablyTyped/lib/index.js:33:11)\n    at test (/Users/ryan/Documents/dev/ReasonablyTyped/src/__tests__/flow-typed.js:21:25)"],"status":"failed","title":"Library pluralize_v3.x.x"},{"failureMessages":["Error: Modulegen.ModulegenTypeError: Class types is not currently supported [in pretty-error_v2.x.x from 15:23 to 15:28]\n    at compile (/Users/ryan/Documents/dev/ReasonablyTyped/lib/index.js:33:11)\n    at test (/Users/ryan/Documents/dev/ReasonablyTyped/src/__tests__/flow-typed.js:21:25)"],"status":"failed","title":"Library pretty-error_v2.x.x"},{"failureMessages":["Error: Modulegen.ModulegenStatementError: Unknown statement type when parsing libdef [in primus_v5.x.x from 1:0 to 1:24]\n    at compile (/Users/ryan/Documents/dev/ReasonablyTyped/lib/index.js:33:11)\n    at test (/Users/ryan/Documents/dev/ReasonablyTyped/src/__tests__/flow-typed.js:21:25)"],"status":"failed","title":"Library primus_v5.x.x"},{"failureMessages":["Error: Modulegen.ModulegenStatementError: Unknown statement type when parsing libdef [in primus_v6.x.x from 1:0 to 1:24]\n    at compile (/Users/ryan/Documents/dev/ReasonablyTyped/lib/index.js:33:11)\n    at test (/Users/ryan/Documents/dev/ReasonablyTyped/src/__tests__/flow-typed.js:21:25)"],"status":"failed","title":"Library primus_v6.x.x"},{"failureMessages":["Error: Modulegen.ModulegenTypeError: StringLiteral is not currently supported [in prismic.io_v3.x.x from 5:6 to 11:14]\n    at compile (/Users/ryan/Documents/dev/ReasonablyTyped/lib/index.js:33:11)\n    at test (/Users/ryan/Documents/dev/ReasonablyTyped/src/__tests__/flow-typed.js:21:25)"],"status":"failed","title":"Library prismic.io_v3.x.x"},{"failureMessages":["Error: Modulegen.ModulegenTypeError: Unknown type when converting to Bucklescript type [in prop-types_v15.x.x from 5:20 to 5:26]\n    at compile (/Users/ryan/Documents/dev/ReasonablyTyped/lib/index.js:33:11)\n    at test (/Users/ryan/Documents/dev/ReasonablyTyped/src/__tests__/flow-typed.js:21:25)"],"status":"failed","title":"Library prop-types_v15.x.x"},{"failureMessages":["Error: Modulegen.ModulegenTypeError: Unknown type when converting to Bucklescript type [in radium_v0.17.x from 5:22 to 5:29]\n    at compile (/Users/ryan/Documents/dev/ReasonablyTyped/lib/index.js:33:11)\n    at test (/Users/ryan/Documents/dev/ReasonablyTyped/src/__tests__/flow-typed.js:21:25)"],"status":"failed","title":"Library radium_v0.17.x"},{"failureMessages":["Error: Modulegen.ModulegenTypeError: Unknown type when converting to Bucklescript type [in radium_v0.19.x from 5:22 to 5:29]\n    at compile (/Users/ryan/Documents/dev/ReasonablyTyped/lib/index.js:33:11)\n    at test (/Users/ryan/Documents/dev/ReasonablyTyped/src/__tests__/flow-typed.js:21:25)"],"status":"failed","title":"Library radium_v0.19.x"},{"failureMessages":["Error: Modulegen.ModulegenTypeError: Type parameters is not currently supported [in ramda_v0.x.x from 4:23 to 4:45]\n    at compile (/Users/ryan/Documents/dev/ReasonablyTyped/lib/index.js:33:11)\n    at test (/Users/ryan/Documents/dev/ReasonablyTyped/src/__tests__/flow-typed.js:21:25)"],"status":"failed","title":"Library ramda_v0.x.x"},{"failureMessages":["Error: Modulegen.ModulegenTypeError: Type parameters is not currently supported [in ramda_v0.x.x from 4:23 to 4:45]\n    at compile (/Users/ryan/Documents/dev/ReasonablyTyped/lib/index.js:33:11)\n    at test (/Users/ryan/Documents/dev/ReasonablyTyped/src/__tests__/flow-typed.js:21:25)"],"status":"failed","title":"Library ramda_v0.x.x"},{"failureMessages":["Error: Modulegen.ModulegenTypeError: Type parameters is not currently supported [in ramda_v0.x.x from 4:23 to 4:45]\n    at compile (/Users/ryan/Documents/dev/ReasonablyTyped/lib/index.js:33:11)\n    at test (/Users/ryan/Documents/dev/ReasonablyTyped/src/__tests__/flow-typed.js:21:25)"],"status":"failed","title":"Library ramda_v0.x.x"},{"failureMessages":["Error: Modulegen.ModulegenTypeError: Type parameters is not currently supported [in ramda_v0.x.x from 4:23 to 4:45]\n    at compile (/Users/ryan/Documents/dev/ReasonablyTyped/lib/index.js:33:11)\n    at test (/Users/ryan/Documents/dev/ReasonablyTyped/src/__tests__/flow-typed.js:21:25)"],"status":"failed","title":"Library ramda_v0.x.x"},{"failureMessages":["Error: Modulegen.ModulegenTypeError: CallProperty on Object types is not currently supported [in random-js_v1.x.x from 18:4 to 18:36]\n    at compile (/Users/ryan/Documents/dev/ReasonablyTyped/lib/index.js:33:11)\n    at test (/Users/ryan/Documents/dev/ReasonablyTyped/src/__tests__/flow-typed.js:21:25)"],"status":"failed","title":"Library random-js_v1.x.x"},{"failureMessages":["Error: Modulegen.ModulegenTypeError: Typeof is not currently supported [in raven_v0.12.x from 21:12 to 21:24]\n    at compile (/Users/ryan/Documents/dev/ReasonablyTyped/lib/index.js:33:11)\n    at test (/Users/ryan/Documents/dev/ReasonablyTyped/src/__tests__/flow-typed.js:21:25)"],"status":"failed","title":"Library raven_v0.12.x"},{"failureMessages":["Error: Modulegen.ModulegenTypeError: Class types is not currently supported [in react-addons-css-transition-group_v15.x.x from 28:26 to 28:31]\n    at compile (/Users/ryan/Documents/dev/ReasonablyTyped/lib/index.js:33:11)\n    at test (/Users/ryan/Documents/dev/ReasonablyTyped/src/__tests__/flow-typed.js:21:25)"],"status":"failed","title":"Library react-addons-css-transition-group_v15.x.x"},{"failureMessages":[],"status":"passed","title":"Library react-addons-perf_v15.x.x"},{"failureMessages":["Error: Modulegen.ModulegenTypeError: Unknown type when converting to Bucklescript type [in react-addons-test-utils_v15.x.x from 15:111 to 15:119]\n    at compile (/Users/ryan/Documents/dev/ReasonablyTyped/lib/index.js:33:11)\n    at test (/Users/ryan/Documents/dev/ReasonablyTyped/src/__tests__/flow-typed.js:21:25)"],"status":"failed","title":"Library react-addons-test-utils_v15.x.x"},{"failureMessages":["Error: Modulegen.ModulegenTypeError: Typeof is not currently supported [in react-body-classname_v1.x.x from 9:21 to 9:43]\n    at compile (/Users/ryan/Documents/dev/ReasonablyTyped/lib/index.js:33:11)\n    at test (/Users/ryan/Documents/dev/ReasonablyTyped/src/__tests__/flow-typed.js:21:25)"],"status":"failed","title":"Library react-body-classname_v1.x.x"},{"failureMessages":["Error: Modulegen.ModulegenTypeError: Type parameters is not currently supported [in react-css-modules_v3.x.x from 4:26 to 11:58]\n    at compile (/Users/ryan/Documents/dev/ReasonablyTyped/lib/index.js:33:11)\n    at test (/Users/ryan/Documents/dev/ReasonablyTyped/src/__tests__/flow-typed.js:21:25)"],"status":"failed","title":"Library react-css-modules_v3.x.x"},{"failureMessages":["Error: Modulegen.ModulegenTypeError: Class types is not currently supported [in react-dnd_v2.x.x from 24:29 to 24:34]\n    at compile (/Users/ryan/Documents/dev/ReasonablyTyped/lib/index.js:33:11)\n    at test (/Users/ryan/Documents/dev/ReasonablyTyped/src/__tests__/flow-typed.js:21:25)"],"status":"failed","title":"Library react-dnd_v2.x.x"},{"failureMessages":["Error: Modulegen.ModulegenTypeError: StringLiteral is not currently supported [in react-dnd-html5-backend_v2.1.x from 2:46 to 2:63]\n    at compile (/Users/ryan/Documents/dev/ReasonablyTyped/lib/index.js:33:11)\n    at test (/Users/ryan/Documents/dev/ReasonablyTyped/src/__tests__/flow-typed.js:21:25)"],"status":"failed","title":"Library react-dnd-html5-backend_v2.1.x"},{"failureMessages":["Error: Modulegen.ModulegenDeclError: Unknown declaration when converting a module property declaration [in react-flip-move_v2.9.x from 2:2 to 4:4]\n    at compile (/Users/ryan/Documents/dev/ReasonablyTyped/lib/index.js:33:11)\n    at test (/Users/ryan/Documents/dev/ReasonablyTyped/src/__tests__/flow-typed.js:21:25)"],"status":"failed","title":"Library react-flip-move_v2.9.x"},{"failureMessages":["Error: Modulegen.ModulegenTypeError: Typeof is not currently supported [in react-helmet_v3.x.x from 33:21 to 33:36]\n    at compile (/Users/ryan/Documents/dev/ReasonablyTyped/lib/index.js:33:11)\n    at test (/Users/ryan/Documents/dev/ReasonablyTyped/src/__tests__/flow-typed.js:21:25)"],"status":"failed","title":"Library react-helmet_v3.x.x"},{"failureMessages":["Error: Modulegen.ModulegenTypeError: Typeof is not currently supported [in react-highlight-words_v0.4.x from 13:21 to 13:51]\n    at compile (/Users/ryan/Documents/dev/ReasonablyTyped/lib/index.js:33:11)\n    at test (/Users/ryan/Documents/dev/ReasonablyTyped/src/__tests__/flow-typed.js:21:25)"],"status":"failed","title":"Library react-highlight-words_v0.4.x"},{"failureMessages":["Error: Modulegen.ModulegenTypeError: Unknown type when converting to Bucklescript type [in react-i18next_v1.10.x from 2:34 to 2:41]\n    at compile (/Users/ryan/Documents/dev/ReasonablyTyped/lib/index.js:33:11)\n    at test (/Users/ryan/Documents/dev/ReasonablyTyped/src/__tests__/flow-typed.js:21:25)"],"status":"failed","title":"Library react-i18next_v1.10.x"},{"failureMessages":["Error: Modulegen.ModulegenTypeError: Unknown type when converting to Bucklescript type [in react-i18next_v2.x.x from 2:34 to 2:41]\n    at compile (/Users/ryan/Documents/dev/ReasonablyTyped/lib/index.js:33:11)\n    at test (/Users/ryan/Documents/dev/ReasonablyTyped/src/__tests__/flow-typed.js:21:25)"],"status":"failed","title":"Library react-i18next_v2.x.x"},{"failureMessages":["Error: Modulegen.ModulegenStatementError: Unknown statement type when parsing libdef [in react-joyride_v1.x.x from 1:0 to 1:26]\n    at compile (/Users/ryan/Documents/dev/ReasonablyTyped/lib/index.js:33:11)\n    at test (/Users/ryan/Documents/dev/ReasonablyTyped/src/__tests__/flow-typed.js:21:25)"],"status":"failed","title":"Library react-joyride_v1.x.x"},{"failureMessages":["Error: Modulegen.ModulegenStatementError: Unknown statement type when parsing libdef [in react-mixpanel_v0.0.x from 1:0 to 1:45]\n    at compile (/Users/ryan/Documents/dev/ReasonablyTyped/lib/index.js:33:11)\n    at test (/Users/ryan/Documents/dev/ReasonablyTyped/src/__tests__/flow-typed.js:21:25)"],"status":"failed","title":"Library react-mixpanel_v0.0.x"},{"failureMessages":["Error: Modulegen.ModulegenTypeError: Typeof is not currently supported [in react-modal_v1.x.x from 26:21 to 26:35]\n    at compile (/Users/ryan/Documents/dev/ReasonablyTyped/lib/index.js:33:11)\n    at test (/Users/ryan/Documents/dev/ReasonablyTyped/src/__tests__/flow-typed.js:21:25)"],"status":"failed","title":"Library react-modal_v1.x.x"},{"failureMessages":[],"status":"passed","title":"Library react-native-audio-toolkit_v1.x.x"},{"failureMessages":["Error: Modulegen.ModulegenTypeError: StringLiteral is not currently supported [in react-recaptcha_v2.x.x from 8:20 to 8:27]\n    at compile (/Users/ryan/Documents/dev/ReasonablyTyped/lib/index.js:33:11)\n    at test (/Users/ryan/Documents/dev/ReasonablyTyped/src/__tests__/flow-typed.js:21:25)"],"status":"failed","title":"Library react-recaptcha_v2.x.x"},{"failureMessages":["Error: Modulegen.ModulegenStatementError: Unknown statement type when parsing libdef [in react-redux_v4.x.x from 1:0 to 1:44]\n    at compile (/Users/ryan/Documents/dev/ReasonablyTyped/lib/index.js:33:11)\n    at test (/Users/ryan/Documents/dev/ReasonablyTyped/src/__tests__/flow-typed.js:21:25)"],"status":"failed","title":"Library react-redux_v4.x.x"},{"failureMessages":["Error: Modulegen.ModulegenStatementError: Unknown statement type when parsing libdef [in react-redux_v5.x.x from 1:0 to 1:44]\n    at compile (/Users/ryan/Documents/dev/ReasonablyTyped/lib/index.js:33:11)\n    at test (/Users/ryan/Documents/dev/ReasonablyTyped/src/__tests__/flow-typed.js:21:25)"],"status":"failed","title":"Library react-redux_v5.x.x"},{"failureMessages":["Error: Modulegen.ModulegenDeclError: Unknown declaration when converting a module property declaration [in react-router_v4.x.x from 5:2 to 11:3]\n    at compile (/Users/ryan/Documents/dev/ReasonablyTyped/lib/index.js:33:11)\n    at test (/Users/ryan/Documents/dev/ReasonablyTyped/src/__tests__/flow-typed.js:21:25)"],"status":"failed","title":"Library react-router_v4.x.x"},{"failureMessages":["Error: Modulegen.ModulegenTypeError: StringLiteral is not currently supported [in react-router-dom_v4.x.x from 16:17 to 16:49]\n    at compile (/Users/ryan/Documents/dev/ReasonablyTyped/lib/index.js:33:11)\n    at test (/Users/ryan/Documents/dev/ReasonablyTyped/src/__tests__/flow-typed.js:21:25)"],"status":"failed","title":"Library react-router-dom_v4.x.x"},{"failureMessages":["Error: Modulegen.ModulegenDeclError: Unknown declaration when converting a module property declaration [in react-router-native_v4.x.x from 2:2 to 3:69]\n    at compile (/Users/ryan/Documents/dev/ReasonablyTyped/lib/index.js:33:11)\n    at test (/Users/ryan/Documents/dev/ReasonablyTyped/src/__tests__/flow-typed.js:21:25)"],"status":"failed","title":"Library react-router-native_v4.x.x"},{"failureMessages":["Error: Modulegen.ModulegenTypeError: CallProperty on Object types is not currently supported [in react-scripts_v0.7.x from 2:2 to 2:28]\n    at compile (/Users/ryan/Documents/dev/ReasonablyTyped/lib/index.js:33:11)\n    at test (/Users/ryan/Documents/dev/ReasonablyTyped/src/__tests__/flow-typed.js:21:25)"],"status":"failed","title":"Library react-scripts_v0.7.x"},{"failureMessages":["Error: Modulegen.ModulegenDeclError: Unknown declaration when converting a module property declaration [in react-sound_v0.5.x from 2:2 to 2:68]\n    at compile (/Users/ryan/Documents/dev/ReasonablyTyped/lib/index.js:33:11)\n    at test (/Users/ryan/Documents/dev/ReasonablyTyped/src/__tests__/flow-typed.js:21:25)"],"status":"failed","title":"Library react-sound_v0.5.x"},{"failureMessages":["Error: Modulegen.ModulegenTypeError: Unknown type when converting to Bucklescript type [in redux_v3.x.x from 17:73 to 17:79]\n    at compile (/Users/ryan/Documents/dev/ReasonablyTyped/lib/index.js:33:11)\n    at test (/Users/ryan/Documents/dev/ReasonablyTyped/src/__tests__/flow-typed.js:21:25)"],"status":"failed","title":"Library redux_v3.x.x"},{"failureMessages":["Error: Modulegen.ModulegenTypeError: CallProperty on Object types is not currently supported [in redux_v3.x.x from 32:4 to 32:73]\n    at compile (/Users/ryan/Documents/dev/ReasonablyTyped/lib/index.js:33:11)\n    at test (/Users/ryan/Documents/dev/ReasonablyTyped/src/__tests__/flow-typed.js:21:25)"],"status":"failed","title":"Library redux_v3.x.x"},{"failureMessages":["Error: Modulegen.ModulegenTypeError: Unknown type when converting to Bucklescript type [in redux_v3.x.x from 27:47 to 27:61]\n    at compile (/Users/ryan/Documents/dev/ReasonablyTyped/lib/index.js:33:11)\n    at test (/Users/ryan/Documents/dev/ReasonablyTyped/src/__tests__/flow-typed.js:21:25)"],"status":"failed","title":"Library redux_v3.x.x"},{"failureMessages":[],"status":"passed","title":"Library redux-actions_v0.9.x"},{"failureMessages":["Error: Modulegen.ModulegenStatementError: Unknown statement type when parsing libdef [in redux-form_v5.x.x from 1:0 to 1:26]\n    at compile (/Users/ryan/Documents/dev/ReasonablyTyped/lib/index.js:33:11)\n    at test (/Users/ryan/Documents/dev/ReasonablyTyped/src/__tests__/flow-typed.js:21:25)"],"status":"failed","title":"Library redux-form_v5.x.x"},{"failureMessages":["Error: Modulegen.ModulegenTypeError: Type parameters is not currently supported [in redux-loop_v2.2.x from 6:34 to 6:78]\n    at compile (/Users/ryan/Documents/dev/ReasonablyTyped/lib/index.js:33:11)\n    at test (/Users/ryan/Documents/dev/ReasonablyTyped/src/__tests__/flow-typed.js:21:25)"],"status":"failed","title":"Library redux-loop_v2.2.x"},{"failureMessages":["Error: Modulegen.ModulegenTypeError: Unknown type when converting to Bucklescript type [in redux-mock-store_v1.2.x from 4:29 to 4:45]\n    at compile (/Users/ryan/Documents/dev/ReasonablyTyped/lib/index.js:33:11)\n    at test (/Users/ryan/Documents/dev/ReasonablyTyped/src/__tests__/flow-typed.js:21:25)"],"status":"failed","title":"Library redux-mock-store_v1.2.x"},{"failureMessages":["Error: Modulegen.ModulegenTypeError: BooleanLiteral is not currently supported [in redux-saga_v0.11.x from 14:23 to 14:27]\n    at compile (/Users/ryan/Documents/dev/ReasonablyTyped/lib/index.js:33:11)\n    at test (/Users/ryan/Documents/dev/ReasonablyTyped/src/__tests__/flow-typed.js:21:25)"],"status":"failed","title":"Library redux-saga_v0.11.x"},{"failureMessages":["Error: Modulegen.ModulegenTypeError: BooleanLiteral is not currently supported [in redux-saga_v0.11.x from 14:23 to 14:27]\n    at compile (/Users/ryan/Documents/dev/ReasonablyTyped/lib/index.js:33:11)\n    at test (/Users/ryan/Documents/dev/ReasonablyTyped/src/__tests__/flow-typed.js:21:25)"],"status":"failed","title":"Library redux-saga_v0.11.x"},{"failureMessages":["Error: Modulegen.ModulegenTypeError: BooleanLiteral is not currently supported [in redux-saga_v0.13.x from 14:23 to 14:27]\n    at compile (/Users/ryan/Documents/dev/ReasonablyTyped/lib/index.js:33:11)\n    at test (/Users/ryan/Documents/dev/ReasonablyTyped/src/__tests__/flow-typed.js:21:25)"],"status":"failed","title":"Library redux-saga_v0.13.x"},{"failureMessages":["Error: Modulegen.ModulegenTypeError: BooleanLiteral is not currently supported [in redux-saga_v0.13.x from 14:23 to 14:27]\n    at compile (/Users/ryan/Documents/dev/ReasonablyTyped/lib/index.js:33:11)\n    at test (/Users/ryan/Documents/dev/ReasonablyTyped/src/__tests__/flow-typed.js:21:25)"],"status":"failed","title":"Library redux-saga_v0.13.x"},{"failureMessages":["Error: Modulegen.ModulegenTypeError: StringLiteral is not currently supported [in remarkable_v1.x.x from 26:36 to 26:97]\n    at compile (/Users/ryan/Documents/dev/ReasonablyTyped/lib/index.js:33:11)\n    at test (/Users/ryan/Documents/dev/ReasonablyTyped/src/__tests__/flow-typed.js:21:25)"],"status":"failed","title":"Library remarkable_v1.x.x"},{"failureMessages":["Error: Modulegen.ModulegenTypeError: CallProperty on Object types is not currently supported [in reselect_v2.x.x from 2:4 to 2:59]\n    at compile (/Users/ryan/Documents/dev/ReasonablyTyped/lib/index.js:33:11)\n    at test (/Users/ryan/Documents/dev/ReasonablyTyped/src/__tests__/flow-typed.js:21:25)"],"status":"failed","title":"Library reselect_v2.x.x"},{"failureMessages":["Error: Modulegen.ModulegenTypeError: CallProperty on Object types is not currently supported [in reselect_v3.x.x from 3:6 to 3:61]\n    at compile (/Users/ryan/Documents/dev/ReasonablyTyped/lib/index.js:33:11)\n    at test (/Users/ryan/Documents/dev/ReasonablyTyped/src/__tests__/flow-typed.js:21:25)"],"status":"failed","title":"Library reselect_v3.x.x"},{"failureMessages":["Error: Modulegen.ModulegenDeclError: Unknown declaration when converting a module property declaration [in rivets_v0.9.x from 71:2 to 71:32]\n    at compile (/Users/ryan/Documents/dev/ReasonablyTyped/lib/index.js:33:11)\n    at test (/Users/ryan/Documents/dev/ReasonablyTyped/src/__tests__/flow-typed.js:21:25)"],"status":"failed","title":"Library rivets_v0.9.x"},{"failureMessages":["Error: Modulegen.ModulegenStatementError: Generic Intefaces is not currently supported [in rxjs_v5.0.x from 4:0 to 8:1]\n    at compile (/Users/ryan/Documents/dev/ReasonablyTyped/lib/index.js:33:11)\n    at test (/Users/ryan/Documents/dev/ReasonablyTyped/src/__tests__/flow-typed.js:21:25)"],"status":"failed","title":"Library rxjs_v5.0.x"},{"failureMessages":["Error: Modulegen.ModulegenStatementError: Generic Intefaces is not currently supported [in rxjs_v5.0.x from 4:0 to 8:1]\n    at compile (/Users/ryan/Documents/dev/ReasonablyTyped/lib/index.js:33:11)\n    at test (/Users/ryan/Documents/dev/ReasonablyTyped/src/__tests__/flow-typed.js:21:25)"],"status":"failed","title":"Library rxjs_v5.0.x"},{"failureMessages":["Error: Modulegen.ModulegenDeclError: Unknown declaration when converting a module property declaration [in s3-uploader_v2.0.x from 2:2 to 8:4]\n    at compile (/Users/ryan/Documents/dev/ReasonablyTyped/lib/index.js:33:11)\n    at test (/Users/ryan/Documents/dev/ReasonablyTyped/src/__tests__/flow-typed.js:21:25)"],"status":"failed","title":"Library s3-uploader_v2.0.x"},{"failureMessages":[],"status":"passed","title":"Library safe-regex_v1.x.x"},{"failureMessages":["Error: Modulegen.ModulegenTypeError: BooleanLiteral is not currently supported [in sanitize-html_v1.x.x from 9:32 to 9:37]\n    at compile (/Users/ryan/Documents/dev/ReasonablyTyped/lib/index.js:33:11)\n    at test (/Users/ryan/Documents/dev/ReasonablyTyped/src/__tests__/flow-typed.js:21:25)"],"status":"failed","title":"Library sanitize-html_v1.x.x"},{"failureMessages":["Error: Modulegen.ModulegenTypeError: Unknown type when converting to Bucklescript type [in selenium-webdriver_v3.x.x from 80:79 to 80:86]\n    at compile (/Users/ryan/Documents/dev/ReasonablyTyped/lib/index.js:33:11)\n    at test (/Users/ryan/Documents/dev/ReasonablyTyped/src/__tests__/flow-typed.js:21:25)"],"status":"failed","title":"Library selenium-webdriver_v3.x.x"},{"failureMessages":["Error: Modulegen.ModulegenTypeError: StringLiteral is not currently supported [in semver_v5.1.x from 6:4 to 12:16]\n    at compile (/Users/ryan/Documents/dev/ReasonablyTyped/lib/index.js:33:11)\n    at test (/Users/ryan/Documents/dev/ReasonablyTyped/src/__tests__/flow-typed.js:21:25)"],"status":"failed","title":"Library semver_v5.1.x"},{"failureMessages":["Error: Modulegen.ModulegenTypeError: Unknown type when converting to Bucklescript type [in shelljs_v0.7.x from 1:37 to 1:67]\n    at compile (/Users/ryan/Documents/dev/ReasonablyTyped/lib/index.js:33:11)\n    at test (/Users/ryan/Documents/dev/ReasonablyTyped/src/__tests__/flow-typed.js:21:25)"],"status":"failed","title":"Library shelljs_v0.7.x"},{"failureMessages":["Error: Modulegen.ModulegenTypeError: CallProperty on Object types is not currently supported [in shortid_v2.2.x from 2:2 to 2:12]\n    at compile (/Users/ryan/Documents/dev/ReasonablyTyped/lib/index.js:33:11)\n    at test (/Users/ryan/Documents/dev/ReasonablyTyped/src/__tests__/flow-typed.js:21:25)"],"status":"failed","title":"Library shortid_v2.2.x"},{"failureMessages":["Error: Modulegen.ModulegenTypeError: Unknown type when converting to Bucklescript type [in signals_v1.x.x from 4:13 to 4:19]\n    at compile (/Users/ryan/Documents/dev/ReasonablyTyped/lib/index.js:33:11)\n    at test (/Users/ryan/Documents/dev/ReasonablyTyped/src/__tests__/flow-typed.js:21:25)"],"status":"failed","title":"Library signals_v1.x.x"},{"failureMessages":["Error: Modulegen.ModulegenTypeError: StringLiteral is not currently supported [in slug_v0.9.x from 1:28 to 1:36]\n    at compile (/Users/ryan/Documents/dev/ReasonablyTyped/lib/index.js:33:11)\n    at test (/Users/ryan/Documents/dev/ReasonablyTyped/src/__tests__/flow-typed.js:21:25)"],"status":"failed","title":"Library slug_v0.9.x"},{"failureMessages":[],"status":"passed","title":"Library strip-ansi_v3.x.x"},{"failureMessages":[],"status":"passed","title":"Library strip-bom_v3.x.x"},{"failureMessages":[],"status":"passed","title":"Library strip-json-comments_v2.x.x"},{"failureMessages":["Error: Modulegen.ModulegenTypeError: Unknown type when converting to Bucklescript type [in styled-components_v1.4.x from 18:12 to 18:13]\n    at compile (/Users/ryan/Documents/dev/ReasonablyTyped/lib/index.js:33:11)\n    at test (/Users/ryan/Documents/dev/ReasonablyTyped/src/__tests__/flow-typed.js:21:25)"],"status":"failed","title":"Library styled-components_v1.4.x"},{"failureMessages":["Error: Modulegen.ModulegenTypeError: NumberLiteral is not currently supported [in supports-color_v3.x.x from 4:13 to 4:14]\n    at compile (/Users/ryan/Documents/dev/ReasonablyTyped/lib/index.js:33:11)\n    at test (/Users/ryan/Documents/dev/ReasonablyTyped/src/__tests__/flow-typed.js:21:25)"],"status":"failed","title":"Library supports-color_v3.x.x"},{"failureMessages":["Error: Modulegen.ModulegenTypeError: CallProperty on Object types is not currently supported [in tape_v4.5.x from 98:4 to 98:123]\n    at compile (/Users/ryan/Documents/dev/ReasonablyTyped/lib/index.js:33:11)\n    at test (/Users/ryan/Documents/dev/ReasonablyTyped/src/__tests__/flow-typed.js:21:25)"],"status":"failed","title":"Library tape_v4.5.x"},{"failureMessages":["Error: Modulegen.ModulegenTypeError: Unknown type when converting to Bucklescript type [in twit_v2.x.x from 15:55 to 15:61]\n    at compile (/Users/ryan/Documents/dev/ReasonablyTyped/lib/index.js:33:11)\n    at test (/Users/ryan/Documents/dev/ReasonablyTyped/src/__tests__/flow-typed.js:21:25)"],"status":"failed","title":"Library twit_v2.x.x"},{"failureMessages":["Error: Modulegen.ModulegenTypeError: CallProperty on Object types is not currently supported [in type-is_v1.x.x from 6:4 to 6:60]\n    at compile (/Users/ryan/Documents/dev/ReasonablyTyped/lib/index.js:33:11)\n    at test (/Users/ryan/Documents/dev/ReasonablyTyped/src/__tests__/flow-typed.js:21:25)"],"status":"failed","title":"Library type-is_v1.x.x"},{"failureMessages":["Error: Modulegen.ModulegenTypeError: Type parameters is not currently supported [in underscore_v1.x.x from 7:23 to 7:93]\n    at compile (/Users/ryan/Documents/dev/ReasonablyTyped/lib/index.js:33:11)\n    at test (/Users/ryan/Documents/dev/ReasonablyTyped/src/__tests__/flow-typed.js:21:25)"],"status":"failed","title":"Library underscore_v1.x.x"},{"failureMessages":["Error: Modulegen.ModulegenTypeError: Unknown type when converting to Bucklescript type [in underscore_v1.x.x from 11:7 to 37:71]\n    at compile (/Users/ryan/Documents/dev/ReasonablyTyped/lib/index.js:33:11)\n    at test (/Users/ryan/Documents/dev/ReasonablyTyped/src/__tests__/flow-typed.js:21:25)"],"status":"failed","title":"Library underscore_v1.x.x"},{"failureMessages":["Error: Modulegen.ModulegenTypeError: StringLiteral is not currently supported [in underscore.string_v3.x.x from 10:31 to 10:56]\n    at compile (/Users/ryan/Documents/dev/ReasonablyTyped/lib/index.js:33:11)\n    at test (/Users/ryan/Documents/dev/ReasonablyTyped/src/__tests__/flow-typed.js:21:25)"],"status":"failed","title":"Library underscore.string_v3.x.x"},{"failureMessages":[],"status":"passed","title":"Library user-home_v2.x.x"},{"failureMessages":[],"status":"passed","title":"Library uuid_v2.x.x"},{"failureMessages":[],"status":"passed","title":"Library uuid_v3.x.x"},{"failureMessages":["Error: Modulegen.ModulegenTypeError: NumberLiteral is not currently supported [in uuid-js_v0.7.x from 10:36 to 10:37]\n    at compile (/Users/ryan/Documents/dev/ReasonablyTyped/lib/index.js:33:11)\n    at test (/Users/ryan/Documents/dev/ReasonablyTyped/src/__tests__/flow-typed.js:21:25)"],"status":"failed","title":"Library uuid-js_v0.7.x"},{"failureMessages":["Error: Modulegen.ModulegenTypeError: CallProperty on Object types is not currently supported [in validate.js_v0.x.x from 9:4 to 9:108]\n    at compile (/Users/ryan/Documents/dev/ReasonablyTyped/lib/index.js:33:11)\n    at test (/Users/ryan/Documents/dev/ReasonablyTyped/src/__tests__/flow-typed.js:21:25)"],"status":"failed","title":"Library validate.js_v0.x.x"},{"failureMessages":["Error: Modulegen.ModulegenTypeError: StringLiteral is not currently supported [in validator_v7.x.x from 76:31 to 80:77]\n    at compile (/Users/ryan/Documents/dev/ReasonablyTyped/lib/index.js:33:11)\n    at test (/Users/ryan/Documents/dev/ReasonablyTyped/src
[...]
nknown declaration when converting a module property declaration [in node-uuid_v1.4.x from 22:2 to 22:30]\n\n\u001b[1m\u001b[31m  \u001b[1m● \u001b[1mLibrary notifyjs_v1.x.x\u001b[39m\u001b[22m\n\n    Modulegen.ModulegenTypeError: CallProperty on Object types is not currently supported [in notifyjs_v1.x.x from 17:4 to 17:60]\n\n\u001b[1m\u001b[31m  \u001b[1m● \u001b[1mLibrary out_v1.x.x\u001b[39m\u001b[22m\n\n    Modulegen.ModulegenTypeError: CallProperty on Object types is not currently supported [in out_v1.x.x from 3:4 to 3:50]\n\n\u001b[1m\u001b[31m  \u001b[1m● \u001b[1mLibrary pad_v1.x.x\u001b[39m\u001b[22m\n\n    Modulegen.ModulegenTypeError: Unknown type when converting to Bucklescript type [in pad_v1.x.x from 11:19 to 11:26]\n\n\u001b[1m\u001b[31m  \u001b[1m● \u001b[1mLibrary papaparse_v4.x.x\u001b[39m\u001b[22m\n\n    Modulegen.ModulegenTypeError: Typeof is not currently supported [in papaparse_v4.x.x from 81:26 to 81:39]\n\n\u001b[1m\u001b[31m  \u001b[1m● \u001b[1mLibrary parse_v1.9.x\u001b[39m\u001b[22m\n\n    Modulegen.ModulegenTypeError: Unknown type when converting to Bucklescript type [in parse_v1.9.x from 14:51 to 14:58]\n\n\u001b[1m\u001b[31m  \u001b[1m● \u001b[1mLibrary path-exists_v3.x.x\u001b[39m\u001b[22m\n\n    Modulegen.ModulegenTypeError: CallProperty on Object types is not currently supported [in path-exists_v3.x.x from 3:4 to 3:40]\n\n\u001b[1m\u001b[31m  \u001b[1m● \u001b[1mLibrary path-is-absolute_v1.x.x\u001b[39m\u001b[22m\n\n    Modulegen.ModulegenTypeError: CallProperty on Object types is not currently supported [in path-is-absolute_v1.x.x from 3:4 to 3:31]\n\n\u001b[1m\u001b[31m  \u001b[1m● \u001b[1mLibrary paths-js_v0.4.x\u001b[39m\u001b[22m\n\n    Modulegen.ModulegenTypeError: Typeof is not currently supported [in paths-js_v0.4.x from 149:10 to 149:21]\n\n\u001b[1m\u001b[31m  \u001b[1m● \u001b[1mLibrary pg_v6.x.x\u001b[39m\u001b[22m\n\n    Modulegen.ModulegenDeclError: Unknown declaration type when converting a module declaration [in pg_v6.x.x from 1:0 to 290:1]\n\n\u001b[1m\u001b[31m  \u001b[1m● \u001b[1mLibrary platform_v1.x.x\u001b[39m\u001b[22m\n\n    Modulegen.ModulegenTypeError: Unknown type when converting to Bucklescript type [in platform_v1.x.x from 5:17 to 5:24]\n\n\u001b[1m\u001b[31m  \u001b[1m● \u001b[1mLibrary pluralize_v1.x.x\u001b[39m\u001b[22m\n\n    Modulegen.ModulegenTypeError: CallProperty on Object types is not currently supported [in pluralize_v1.x.x from 3:4 to 3:63]\n\n\u001b[1m\u001b[31m  \u001b[1m● \u001b[1mLibrary pluralize_v2.x.x\u001b[39m\u001b[22m\n\n    Modulegen.ModulegenTypeError: CallProperty on Object types is not currently supported [in pluralize_v2.x.x from 3:4 to 3:63]\n\n\u001b[1m\u001b[31m  \u001b[1m● \u001b[1mLibrary pluralize_v3.x.x\u001b[39m\u001b[22m\n\n    Modulegen.ModulegenTypeError: CallProperty on Object types is not currently supported [in pluralize_v3.x.x from 3:4 to 3:63]\n\n\u001b[1m\u001b[31m  \u001b[1m● \u001b[1mLibrary pretty-error_v2.x.x\u001b[39m\u001b[22m\n\n    Modulegen.ModulegenTypeError: Class types is not currently supported [in pretty-error_v2.x.x from 15:23 to 15:28]\n\n\u001b[1m\u001b[31m  \u001b[1m● \u001b[1mLibrary primus_v5.x.x\u001b[39m\u001b[22m\n\n    Modulegen.ModulegenStatementError: Unknown statement type when parsing libdef [in primus_v5.x.x from 1:0 to 1:24]\n\n\u001b[1m\u001b[31m  \u001b[1m● \u001b[1mLibrary primus_v6.x.x\u001b[39m\u001b[22m\n\n    Modulegen.ModulegenStatementError: Unknown statement type when parsing libdef [in primus_v6.x.x from 1:0 to 1:24]\n\n\u001b[1m\u001b[31m  \u001b[1m● \u001b[1mLibrary prismic.io_v3.x.x\u001b[39m\u001b[22m\n\n    Modulegen.ModulegenTypeError: StringLiteral is not currently supported [in prismic.io_v3.x.x from 5:6 to 11:14]\n\n\u001b[1m\u001b[31m  \u001b[1m● \u001b[1mLibrary prop-types_v15.x.x\u001b[39m\u001b[22m\n\n    Modulegen.ModulegenTypeError: Unknown type when converting to Bucklescript type [in prop-types_v15.x.x from 5:20 to 5:26]\n\n\u001b[1m\u001b[31m  \u001b[1m● \u001b[1mLibrary radium_v0.17.x\u001b[39m\u001b[22m\n\n    Modulegen.ModulegenTypeError: Unknown type when converting to Bucklescript type [in radium_v0.17.x from 5:22 to 5:29]\n\n\u001b[1m\u001b[31m  \u001b[1m● \u001b[1mLibrary radium_v0.19.x\u001b[39m\u001b[22m\n\n    Modulegen.ModulegenTypeError: Unknown type when converting to Bucklescript type [in radium_v0.19.x from 5:22 to 5:29]\n\n\u001b[1m\u001b[31m  \u001b[1m● \u001b[1mLibrary ramda_v0.x.x\u001b[39m\u001b[22m\n\n    Modulegen.ModulegenTypeError: Type parameters is not currently supported [in ramda_v0.x.x from 4:23 to 4:45]\n\n\u001b[1m\u001b[31m  \u001b[1m● \u001b[1mLibrary ramda_v0.x.x\u001b[39m\u001b[22m\n\n    Modulegen.ModulegenTypeError: Type parameters is not currently supported [in ramda_v0.x.x from 4:23 to 4:45]\n\n\u001b[1m\u001b[31m  \u001b[1m● \u001b[1mLibrary ramda_v0.x.x\u001b[39m\u001b[22m\n\n    Modulegen.ModulegenTypeError: Type parameters is not currently supported [in ramda_v0.x.x from 4:23 to 4:45]\n\n\u001b[1m\u001b[31m  \u001b[1m● \u001b[1mLibrary ramda_v0.x.x\u001b[39m\u001b[22m\n\n    Modulegen.ModulegenTypeError: Type parameters is not currently supported [in ramda_v0.x.x from 4:23 to 4:45]\n\n\u001b[1m\u001b[31m  \u001b[1m● \u001b[1mLibrary random-js_v1.x.x\u001b[39m\u001b[22m\n\n    Modulegen.ModulegenTypeError: CallProperty on Object types is not currently supported [in random-js_v1.x.x from 18:4 to 18:36]\n\n\u001b[1m\u001b[31m  \u001b[1m● \u001b[1mLibrary raven_v0.12.x\u001b[39m\u001b[22m\n\n    Modulegen.ModulegenTypeError: Typeof is not currently supported [in raven_v0.12.x from 21:12 to 21:24]\n\n\u001b[1m\u001b[31m  \u001b[1m● \u001b[1mLibrary react-addons-css-transition-group_v15.x.x\u001b[39m\u001b[22m\n\n    Modulegen.ModulegenTypeError: Class types is not currently supported [in react-addons-css-transition-group_v15.x.x from 28:26 to 28:31]\n\n\u001b[1m\u001b[31m  \u001b[1m● \u001b[1mLibrary react-addons-test-utils_v15.x.x\u001b[39m\u001b[22m\n\n    Modulegen.ModulegenTypeError: Unknown type when converting to Bucklescript type [in react-addons-test-utils_v15.x.x from 15:111 to 15:119]\n\n\u001b[1m\u001b[31m  \u001b[1m● \u001b[1mLibrary react-body-classname_v1.x.x\u001b[39m\u001b[22m\n\n    Modulegen.ModulegenTypeError: Typeof is not currently supported [in react-body-classname_v1.x.x from 9:21 to 9:43]\n\n\u001b[1m\u001b[31m  \u001b[1m● \u001b[1mLibrary react-css-modules_v3.x.x\u001b[39m\u001b[22m\n\n    Modulegen.ModulegenTypeError: Type parameters is not currently supported [in react-css-modules_v3.x.x from 4:26 to 11:58]\n\n\u001b[1m\u001b[31m  \u001b[1m● \u001b[1mLibrary react-dnd_v2.x.x\u001b[39m\u001b[22m\n\n    Modulegen.ModulegenTypeError: Class types is not currently supported [in react-dnd_v2.x.x from 24:29 to 24:34]\n\n\u001b[1m\u001b[31m  \u001b[1m● \u001b[1mLibrary react-dnd-html5-backend_v2.1.x\u001b[39m\u001b[22m\n\n    Modulegen.ModulegenTypeError: StringLiteral is not currently supported [in react-dnd-html5-backend_v2.1.x from 2:46 to 2:63]\n\n\u001b[1m\u001b[31m  \u001b[1m● \u001b[1mLibrary react-flip-move_v2.9.x\u001b[39m\u001b[22m\n\n    Modulegen.ModulegenDeclError: Unknown declaration when converting a module property declaration [in react-flip-move_v2.9.x from 2:2 to 4:4]\n\n\u001b[1m\u001b[31m  \u001b[1m● \u001b[1mLibrary react-helmet_v3.x.x\u001b[39m\u001b[22m\n\n    Modulegen.ModulegenTypeError: Typeof is not currently supported [in react-helmet_v3.x.x from 33:21 to 33:36]\n\n\u001b[1m\u001b[31m  \u001b[1m● \u001b[1mLibrary react-highlight-words_v0.4.x\u001b[39m\u001b[22m\n\n    Modulegen.ModulegenTypeError: Typeof is not currently supported [in react-highlight-words_v0.4.x from 13:21 to 13:51]\n\n\u001b[1m\u001b[31m  \u001b[1m● \u001b[1mLibrary react-i18next_v1.10.x\u001b[39m\u001b[22m\n\n    Modulegen.ModulegenTypeError: Unknown type when converting to Bucklescript type [in react-i18next_v1.10.x from 2:34 to 2:41]\n\n\u001b[1m\u001b[31m  \u001b[1m● \u001b[1mLibrary react-i18next_v2.x.x\u001b[39m\u001b[22m\n\n    Modulegen.ModulegenTypeError: Unknown type when converting to Bucklescript type [in react-i18next_v2.x.x from 2:34 to 2:41]\n\n\u001b[1m\u001b[31m  \u001b[1m● \u001b[1mLibrary react-joyride_v1.x.x\u001b[39m\u001b[22m\n\n    Modulegen.ModulegenStatementError: Unknown statement type when parsing libdef [in react-joyride_v1.x.x from 1:0 to 1:26]\n\n\u001b[1m\u001b[31m  \u001b[1m● \u001b[1mLibrary react-mixpanel_v0.0.x\u001b[39m\u001b[22m\n\n    Modulegen.ModulegenStatementError: Unknown statement type when parsing libdef [in react-mixpanel_v0.0.x from 1:0 to 1:45]\n\n\u001b[1m\u001b[31m  \u001b[1m● \u001b[1mLibrary react-modal_v1.x.x\u001b[39m\u001b[22m\n\n    Modulegen.ModulegenTypeError: Typeof is not currently supported [in react-modal_v1.x.x from 26:21 to 26:35]\n\n\u001b[1m\u001b[31m  \u001b[1m● \u001b[1mLibrary react-recaptcha_v2.x.x\u001b[39m\u001b[22m\n\n    Modulegen.ModulegenTypeError: StringLiteral is not currently supported [in react-recaptcha_v2.x.x from 8:20 to 8:27]\n\n\u001b[1m\u001b[31m  \u001b[1m● \u001b[1mLibrary react-redux_v4.x.x\u001b[39m\u001b[22m\n\n    Modulegen.ModulegenStatementError: Unknown statement type when parsing libdef [in react-redux_v4.x.x from 1:0 to 1:44]\n\n\u001b[1m\u001b[31m  \u001b[1m● \u001b[1mLibrary react-redux_v5.x.x\u001b[39m\u001b[22m\n\n    Modulegen.ModulegenStatementError: Unknown statement type when parsing libdef [in react-redux_v5.x.x from 1:0 to 1:44]\n\n\u001b[1m\u001b[31m  \u001b[1m● \u001b[1mLibrary react-router_v4.x.x\u001b[39m\u001b[22m\n\n    Modulegen.ModulegenDeclError: Unknown declaration when converting a module property declaration [in react-router_v4.x.x from 5:2 to 11:3]\n\n\u001b[1m\u001b[31m  \u001b[1m● \u001b[1mLibrary react-router-dom_v4.x.x\u001b[39m\u001b[22m\n\n    Modulegen.ModulegenTypeError: StringLiteral is not currently supported [in react-router-dom_v4.x.x from 16:17 to 16:49]\n\n\u001b[1m\u001b[31m  \u001b[1m● \u001b[1mLibrary react-router-native_v4.x.x\u001b[39m\u001b[22m\n\n    Modulegen.ModulegenDeclError: Unknown declaration when converting a module property declaration [in react-router-native_v4.x.x from 2:2 to 3:69]\n\n\u001b[1m\u001b[31m  \u001b[1m● \u001b[1mLibrary react-scripts_v0.7.x\u001b[39m\u001b[22m\n\n    Modulegen.ModulegenTypeError: CallProperty on Object types is not currently supported [in react-scripts_v0.7.x from 2:2 to 2:28]\n\n\u001b[1m\u001b[31m  \u001b[1m● \u001b[1mLibrary react-sound_v0.5.x\u001b[39m\u001b[22m\n\n    Modulegen.ModulegenDeclError: Unknown declaration when converting a module property declaration [in react-sound_v0.5.x from 2:2 to 2:68]\n\n\u001b[1m\u001b[31m  \u001b[1m● \u001b[1mLibrary redux_v3.x.x\u001b[39m\u001b[22m\n\n    Modulegen.ModulegenTypeError: Unknown type when converting to Bucklescript type [in redux_v3.x.x from 17:73 to 17:79]\n\n\u001b[1m\u001b[31m  \u001b[1m● \u001b[1mLibrary redux_v3.x.x\u001b[39m\u001b[22m\n\n    Modulegen.ModulegenTypeError: CallProperty on Object types is not currently supported [in redux_v3.x.x from 32:4 to 32:73]\n\n\u001b[1m\u001b[31m  \u001b[1m● \u001b[1mLibrary redux_v3.x.x\u001b[39m\u001b[22m\n\n    Modulegen.ModulegenTypeError: Unknown type when converting to Bucklescript type [in redux_v3.x.x from 27:47 to 27:61]\n\n\u001b[1m\u001b[31m  \u001b[1m● \u001b[1mLibrary redux-form_v5.x.x\u001b[39m\u001b[22m\n\n    Modulegen.ModulegenStatementError: Unknown statement type when parsing libdef [in redux-form_v5.x.x from 1:0 to 1:26]\n\n\u001b[1m\u001b[31m  \u001b[1m● \u001b[1mLibrary redux-loop_v2.2.x\u001b[39m\u001b[22m\n\n    Modulegen.ModulegenTypeError: Type parameters is not currently supported [in redux-loop_v2.2.x from 6:34 to 6:78]\n\n\u001b[1m\u001b[31m  \u001b[1m● \u001b[1mLibrary redux-mock-store_v1.2.x\u001b[39m\u001b[22m\n\n    Modulegen.ModulegenTypeError: Unknown type when converting to Bucklescript type [in redux-mock-store_v1.2.x from 4:29 to 4:45]\n\n\u001b[1m\u001b[31m  \u001b[1m● \u001b[1mLibrary redux-saga_v0.11.x\u001b[39m\u001b[22m\n\n    Modulegen.ModulegenTypeError: BooleanLiteral is not currently supported [in redux-saga_v0.11.x from 14:23 to 14:27]\n\n\u001b[1m\u001b[31m  \u001b[1m● \u001b[1mLibrary redux-saga_v0.11.x\u001b[39m\u001b[22m\n\n    Modulegen.ModulegenTypeError: BooleanLiteral is not currently supported [in redux-saga_v0.11.x from 14:23 to 14:27]\n\n\u001b[1m\u001b[31m  \u001b[1m● \u001b[1mLibrary redux-saga_v0.13.x\u001b[39m\u001b[22m\n\n    Modulegen.ModulegenTypeError: BooleanLiteral is not currently supported [in redux-saga_v0.13.x from 14:23 to 14:27]\n\n\u001b[1m\u001b[31m  \u001b[1m● \u001b[1mLibrary redux-saga_v0.13.x\u001b[39m\u001b[22m\n\n    Modulegen.ModulegenTypeError: BooleanLiteral is not currently supported [in redux-saga_v0.13.x from 14:23 to 14:27]\n\n\u001b[1m\u001b[31m  \u001b[1m● \u001b[1mLibrary remarkable_v1.x.x\u001b[39m\u001b[22m\n\n    Modulegen.ModulegenTypeError: StringLiteral is not currently supported [in remarkable_v1.x.x from 26:36 to 26:97]\n\n\u001b[1m\u001b[31m  \u001b[1m● \u001b[1mLibrary reselect_v2.x.x\u001b[39m\u001b[22m\n\n    Modulegen.ModulegenTypeError: CallProperty on Object types is not currently supported [in reselect_v2.x.x from 2:4 to 2:59]\n\n\u001b[1m\u001b[31m  \u001b[1m● \u001b[1mLibrary reselect_v3.x.x\u001b[39m\u001b[22m\n\n    Modulegen.ModulegenTypeError: CallProperty on Object types is not currently supported [in reselect_v3.x.x from 3:6 to 3:61]\n\n\u001b[1m\u001b[31m  \u001b[1m● \u001b[1mLibrary rivets_v0.9.x\u001b[39m\u001b[22m\n\n    Modulegen.ModulegenDeclError: Unknown declaration when converting a module property declaration [in rivets_v0.9.x from 71:2 to 71:32]\n\n\u001b[1m\u001b[31m  \u001b[1m● \u001b[1mLibrary rxjs_v5.0.x\u001b[39m\u001b[22m\n\n    Modulegen.ModulegenStatementError: Generic Intefaces is not currently supported [in rxjs_v5.0.x from 4:0 to 8:1]\n\n\u001b[1m\u001b[31m  \u001b[1m● \u001b[1mLibrary rxjs_v5.0.x\u001b[39m\u001b[22m\n\n    Modulegen.ModulegenStatementError: Generic Intefaces is not currently supported [in rxjs_v5.0.x from 4:0 to 8:1]\n\n\u001b[1m\u001b[31m  \u001b[1m● \u001b[1mLibrary s3-uploader_v2.0.x\u001b[39m\u001b[22m\n\n    Modulegen.ModulegenDeclError: Unknown declaration when converting a module property declaration [in s3-uploader_v2.0.x from 2:2 to 8:4]\n\n\u001b[1m\u001b[31m  \u001b[1m● \u001b[1mLibrary sanitize-html_v1.x.x\u001b[39m\u001b[22m\n\n    Modulegen.ModulegenTypeError: BooleanLiteral is not currently supported [in sanitize-html_v1.x.x from 9:32 to 9:37]\n\n\u001b[1m\u001b[31m  \u001b[1m● \u001b[1mLibrary selenium-webdriver_v3.x.x\u001b[39m\u001b[22m\n\n    Modulegen.ModulegenTypeError: Unknown type when converting to Bucklescript type [in selenium-webdriver_v3.x.x from 80:79 to 80:86]\n\n\u001b[1m\u001b[31m  \u001b[1m● \u001b[1mLibrary semver_v5.1.x\u001b[39m\u001b[22m\n\n    Modulegen.ModulegenTypeError: StringLiteral is not currently supported [in semver_v5.1.x from 6:4 to 12:16]\n\n\u001b[1m\u001b[31m  \u001b[1m● \u001b[1mLibrary shelljs_v0.7.x\u001b[39m\u001b[22m\n\n    Modulegen.ModulegenTypeError: Unknown type when converting to Bucklescript type [in shelljs_v0.7.x from 1:37 to 1:67]\n\n\u001b[1m\u001b[31m  \u001b[1m● \u001b[1mLibrary shortid_v2.2.x\u001b[39m\u001b[22m\n\n    Modulegen.ModulegenTypeError: CallProperty on Object types is not currently supported [in shortid_v2.2.x from 2:2 to 2:12]\n\n\u001b[1m\u001b[31m  \u001b[1m● \u001b[1mLibrary signals_v1.x.x\u001b[39m\u001b[22m\n\n    Modulegen.ModulegenTypeError: Unknown type when converting to Bucklescript type [in signals_v1.x.x from 4:13 to 4:19]\n\n\u001b[1m\u001b[31m  \u001b[1m● \u001b[1mLibrary slug_v0.9.x\u001b[39m\u001b[22m\n\n    Modulegen.ModulegenTypeError: StringLiteral is not currently supported [in slug_v0.9.x from 1:28 to 1:36]\n\n\u001b[1m\u001b[31m  \u001b[1m● \u001b[1mLibrary styled-components_v1.4.x\u001b[39m\u001b[22m\n\n    Modulegen.ModulegenTypeError: Unknown type when converting to Bucklescript type [in styled-components_v1.4.x from 18:12 to 18:13]\n\n\u001b[1m\u001b[31m  \u001b[1m● \u001b[1mLibrary supports-color_v3.x.x\u001b[39m\u001b[22m\n\n    Modulegen.ModulegenTypeError: NumberLiteral is not currently supported [in supports-color_v3.x.x from 4:13 to 4:14]\n\n\u001b[1m\u001b[31m  \u001b[1m● \u001b[1mLibrary tape_v4.5.x\u001b[39m\u001b[22m\n\n    Modulegen.ModulegenTypeError: CallProperty on Object types is not currently supported [in tape_v4.5.x from 98:4 to 98:123]\n\n\u001b[1m\u001b[31m  \u001b[1m● \u001b[1mLibrary twit_v2.x.x\u001b[39m\u001b[22m\n\n    Modulegen.ModulegenTypeError: Unknown type when converting to Bucklescript type [in twit_v2.x.x from 15:55 to 15:61]\n\n\u001b[1m\u001b[31m  \u001b[1m● \u001b[1mLibrary type-is_v1.x.x\u001b[39m\u001b[22m\n\n    Modulegen.ModulegenTypeError: CallProperty on Object types is not currently supported [in type-is_v1.x.x from 6:4 to 6:60]\n\n\u001b[1m\u001b[31m  \u001b[1m● \u001b[1mLibrary underscore_v1.x.x\u001b[39m\u001b[22m\n\n    Modulegen.ModulegenTypeError: Type parameters is not currently supported [in underscore_v1.x.x from 7:23 to 7:93]\n\n\u001b[1m\u001b[31m  \u001b[1m● \u001b[1mLibrary underscore_v1.x.x\u001b[39m\u001b[22m\n\n    Modulegen.ModulegenTypeError: Unknown type when converting to Bucklescript type [in underscore_v1.x.x from 11:7 to 37:71]\n\n\u001b[1m\u001b[31m  \u001b[1m● \u001b[1mLibrary underscore.string_v3.x.x\u001b[39m\u001b[22m\n\n    Modulegen.ModulegenTypeError: StringLiteral is not currently supported [in underscore.string_v3.x.x from 10:31 to 10:56]\n\n\u001b[1m\u001b[31m  \u001b[1m● \u001b[1mLibrary uuid-js_v0.7.x\u001b[39m\u001b[22m\n\n    Modulegen.ModulegenTypeError: NumberLiteral is not currently supported [in uuid-js_v0.7.x from 10:36 to 10:37]\n\n\u001b[1m\u001b[31m  \u001b[1m● \u001b[1mLibrary validate.js_v0.x.x\u001b[39m\u001b[22m\n\n    Modulegen.ModulegenTypeError: CallProperty on Object types is not currently supported [in validate.js_v0.x.x from 9:4 to 9:108]\n\n\u001b[1m\u001b[31m  \u001b[1m● \u001b[1mLibrary validator_v7.x.x\u001b[39m\u001b[22m\n\n    Modulegen.ModulegenTypeError: StringLiteral is not currently supported [in validator_v7.x.x from 76:31 to 80:77]\n\n\u001b[1m\u001b[31m  \u001b[1m● \u001b[1mLibrary verbal-expressions_v0.x.x\u001b[39m\u001b[22m\n\n    Modulegen.ModulegenTypeError: StringLiteral is not currently supported [in verbal-expressions_v0.x.x from 2:17 to 2:44]\n\n\u001b[1m\u001b[31m  \u001b[1m● \u001b[1mLibrary vscode_v0.11.x\u001b[39m\u001b[22m\n\n    Modulegen.ModulegenDeclError: Unknown declaration when converting a module property declaration [in vscode_v0.11.x from 14:2 to 31:3]\n\n\u001b[1m\u001b[31m  \u001b[1m● \u001b[1mLibrary xmldoc_v0.5.x\u001b[39m\u001b[22m\n\n    Modulegen.ModulegenTypeError: Typeof is not currently supported [in xmldoc_v0.5.x from 38:17 to 38:35]\n\n\u001b[1m\u001b[31m  \u001b[1m● \u001b[1mLibrary xstream_v6.x.x\u001b[39m\u001b[22m\n\n    Modulegen.ModulegenTypeError: Type parameters is not currently supported [in xstream_v6.x.x from 5:2 to 5:53]\n\n\u001b[1m\u001b[31m  \u001b[1m● \u001b[1mLibrary xstream_v7.x.x\u001b[39m\u001b[22m\n\n    Modulegen.ModulegenTypeError: Type parameters is not currently supported [in xstream_v7.x.x from 5:2 to 5:53]\n\n\u001b[1m\u001b[31m  \u001b[1m● \u001b[1mLibrary yargs_v4.x.x\u001b[39m\u001b[22m\n\n    Modulegen.ModulegenTypeError: Indexer on Object types is not currently supported [in yargs_v4.x.x from 2:41 to 2:61]\n\n\u001b[1m\u001b[31m  \u001b[1m● \u001b[1mLibrary yargs_v5.x.x\u001b[39m\u001b[22m\n\n    Modulegen.ModulegenTypeError: Indexer on Object types is not currently supported [in yargs_v5.x.x from 2:41 to 2:61]\n\n\u001b[1m\u001b[31m  \u001b[1m● \u001b[1mLibrary yargs_v7.x.x\u001b[39m\u001b[22m\n\n    Modulegen.ModulegenTypeError: Indexer on Object types is not currently supported [in yargs_v7.x.x from 5:4 to 5:24]\n","name":"/Users/ryan/Documents/dev/ReasonablyTyped/src/__tests__/flow-typed.js","startTime":1498330518581,"status":"failed","summary":""}],"wasInterrupted":false}
