{"numFailedTestSuites":1,"numFailedTests":207,"numPassedTestSuites":0,"numPassedTests":109,"numPendingTestSuites":0,"numPendingTests":0,"numRuntimeErrorTestSuites":0,"numTotalTestSuites":1,"numTotalTests":316,"snapshot":{"added":0,"didUpdate":false,"failure":false,"filesAdded":0,"filesRemoved":0,"filesUnmatched":0,"filesUpdated":0,"matched":0,"total":0,"unchecked":0,"unmatched":0,"updated":0},"startTime":1503727398264,"success":false,"testResults":[{"assertionResults":[{"failureMessages":[],"status":"passed","title":"Flow Library storybook_v1.x.x"},{"failureMessages":[],"status":"passed","title":"Flow Library alasql_v0.3.x"},{"failureMessages":["Error: Retyped__Modulegen.ModulegenDeclError: Unknown declaration type when converting a module declaration [in angular_v1.4.7 from 8:0 to 172:1]\n    at compile (/Users/ryan/Documents/dev/ReasonablyTyped/lib/index.js:45:11)\n    at Object.test (/Users/ryan/Documents/dev/ReasonablyTyped/src/__tests__/flow-typed.js:23:25)\n    at <anonymous>"],"status":"failed","title":"Flow Library angular_v1.4.7"},{"failureMessages":["Error: Retyped__Modulegen.ModulegenTypeError: BooleanLiteral is not currently supported [in aphrodite_v0.5.x from 21:67 to 21:72]\n    at compile (/Users/ryan/Documents/dev/ReasonablyTyped/lib/index.js:45:11)\n    at Object.test (/Users/ryan/Documents/dev/ReasonablyTyped/src/__tests__/flow-typed.js:23:25)\n    at <anonymous>"],"status":"failed","title":"Flow Library aphrodite_v0.5.x"},{"failureMessages":[],"status":"passed","title":"Flow Library array-uniq_v1.x.x"},{"failureMessages":["Error: Retyped__Modulegen.ModulegenStatementError: Import statements is not currently supported [in awaiting_v2.x.x from 1:0 to 1:43]\n    at compile (/Users/ryan/Documents/dev/ReasonablyTyped/lib/index.js:45:11)\n    at Object.test (/Users/ryan/Documents/dev/ReasonablyTyped/src/__tests__/flow-typed.js:23:25)\n    at <anonymous>"],"status":"failed","title":"Flow Library awaiting_v2.x.x"},{"failureMessages":["Error: Retyped__Modulegen.ModulegenStatementError: Inheriting in interfaces is not currently supported [in axios_v0.11.x from 14:46 to 14:67]\n    at compile (/Users/ryan/Documents/dev/ReasonablyTyped/lib/index.js:45:11)\n    at Object.test (/Users/ryan/Documents/dev/ReasonablyTyped/src/__tests__/flow-typed.js:23:25)\n    at <anonymous>"],"status":"failed","title":"Flow Library axios_v0.11.x"},{"failureMessages":["Error: Retyped__Modulegen.ModulegenTypeError: NumberLiteral is not currently supported [in axios_v0.13.x from 11:19 to 11:20]\n    at compile (/Users/ryan/Documents/dev/ReasonablyTyped/lib/index.js:45:11)\n    at Object.test (/Users/ryan/Documents/dev/ReasonablyTyped/src/__tests__/flow-typed.js:23:25)\n    at <anonymous>"],"status":"failed","title":"Flow Library axios_v0.13.x"},{"failureMessages":["Error: Retyped__Modulegen.ModulegenTypeError: NumberLiteral is not currently supported [in axios_v0.15.x from 36:19 to 36:20]\n    at compile (/Users/ryan/Documents/dev/ReasonablyTyped/lib/index.js:45:11)\n    at Object.test (/Users/ryan/Documents/dev/ReasonablyTyped/src/__tests__/flow-typed.js:23:25)\n    at <anonymous>"],"status":"failed","title":"Flow Library axios_v0.15.x"},{"failureMessages":["Error: Retyped__Modulegen.ModulegenTypeError: NumberLiteral is not currently supported [in axios_v0.16.x from 36:19 to 36:20]\n    at compile (/Users/ryan/Documents/dev/ReasonablyTyped/lib/index.js:45:11)\n    at Object.test (/Users/ryan/Documents/dev/ReasonablyTyped/src/__tests__/flow-typed.js:23:25)\n    at <anonymous>"],"status":"failed","title":"Flow Library axios_v0.16.x"},{"failureMessages":["Error: Retyped__Modulegen.ModulegenTypeError: Unknown type when converting to Bucklescript type [in backbone_v1.x.x from 37:28 to 37:29]\n    at compile (/Users/ryan/Documents/dev/ReasonablyTyped/lib/index.js:45:11)\n    at Object.test (/Users/ryan/Documents/dev/ReasonablyTyped/src/__tests__/flow-typed.js:23:25)\n    at <anonymous>"],"status":"failed","title":"Flow Library backbone_v1.x.x"},{"failureMessages":[],"status":"passed","title":"Flow Library balanced-match_v0.x.x"},{"failureMessages":[],"status":"passed","title":"Flow Library base-64_v0.1.x"},{"failureMessages":[],"status":"passed","title":"Flow Library base64url_v1.x.x"},{"failureMessages":["Error: Retyped__Modulegen.ModulegenDeclError: Unknown declaration type when converting a module declaration [in bcrypt_v0.8.x from 1:0 to 12:1]\n    at compile (/Users/ryan/Documents/dev/ReasonablyTyped/lib/index.js:45:11)\n    at Object.test (/Users/ryan/Documents/dev/ReasonablyTyped/src/__tests__/flow-typed.js:23:25)\n    at <anonymous>"],"status":"failed","title":"Flow Library bcrypt_v0.8.x"},{"failureMessages":["Error: Retyped__Modulegen.ModulegenDeclError: Unknown declaration type when converting a module declaration [in bcrypt_v1.x.x from 1:0 to 16:1]\n    at compile (/Users/ryan/Documents/dev/ReasonablyTyped/lib/index.js:45:11)\n    at Object.test (/Users/ryan/Documents/dev/ReasonablyTyped/src/__tests__/flow-typed.js:23:25)\n    at <anonymous>"],"status":"failed","title":"Flow Library bcrypt_v1.x.x"},{"failureMessages":["Error: Retyped__Modulegen.ModulegenTypeError: NumberLiteral is not currently supported [in big.js_v3.x.x from 4:33 to 4:43]\n    at compile (/Users/ryan/Documents/dev/ReasonablyTyped/lib/index.js:45:11)\n    at Object.test (/Users/ryan/Documents/dev/ReasonablyTyped/src/__tests__/flow-typed.js:23:25)\n    at <anonymous>"],"status":"failed","title":"Flow Library big.js_v3.x.x"},{"failureMessages":["Error: Retyped__Modulegen.ModulegenTypeError: static CallProperty on Object types is not currently supported [in bigi_v1.x.x from 3:9 to 3:75]\n    at compile (/Users/ryan/Documents/dev/ReasonablyTyped/lib/index.js:45:11)\n    at Object.test (/Users/ryan/Documents/dev/ReasonablyTyped/src/__tests__/flow-typed.js:23:25)\n    at <anonymous>"],"status":"failed","title":"Flow Library bigi_v1.x.x"},{"failureMessages":["Error: Retyped__Modulegen.ModulegenTypeError: static CallProperty on Object types is not currently supported [in bitcoinjs-lib_v2.x.x from 8:9 to 8:75]\n    at compile (/Users/ryan/Documents/dev/ReasonablyTyped/lib/index.js:45:11)\n    at Object.test (/Users/ryan/Documents/dev/ReasonablyTyped/src/__tests__/flow-typed.js:23:25)\n    at <anonymous>"],"status":"failed","title":"Flow Library bitcoinjs-lib_v2.x.x"},{"failureMessages":[],"status":"passed","title":"Flow Library blacklist_v1.x.x"},{"failureMessages":["Error: Retyped__Modulegen.ModulegenTypeError: Unknown type when converting to Bucklescript type [in bluebird_v3.x.x from 52:61 to 52:62]\n    at compile (/Users/ryan/Documents/dev/ReasonablyTyped/lib/index.js:45:11)\n    at Object.test (/Users/ryan/Documents/dev/ReasonablyTyped/src/__tests__/flow-typed.js:23:25)\n    at <anonymous>"],"status":"failed","title":"Flow Library bluebird_v3.x.x"},{"failureMessages":["Error: Retyped__Modulegen.ModulegenTypeError: Unknown type when converting to Bucklescript type [in bluebird_v3.x.x from 52:61 to 52:62]\n    at compile (/Users/ryan/Documents/dev/ReasonablyTyped/lib/index.js:45:11)\n    at Object.test (/Users/ryan/Documents/dev/ReasonablyTyped/src/__tests__/flow-typed.js:23:25)\n    at <anonymous>"],"status":"failed","title":"Flow Library bluebird_v3.x.x"},{"failureMessages":["Error: Retyped__Modulegen.ModulegenStatementError: Import statements is not currently supported [in bluebird-promisell_v0.5.x from 1:0 to 1:49]\n    at compile (/Users/ryan/Documents/dev/ReasonablyTyped/lib/index.js:45:11)\n    at Object.test (/Users/ryan/Documents/dev/ReasonablyTyped/src/__tests__/flow-typed.js:23:25)\n    at <anonymous>"],"status":"failed","title":"Flow Library bluebird-promisell_v0.5.x"},{"failureMessages":["Error: Retyped__Modulegen.ModulegenStatementError: Import statements is not currently supported [in body-parser_v1.x.x from 1:0 to 1:63]\n    at compile (/Users/ryan/Documents/dev/ReasonablyTyped/lib/index.js:45:11)\n    at Object.test (/Users/ryan/Documents/dev/ReasonablyTyped/src/__tests__/flow-typed.js:23:25)\n    at <anonymous>"],"status":"failed","title":"Flow Library body-parser_v1.x.x"},{"failureMessages":[],"status":"passed","title":"Flow Library bound-points_v1.x.x"},{"failureMessages":["Error: Retyped__Modulegen.ModulegenDeclError: Inheritance not supported:  [in bser_v1.x.x from 38:17 to 55:3]\n    at compile (/Users/ryan/Documents/dev/ReasonablyTyped/lib/index.js:45:11)\n    at Object.test (/Users/ryan/Documents/dev/ReasonablyTyped/src/__tests__/flow-typed.js:23:25)\n    at <anonymous>"],"status":"failed","title":"Flow Library bser_v1.x.x"},{"failureMessages":["Error: Retyped__Modulegen.ModulegenTypeError: static CallProperty on Object types is not currently supported [in bull_v1.x.x from 24:11 to 24:72]\n    at compile (/Users/ryan/Documents/dev/ReasonablyTyped/lib/index.js:45:11)\n    at Object.test (/Users/ryan/Documents/dev/ReasonablyTyped/src/__tests__/flow-typed.js:23:25)\n    at <anonymous>"],"status":"failed","title":"Flow Library bull_v1.x.x"},{"failureMessages":["Error: Retyped__Modulegen.ModulegenTypeError: NumberLiteral is not currently supported [in bunyan_v1.x.x from 2:21 to 2:25]\n    at compile (/Users/ryan/Documents/dev/ReasonablyTyped/lib/index.js:45:11)\n    at Object.test (/Users/ryan/Documents/dev/ReasonablyTyped/src/__tests__/flow-typed.js:23:25)\n    at <anonymous>"],"status":"failed","title":"Flow Library bunyan_v1.x.x"},{"failureMessages":["Error: Retyped__Modulegen.ModulegenTypeError: Intersection types is not currently supported [in cache-manager_v2.x.x from 7:32 to 13:3]\n    at compile (/Users/ryan/Documents/dev/ReasonablyTyped/lib/index.js:45:11)\n    at Object.test (/Users/ryan/Documents/dev/ReasonablyTyped/src/__tests__/flow-typed.js:23:25)\n    at <anonymous>"],"status":"failed","title":"Flow Library cache-manager_v2.x.x"},{"failureMessages":[],"status":"passed","title":"Flow Library camelcase_v3.x.x"},{"failureMessages":[],"status":"passed","title":"Flow Library camelcase-keys_v3.x.x"},{"failureMessages":[],"status":"passed","title":"Flow Library cat-names_v1.x.x"},{"failureMessages":["Error: Retyped__Modulegen.ModulegenTypeError: Intersection types is not currently supported [in chai_v3.5.x from 23:11 to 23:60]\n    at compile (/Users/ryan/Documents/dev/ReasonablyTyped/lib/index.js:45:11)\n    at Object.test (/Users/ryan/Documents/dev/ReasonablyTyped/src/__tests__/flow-typed.js:23:25)\n    at <anonymous>"],"status":"failed","title":"Flow Library chai_v3.5.x"},{"failureMessages":["Error: Retyped__Modulegen.ModulegenTypeError: Intersection types is not currently supported [in chai_v4.x.x from 23:11 to 23:60]\n    at compile (/Users/ryan/Documents/dev/ReasonablyTyped/lib/index.js:45:11)\n    at Object.test (/Users/ryan/Documents/dev/ReasonablyTyped/src/__tests__/flow-typed.js:23:25)\n    at <anonymous>"],"status":"failed","title":"Flow Library chai_v4.x.x"},{"failureMessages":["Error: Retyped__Modulegen.ModulegenTypeError: Intersection types is not currently supported [in chalk_v1.x.x from 6:24 to 6:69]\n    at compile (/Users/ryan/Documents/dev/ReasonablyTyped/lib/index.js:45:11)\n    at Object.test (/Users/ryan/Documents/dev/ReasonablyTyped/src/__tests__/flow-typed.js:23:25)\n    at <anonymous>"],"status":"failed","title":"Flow Library chalk_v1.x.x"},{"failureMessages":["Error: Retyped__Modulegen.ModulegenTypeError: static CallProperty on Object types is not currently supported [in chance_v1.x.x from 7:11 to 7:31]\n    at compile (/Users/ryan/Documents/dev/ReasonablyTyped/lib/index.js:45:11)\n    at Object.test (/Users/ryan/Documents/dev/ReasonablyTyped/src/__tests__/flow-typed.js:23:25)\n    at <anonymous>"],"status":"failed","title":"Flow Library chance_v1.x.x"},{"failureMessages":[],"status":"passed","title":"Flow Library checkdigit_v1.1.x"},{"failureMessages":[],"status":"passed","title":"Flow Library checkstyle-formatter_v1.x.x"},{"failureMessages":[],"status":"passed","title":"Flow Library checkstyle-formatter_v1.x.x"},{"failureMessages":["Error: Retyped__Modulegen.ModulegenDeclError: Unknown declaration when converting a module property declaration [in chromatism_v2.5.x from 7:2 to 7:45]\n    at compile (/Users/ryan/Documents/dev/ReasonablyTyped/lib/index.js:45:11)\n    at Object.test (/Users/ryan/Documents/dev/ReasonablyTyped/src/__tests__/flow-typed.js:23:25)\n    at <anonymous>"],"status":"failed","title":"Flow Library chromatism_v2.5.x"},{"failureMessages":[],"status":"passed","title":"Flow Library clamp-js_v0.7.x"},{"failureMessages":["Error: Retyped__Modulegen.ModulegenTypeError: BooleanLiteral is not currently supported [in classnames_v2.x.x from 2:4 to 7:8]\n    at compile (/Users/ryan/Documents/dev/ReasonablyTyped/lib/index.js:45:11)\n    at Object.test (/Users/ryan/Documents/dev/ReasonablyTyped/src/__tests__/flow-typed.js:23:25)\n    at <anonymous>"],"status":"failed","title":"Flow Library classnames_v2.x.x"},{"failureMessages":["Error: Retyped__Modulegen.ModulegenTypeError: BooleanLiteral is not currently supported [in classnames_v2.x.x from 2:4 to 7:8]\n    at compile (/Users/ryan/Documents/dev/ReasonablyTyped/lib/index.js:45:11)\n    at Object.test (/Users/ryan/Documents/dev/ReasonablyTyped/src/__tests__/flow-typed.js:23:25)\n    at <anonymous>"],"status":"failed","title":"Flow Library classnames_v2.x.x"},{"failureMessages":[],"status":"passed","title":"Flow Library clone_v2.x.x"},{"failureMessages":["Error: Retyped__Modulegen.ModulegenTypeError: static CallProperty on Object types is not currently supported [in color_v0.7.x from 36:11 to 36:57]\n    at compile (/Users/ryan/Documents/dev/ReasonablyTyped/lib/index.js:45:11)\n    at Object.test (/Users/ryan/Documents/dev/ReasonablyTyped/src/__tests__/flow-typed.js:23:25)\n    at <anonymous>"],"status":"failed","title":"Flow Library color_v0.7.x"},{"failureMessages":["Error: Retyped__Modulegen.ModulegenTypeError: Intersection types is not currently supported [in commander_v2.x.x from 274:24 to 277:3]\n    at compile (/Users/ryan/Documents/dev/ReasonablyTyped/lib/index.js:45:11)\n    at Object.test (/Users/ryan/Documents/dev/ReasonablyTyped/src/__tests__/flow-typed.js:23:25)\n    at <anonymous>"],"status":"failed","title":"Flow Library commander_v2.x.x"},{"failureMessages":["Error: File \"\", line 3, characters 71-76:\n336: <UNKNOWN SYNTAX ERROR>\n    at compile (/Users/ryan/Documents/dev/ReasonablyTyped/lib/index.js:49:11)\n    at Object.test (/Users/ryan/Documents/dev/ReasonablyTyped/src/__tests__/flow-typed.js:23:25)\n    at <anonymous>"],"status":"failed","title":"Flow Library connect-route_v0.1.x"},{"failureMessages":[],"status":"passed","title":"Flow Library continuation-local-storage_v3.x.x"},{"failureMessages":[],"status":"passed","title":"Flow Library cpy_v5.x.x"},{"failureMessages":[],"status":"passed","title":"Flow Library create-react-class_v15.x.x"},{"failureMessages":["Error: File \"\", line 9, characters 5-6:\n79: <SYNTAX ERROR>\n\n    at compile (/Users/ryan/Documents/dev/ReasonablyTyped/lib/index.js:49:11)\n    at Object.test (/Users/ryan/Documents/dev/ReasonablyTyped/src/__tests__/flow-typed.js:23:25)\n    at <anonymous>"],"status":"failed","title":"Flow Library currency-formatter_v1.x.x"},{"failureMessages":["Error: Retyped__Modulegen.ModulegenStatementError: Inheriting in interfaces is not currently supported [in data.either_v1.x.x from 7:27 to 7:37]\n    at compile (/Users/ryan/Documents/dev/ReasonablyTyped/lib/index.js:45:11)\n    at Object.test (/Users/ryan/Documents/dev/ReasonablyTyped/src/__tests__/flow-typed.js:23:25)\n    at <anonymous>"],"status":"failed","title":"Flow Library data.either_v1.x.x"},{"failureMessages":["Error: File \"\", line 3, characters 464-471:\n157: <SYNTAX ERROR>\n\n    at compile (/Users/ryan/Documents/dev/ReasonablyTyped/lib/index.js:49:11)\n    at Object.test (/Users/ryan/Documents/dev/ReasonablyTyped/src/__tests__/flow-typed.js:23:25)\n    at <anonymous>"],"status":"failed","title":"Flow Library data.maybe_v1.x.x"},{"failureMessages":[],"status":"passed","title":"Flow Library date-range-array_v2.x.x"},{"failureMessages":["Error: Retyped__Modulegen.ModulegenTypeError: Indexer on Object types is not currently supported [in dateformat_v2.x.x from 15:2 to 15:23]\n    at compile (/Users/ryan/Documents/dev/ReasonablyTyped/lib/index.js:45:11)\n    at Object.test (/Users/ryan/Documents/dev/ReasonablyTyped/src/__tests__/flow-typed.js:23:25)\n    at <anonymous>"],"status":"failed","title":"Flow Library dateformat_v2.x.x"},{"failureMessages":[],"status":"passed","title":"Flow Library debug_v2.x.x"},{"failureMessages":[],"status":"passed","title":"Flow Library decamelize_v1.x.x"},{"failureMessages":["Error: Retyped__Codegen.CodegenTypeError: Cannot use string literal outside the context of a union type\n    at compile (/Users/ryan/Documents/dev/ReasonablyTyped/lib/index.js:45:11)\n    at Object.test (/Users/ryan/Documents/dev/ReasonablyTyped/src/__tests__/flow-typed.js:23:25)\n    at <anonymous>"],"status":"failed","title":"Flow Library deep-diff_v0.3.x"},{"failureMessages":[],"status":"passed","title":"Flow Library deep-freeze_v0.0.1"},{"failureMessages":[],"status":"passed","title":"Flow Library deep-freeze-strict_v1.x.x"},{"failureMessages":["Error: Retyped__Modulegen.ModulegenDeclError: Inheritance not supported:  [in discord.js_v11.1.x from 32:17 to 110:3]\n    at compile (/Users/ryan/Documents/dev/ReasonablyTyped/lib/index.js:45:11)\n    at Object.test (/Users/ryan/Documents/dev/ReasonablyTyped/src/__tests__/flow-typed.js:23:25)\n    at <anonymous>"],"status":"failed","title":"Flow Library discord.js_v11.1.x"},{"failureMessages":["Error: Retyped__Codegen.CodegenTypeError: Cannot use string literal outside the context of a union type\n    at compile (/Users/ryan/Documents/dev/ReasonablyTyped/lib/index.js:45:11)\n    at Object.test (/Users/ryan/Documents/dev/ReasonablyTyped/src/__tests__/flow-typed.js:23:25)\n    at <anonymous>"],"status":"failed","title":"Flow Library dropzone_v4.x.x"},{"failureMessages":["Error: Retyped__Modulegen.ModulegenTypeError: static CallProperty on Object types is not currently supported [in ecurve_v1.x.x from 7:9 to 7:75]\n    at compile (/Users/ryan/Documents/dev/ReasonablyTyped/lib/index.js:45:11)\n    at Object.test (/Users/ryan/Documents/dev/ReasonablyTyped/src/__tests__/flow-typed.js:23:25)\n    at <anonymous>"],"status":"failed","title":"Flow Library ecurve_v1.x.x"},{"failureMessages":["Error: Retyped__Modulegen.ModulegenTypeError: Type parameter bounds is not currently supported [in enzyme_v2.3.x from 2:33 to 2:43]\n    at compile (/Users/ryan/Documents/dev/ReasonablyTyped/lib/index.js:45:11)\n    at Object.test (/Users/ryan/Documents/dev/ReasonablyTyped/src/__tests__/flow-typed.js:23:25)\n    at <anonymous>"],"status":"failed","title":"Flow Library enzyme_v2.3.x"},{"failureMessages":["Error: Retyped__Modulegen.ModulegenTypeError: Type parameter bounds is not currently supported [in enzyme_v2.3.x from 2:33 to 2:43]\n    at compile (/Users/ryan/Documents/dev/ReasonablyTyped/lib/index.js:45:11)\n    at Object.test (/Users/ryan/Documents/dev/ReasonablyTyped/src/__tests__/flow-typed.js:23:25)\n    at <anonymous>"],"status":"failed","title":"Flow Library enzyme_v2.3.x"},{"failureMessages":["Error: Retyped__Modulegen.ModulegenTypeError: Type parameter bounds is not currently supported [in enzyme_v2.x.x from 4:24 to 4:49]\n    at compile (/Users/ryan/Documents/dev/ReasonablyTyped/lib/index.js:45:11)\n    at Object.test (/Users/ryan/Documents/dev/ReasonablyTyped/src/__tests__/flow-typed.js:23:25)\n    at <anonymous>"],"status":"failed","title":"Flow Library enzyme_v2.x.x"},{"failureMessages":[],"status":"passed","title":"Flow Library es6-error_v4.x.x"},{"failureMessages":[],"status":"passed","title":"Flow Library escape-string-regexp_v1.x.x"},{"failureMessages":["Error: Retyped__Modulegen.ModulegenStatementError: Inheriting in interfaces is not currently supported [in event-to-promise_v0.7.x from 1:63 to 1:73]\n    at compile (/Users/ryan/Documents/dev/ReasonablyTyped/lib/index.js:45:11)\n    at Object.test (/Users/ryan/Documents/dev/ReasonablyTyped/src/__tests__/flow-typed.js:23:25)\n    at <anonymous>"],"status":"failed","title":"Flow Library event-to-promise_v0.7.x"},{"failureMessages":[],"status":"passed","title":"Flow Library eventemitter3_v1.x.x"},{"failureMessages":["Error: Retyped__Modulegen.ModulegenTypeError: BooleanLiteral is not currently supported [in eventemitter3_v2.x.x from 7:50 to 7:55]\n    at compile (/Users/ryan/Documents/dev/ReasonablyTyped/lib/index.js:45:11)\n    at Object.test (/Users/ryan/Documents/dev/ReasonablyTyped/src/__tests__/flow-typed.js:23:25)\n    at <anonymous>"],"status":"failed","title":"Flow Library eventemitter3_v2.x.x"},{"failureMessages":["Error: Retyped__Modulegen.ModulegenTypeError: Intersection types is not currently supported [in expect_v1.x.x from 3:31 to 15:1]\n    at compile (/Users/ryan/Documents/dev/ReasonablyTyped/lib/index.js:45:11)\n    at Object.test (/Users/ryan/Documents/dev/ReasonablyTyped/src/__tests__/flow-typed.js:23:25)\n    at <anonymous>"],"status":"failed","title":"Flow Library expect_v1.x.x"},{"failureMessages":["Error: Retyped__Modulegen.ModulegenStatementError: Import statements is not currently supported [in express_v4.x.x from 1:0 to 1:35]\n    at compile (/Users/ryan/Documents/dev/ReasonablyTyped/lib/index.js:45:11)\n    at Object.test (/Users/ryan/Documents/dev/ReasonablyTyped/src/__tests__/flow-typed.js:23:25)\n    at <anonymous>"],"status":"failed","title":"Flow Library express_v4.x.x"},{"failureMessages":["Error: Retyped__Modulegen.ModulegenStatementError: Import statements is not currently supported [in express_v4.x.x from 1:0 to 1:35]\n    at compile (/Users/ryan/Documents/dev/ReasonablyTyped/lib/index.js:45:11)\n    at Object.test (/Users/ryan/Documents/dev/ReasonablyTyped/src/__tests__/flow-typed.js:23:25)\n    at <anonymous>"],"status":"failed","title":"Flow Library express_v4.x.x"},{"failureMessages":["Error: Retyped__Modulegen.ModulegenStatementError: Import statements is not currently supported [in express_v4.x.x from 1:0 to 1:35]\n    at compile (/Users/ryan/Documents/dev/ReasonablyTyped/lib/index.js:45:11)\n    at Object.test (/Users/ryan/Documents/dev/ReasonablyTyped/src/__tests__/flow-typed.js:23:25)\n    at <anonymous>"],"status":"failed","title":"Flow Library express_v4.x.x"},{"failureMessages":[],"status":"passed","title":"Flow Library express-subdomain_v1.x.x"},{"failureMessages":["Error: File \"\", line 3, characters 378-380:\n317: <UNKNOWN SYNTAX ERROR>\n    at compile (/Users/ryan/Documents/dev/ReasonablyTyped/lib/index.js:49:11)\n    at Object.test (/Users/ryan/Documents/dev/ReasonablyTyped/src/__tests__/flow-typed.js:23:25)\n    at <anonymous>"],"status":"failed","title":"Flow Library fantasy-options_v0.0.1"},{"failureMessages":["Error: Retyped__Modulegen.ModulegenTypeError: Built-in type $Subtype is not currently supported [in fetch-ponyfill_v3.x.x from 4:14 to 4:41]\n    at compile (/Users/ryan/Documents/dev/ReasonablyTyped/lib/index.js:45:11)\n    at Object.test (/Users/ryan/Documents/dev/ReasonablyTyped/src/__tests__/flow-typed.js:23:25)\n    at <anonymous>"],"status":"failed","title":"Flow Library fetch-ponyfill_v3.x.x"},{"failureMessages":[],"status":"passed","title":"Flow Library file-type_v3.x.x"},{"failureMessages":["Error: Retyped__Modulegen.ModulegenTypeError: Built-in type $Exports is not currently supported [in firebase_v2.4.2 from 248:24 to 248:46]\n    at compile (/Users/ryan/Documents/dev/ReasonablyTyped/lib/index.js:45:11)\n    at Object.test (/Users/ryan/Documents/dev/ReasonablyTyped/src/__tests__/flow-typed.js:23:25)\n    at <anonymous>"],"status":"failed","title":"Flow Library firebase_v2.4.2"},{"failureMessages":["Error: Retyped__Modulegen.ModulegenTypeError: Built-in type $PropertyType is not currently supported [in firebase_v4.x.x from 57:8 to 57:40]\n    at compile (/Users/ryan/Documents/dev/ReasonablyTyped/lib/index.js:45:11)\n    at Object.test (/Users/ryan/Documents/dev/ReasonablyTyped/src/__tests__/flow-typed.js:23:25)\n    at <anonymous>"],"status":"failed","title":"Flow Library firebase_v4.x.x"},{"failureMessages":["Error: Retyped__Modulegen.ModulegenTypeError: Intersection types is not currently supported [in fixed-data-table-2_v7.x.x from 16:47 to 16:84]\n    at compile (/Users/ryan/Documents/dev/ReasonablyTyped/lib/index.js:45:11)\n    at Object.test (/Users/ryan/Documents/dev/ReasonablyTyped/src/__tests__/flow-typed.js:23:25)\n    at <anonymous>"],"status":"failed","title":"Flow Library fixed-data-table-2_v7.x.x"},{"failureMessages":["Error: Retyped__Modulegen.ModulegenTypeError: NumberLiteral is not currently supported [in flatbuffers_v1.5.x from 7:35 to 7:36]\n    at compile (/Users/ryan/Documents/dev/ReasonablyTyped/lib/index.js:45:11)\n    at Object.test (/Users/ryan/Documents/dev/ReasonablyTyped/src/__tests__/flow-typed.js:23:25)\n    at <anonymous>"],"status":"failed","title":"Flow Library flatbuffers_v1.5.x"},{"failureMessages":[],"status":"passed","title":"Flow Library flow-bin_v0.x.x"},{"failureMessages":["Error: Retyped__Modulegen.ModulegenTypeError: Unknown type when converting to Bucklescript type [in fluture_v6.x.x from 21:45 to 21:46]\n    at compile (/Users/ryan/Documents/dev/ReasonablyTyped/lib/index.js:45:11)\n    at Object.test (/Users/ryan/Documents/dev/ReasonablyTyped/src/__tests__/flow-typed.js:23:25)\n    at <anonymous>"],"status":"failed","title":"Flow Library fluture_v6.x.x"},{"failureMessages":["Error: Retyped__Modulegen.ModulegenTypeError: Type parameter bounds is not currently supported [in flux-standard-action_v1.x.x from 2:34 to 2:61]\n    at compile (/Users/ryan/Documents/dev/ReasonablyTyped/lib/index.js:45:11)\n    at Object.test (/Users/ryan/Documents/dev/ReasonablyTyped/src/__tests__/flow-typed.js:23:25)\n    at <anonymous>"],"status":"failed","title":"Flow Library flux-standard-action_v1.x.x"},{"failureMessages":["Error: Retyped__Modulegen.ModulegenTypeError: Type parameter bounds is not currently supported [in flux-standard-action_v1.x.x from 2:34 to 2:61]\n    at compile (/Users/ryan/Documents/dev/ReasonablyTyped/lib/index.js:45:11)\n    at Object.test (/Users/ryan/Documents/dev/ReasonablyTyped/src/__tests__/flow-typed.js:23:25)\n    at <anonymous>"],"status":"failed","title":"Flow Library flux-standard-action_v1.x.x"},{"failureMessages":["Error: Retyped__Modulegen.ModulegenTypeError: Unknown type when converting to Bucklescript type [in flyd_v0.x.x from 10:3 to 10:4]\n    at compile (/Users/ryan/Documents/dev/ReasonablyTyped/lib/index.js:45:11)\n    at Object.test (/Users/ryan/Documents/dev/ReasonablyTyped/src/__tests__/flow-typed.js:23:25)\n    at <anonymous>"],"status":"failed","title":"Flow Library flyd_v0.x.x"},{"failureMessages":["Error: Retyped__Modulegen.ModulegenTypeError: static CallProperty on Object types is not currently supported [in fuse.js_v2.x.x from 13:11 to 13:60]\n    at compile (/Users/ryan/Documents/dev/ReasonablyTyped/lib/index.js:45:11)\n    at Object.test (/Users/ryan/Documents/dev/ReasonablyTyped/src/__tests__/flow-typed.js:23:25)\n    at <anonymous>"],"status":"failed","title":"Flow Library fuse.js_v2.x.x"},{"failureMessages":["Error: Retyped__Modulegen.ModulegenTypeError: Type parameter bounds is not currently supported [in fuzzaldrin_v2.x.x from 4:11 to 4:27]\n    at compile (/Users/ryan/Documents/dev/ReasonablyTyped/lib/index.js:45:11)\n    at Object.test (/Users/ryan/Documents/dev/ReasonablyTyped/src/__tests__/flow-typed.js:23:25)\n    at <anonymous>"],"status":"failed","title":"Flow Library fuzzaldrin_v2.x.x"},{"failureMessages":[],"status":"passed","title":"Flow Library get-stdin_v5.x.x"},{"failureMessages":[],"status":"passed","title":"Flow Library getit_v1.x.x"},{"failureMessages":["Error: File \"\", line 20, characters 2190-2193:\n145: <UNKNOWN SYNTAX ERROR>\n    at compile (/Users/ryan/Documents/dev/ReasonablyTyped/lib/index.js:49:11)\n    at Object.test (/Users/ryan/Documents/dev/ReasonablyTyped/src/__tests__/flow-typed.js:23:25)\n    at <anonymous>"],"status":"failed","title":"Flow Library gl-matrix_v2.x.x"},{"failureMessages":["Error: Retyped__Modulegen.ModulegenStatementError: Inheriting in interfaces is not currently supported [in graceful-fs_v4.1.x from 2:39 to 2:44]\n    at compile (/Users/ryan/Documents/dev/ReasonablyTyped/lib/index.js:45:11)\n    at Object.test (/Users/ryan/Documents/dev/ReasonablyTyped/src/__tests__/flow-typed.js:23:25)\n    at <anonymous>"],"status":"failed","title":"Flow Library graceful-fs_v4.1.x"},{"failureMessages":["Error: Retyped__Modulegen.ModulegenDeclError: Unknown declaration when converting a module property declaration [in graphql-server-module-graphiql_v0.7.x from 3:2 to 11:3]\n    at compile (/Users/ryan/Documents/dev/ReasonablyTyped/lib/index.js:45:11)\n    at Object.test (/Users/ryan/Documents/dev/ReasonablyTyped/src/__tests__/flow-typed.js:23:25)\n    at <anonymous>"],"status":"failed","title":"Flow Library graphql-server-module-graphiql_v0.7.x"},{"failureMessages":["Error: Retyped__Modulegen.ModulegenTypeError: Intersection types is not currently supported [in grommet_v1.1.0 from 86:38 to 92:49]\n    at compile (/Users/ryan/Documents/dev/ReasonablyTyped/lib/index.js:45:11)\n    at Object.test (/Users/ryan/Documents/dev/ReasonablyTyped/src/__tests__/flow-typed.js:23:25)\n    at <anonymous>"],"status":"failed","title":"Flow Library grommet_v1.1.0"},{"failureMessages":["Error: Retyped__Modulegen.ModulegenTypeError: Intersection types is not currently supported [in he_v1.x.x from 15:55 to 17:5]\n    at compile (/Users/ryan/Documents/dev/ReasonablyTyped/lib/index.js:45:11)\n    at Object.test (/Users/ryan/Documents/dev/ReasonablyTyped/src/__tests__/flow-typed.js:23:25)\n    at <anonymous>"],"status":"failed","title":"Flow Library he_v1.x.x"},{"failureMessages":[],"status":"passed","title":"Flow Library highlight.js_v8.x.x"},{"failureMessages":["Error: Retyped__Modulegen.ModulegenTypeError: Intersection types is not currently supported [in history_v1.x.x from 62:49 to 66:3]\n    at compile (/Users/ryan/Documents/dev/ReasonablyTyped/lib/index.js:45:11)\n    at Object.test (/Users/ryan/Documents/dev/ReasonablyTyped/src/__tests__/flow-typed.js:23:25)\n    at <anonymous>"],"status":"failed","title":"Flow Library history_v1.x.x"},{"failureMessages":["Error: Retyped__Modulegen.ModulegenTypeError: NumberLiteral is not currently supported [in http-codes_v1.x.x from 3:14 to 3:17]\n    at compile (/Users/ryan/Documents/dev/ReasonablyTyped/lib/index.js:45:11)\n    at Object.test (/Users/ryan/Documents/dev/ReasonablyTyped/src/__tests__/flow-typed.js:23:25)\n    at <anonymous>"],"status":"failed","title":"Flow Library http-codes_v1.x.x"},{"failureMessages":["Error: Retyped__Codegen.CodegenTypeError: Typeof can only operate on variable declarations\n    at compile (/Users/ryan/Documents/dev/ReasonablyTyped/lib/index.js:45:11)\n    at Object.test (/Users/ryan/Documents/dev/ReasonablyTyped/src/__tests__/flow-typed.js:23:25)\n    at <anonymous>"],"status":"failed","title":"Flow Library http-errors_v1.x.x"},{"failureMessages":["Error: Retyped__Modulegen.ModulegenTypeError: NumberLiteral is not currently supported [in http-status_v1.x.x from 63:14 to 63:17]\n    at compile (/Users/ryan/Documents/dev/ReasonablyTyped/lib/index.js:45:11)\n    at Object.test (/Users/ryan/Documents/dev/ReasonablyTyped/src/__tests__/flow-typed.js:23:25)\n    at <anonymous>"],"status":"failed","title":"Flow Library http-status_v1.x.x"},{"failureMessages":[],"status":"passed","title":"Flow Library i18next_v2.x.x"},{"failureMessages":[],"status":"passed","title":"Flow Library i18next_v2.x.x"},{"failureMessages":["Error: File \"\", line 5, characters 27-28:\n1229: <SYNTAX ERROR>\n\n    at compile (/Users/ryan/Documents/dev/ReasonablyTyped/lib/index.js:49:11)\n    at Object.test (/Users/ryan/Documents/dev/ReasonablyTyped/src/__tests__/flow-typed.js:23:25)\n    at <anonymous>"],"status":"failed","title":"Flow Library ical-generator_v0.2.x"},{"failureMessages":["Error: Retyped__Modulegen.ModulegenTypeError: static CallProperty on Object types is not currently supported [in imurmurhash_v0.1.x from 8:11 to 8:56]\n    at compile (/Users/ryan/Documents/dev/ReasonablyTyped/lib/index.js:45:11)\n    at Object.test (/Users/ryan/Documents/dev/ReasonablyTyped/src/__tests__/flow-typed.js:23:25)\n    at <anonymous>"],"status":"failed","title":"Flow Library imurmurhash_v0.1.x"},{"failureMessages":[],"status":"passed","title":"Flow Library in-range_v1.x.x"},{"failureMessages":[],"status":"passed","title":"Flow Library indent-string_v3.x.x"},{"failureMessages":["Error: Retyped__Modulegen.ModulegenStatementError: Inheriting in interfaces is not currently supported [in inquirer_v2.x.x from 63:35 to 63:52]\n    at compile (/Users/ryan/Documents/dev/ReasonablyTyped/lib/index.js:45:11)\n    at Object.test (/Users/ryan/Documents/dev/ReasonablyTyped/src/__tests__/flow-typed.js:23:25)\n    at <anonymous>"],"status":"failed","title":"Flow Library inquirer_v2.x.x"},{"failureMessages":["Error: File \"\", line 6, characters 108-109:\n1307: <SYNTAX ERROR>\n\n    at compile (/Users/ryan/Documents/dev/ReasonablyTyped/lib/index.js:49:11)\n    at Object.test (/Users/ryan/Documents/dev/ReasonablyTyped/src/__tests__/flow-typed.js:23:25)\n    at <anonymous>"],"status":"failed","title":"Flow Library intl-messageformat_v1.x.x"},{"failureMessages":["Error: Retyped__Modulegen.ModulegenDeclError: Unknown declaration type when converting a module declaration [in invariant_v2.x.x from 1:0 to 3:1]\n    at compile (/Users/ryan/Documents/dev/ReasonablyTyped/lib/index.js:45:11)\n    at Object.test (/Users/ryan/Documents/dev/ReasonablyTyped/src/__tests__/flow-typed.js:23:25)\n    at <anonymous>"],"status":"failed","title":"Flow Library invariant_v2.x.x"},{"failureMessages":[],"status":"passed","title":"Flow Library is-absolute-url_v2.x.x"},{"failureMessages":[],"status":"passed","title":"Flow Library is-archive_v1.x.x"},{"failureMessages":[],"status":"passed","title":"Flow Library is-binary-path_v1.x.x"},{"failureMessages":[],"status":"passed","title":"Flow Library is-compressed_v1.x.x"},{"failureMessages":[],"status":"passed","title":"Flow Library is-finite_v1.x.x"},{"failureMessages":[],"status":"passed","title":"Flow Library is-path-cwd_v1.x.x"},{"failureMessages":[],"status":"passed","title":"Flow Library is-path-in-cwd_v1.x.x"},{"failureMessages":[],"status":"passed","title":"Flow Library is-promise_v2.x.x"},{"failureMessages":[],"status":"passed","title":"Flow Library is-relative-url_v2.x.x"},{"failureMessages":[],"status":"passed","title":"Flow Library is-root_v1.x.x"},{"failureMessages":[],"status":"passed","title":"Flow Library is-root-path_v1.x.x"},{"failureMessages":[],"status":"passed","title":"Flow Library is-text-path_v1.x.x"},{"failureMessages":[],"status":"passed","title":"Flow Library is-url_v1.x.x"},{"failureMessages":[],"status":"passed","title":"Flow Library isemail_v2.2.x"},{"failureMessages":[],"status":"passed","title":"Flow Library isomorphic-fetch_v2.x.x"},{"failureMessages":[],"status":"passed","title":"Flow Library jasmine_v2.4.x"},{"failureMessages":[],"status":"passed","title":"Flow Library jest_v12.0.x"},{"failureMessages":[],"status":"passed","title":"Flow Library jest_v14.x.x"},{"failureMessages":["Error: Retyped__Modulegen.ModulegenTypeError: Unknown type when converting to Bucklescript type [in jest_v16.x.x from 49:28 to 49:29]\n    at compile (/Users/ryan/Documents/dev/ReasonablyTyped/lib/index.js:45:11)\n    at Object.test (/Users/ryan/Documents/dev/ReasonablyTyped/src/__tests__/flow-typed.js:23:25)\n    at <anonymous>"],"status":"failed","title":"Flow Library jest_v16.x.x"},{"failureMessages":["Error: Retyped__Modulegen.ModulegenTypeError: Unknown type when converting to Bucklescript type [in jest_v17.x.x from 143:28 to 143:29]\n    at compile (/Users/ryan/Documents/dev/ReasonablyTyped/lib/index.js:45:11)\n    at Object.test (/Users/ryan/Documents/dev/ReasonablyTyped/src/__tests__/flow-typed.js:23:25)\n    at <anonymous>"],"status":"failed","title":"Flow Library jest_v17.x.x"},{"failureMessages":["Error: Retyped__Modulegen.ModulegenTypeError: Unknown type when converting to Bucklescript type [in jest_v18.x.x from 143:28 to 143:29]\n    at compile (/Users/ryan/Documents/dev/ReasonablyTyped/lib/index.js:45:11)\n    at Object.test (/Users/ryan/Documents/dev/ReasonablyTyped/src/__tests__/flow-typed.js:23:25)\n    at <anonymous>"],"status":"failed","title":"Flow Library jest_v18.x.x"},{"failureMessages":["Error: Retyped__Modulegen.ModulegenTypeError: Unknown type when converting to Bucklescript type [in jest_v19.x.x from 143:28 to 143:29]\n    at compile (/Users/ryan/Documents/dev/ReasonablyTyped/lib/index.js:45:11)\n    at Object.test (/Users/ryan/Documents/dev/ReasonablyTyped/src/__tests__/flow-typed.js:23:25)\n    at <anonymous>"],"status":"failed","title":"Flow Library jest_v19.x.x"},{"failureMessages":["Error: Retyped__Modulegen.ModulegenTypeError: Intersection types is not currently supported [in jest_v20.x.x from 133:7 to 133:42]\n    at compile (/Users/ryan/Documents/dev/ReasonablyTyped/lib/index.js:45:11)\n    at Object.test (/Users/ryan/Documents/dev/ReasonablyTyped/src/__tests__/flow-typed.js:23:25)\n    at <anonymous>"],"status":"failed","title":"Flow Library jest_v20.x.x"},{"failureMessages":["Error: Retyped__Modulegen.ModulegenTypeError: Indexer on Object types is not currently supported [in jquery_v3.x.x from 650:2 to 650:38]\n    at compile (/Users/ryan/Documents/dev/ReasonablyTyped/lib/index.js:45:11)\n    at Object.test (/Users/ryan/Documents/dev/ReasonablyTyped/src/__tests__/flow-typed.js:23:25)\n    at <anonymous>"],"status":"failed","title":"Flow Library jquery_v3.x.x"},{"failureMessages":["Error: File \"\", line 3, characters 396-397:\n1233: <SYNTAX ERROR>\n\n    at compile (/Users/ryan/Documents/dev/ReasonablyTyped/lib/index.js:49:11)\n    at Object.test (/Users/ryan/Documents/dev/ReasonablyTyped/src/__tests__/flow-typed.js:23:25)\n    at <anonymous>"],"status":"failed","title":"Flow Library js-beautify_v1.6.x"},{"failureMessages":[],"status":"passed","title":"Flow Library js-cookie_v2.x.x"},{"failureMessages":[],"status":"passed","title":"Flow Library js-cookie_v2.x.x"},{"failureMessages":[],"status":"passed","title":"Flow Library jsuri_v1.x.x"},{"failureMessages":["Error: Retyped__Modulegen.ModulegenDeclError: Unknown declaration type when converting a module declaration [in kefir_v3.3.x from 9:0 to 255:1]\n    at compile (/Users/ryan/Documents/dev/ReasonablyTyped/lib/index.js:45:11)\n    at Object.test (/Users/ryan/Documents/dev/ReasonablyTyped/src/__tests__/flow-typed.js:23:25)\n    at <anonymous>"],"status":"failed","title":"Flow Library kefir_v3.3.x"},{"failureMessages":["Error: Retyped__Modulegen.ModulegenDeclError: Unknown declaration type when converting a module declaration [in kefir_v3.x.x from 9:0 to 253:1]\n    at compile (/Users/ryan/Documents/dev/ReasonablyTyped/lib/index.js:45:11)\n    at Object.test (/Users/ryan/Documents/dev/ReasonablyTyped/src/__tests__/flow-typed.js:23:25)\n    at <anonymous>"],"status":"failed","title":"Flow Library kefir_v3.x.x"},{"failureMessages":["Error: Retyped__Modulegen.ModulegenTypeError: static CallProperty on Object types is not currently supported [in knex_v0.12.x from 124:9 to 124:41]\n    at compile (/Users/ryan/Documents/dev/ReasonablyTyped/lib/index.js:45:11)\n    at Object.test (/Users/ryan/Documents/dev/ReasonablyTyped/src/__tests__/flow-typed.js:23:25)\n    at <anonymous>"],"status":"failed","title":"Flow Library knex_v0.12.x"},{"failureMessages":["Error: Retyped__Modulegen.ModulegenTypeError: Indexer on Object types is not currently supported [in koa_v2.0.x from 24:4 to 24:25]\n    at compile (/Users/ryan/Documents/dev/ReasonablyTyped/lib/index.js:45:11)\n    at Object.test (/Users/ryan/Documents/dev/ReasonablyTyped/src/__tests__/flow-typed.js:23:25)\n    at <anonymous>"],"status":"failed","title":"Flow Library koa_v2.0.x"},{"failureMessages":["Error: Retyped__Modulegen.ModulegenTypeError: Indexer on Object types is not currently supported [in koa_v2.0.x from 24:4 to 24:25]\n    at compile (/Users/ryan/Documents/dev/ReasonablyTyped/lib/index.js:45:11)\n    at Object.test (/Users/ryan/Documents/dev/ReasonablyTyped/src/__tests__/flow-typed.js:23:25)\n    at <anonymous>"],"status":"failed","title":"Flow Library koa_v2.0.x"},{"failureMessages":["Error: Retyped__Modulegen.ModulegenTypeError: Indexer on Object types is not currently supported [in koa_v2.0.x from 25:4 to 25:25]\n    at compile (/Users/ryan/Documents/dev/ReasonablyTyped/lib/index.js:45:11)\n    at Object.test (/Users/ryan/Documents/dev/ReasonablyTyped/src/__tests__/flow-typed.js:23:25)\n    at <anonymous>"],"status":"failed","title":"Flow Library koa_v2.0.x"},{"failureMessages":["Error: Retyped__Modulegen.ModulegenTypeError: Indexer on Object types is not currently supported [in koa_v2.x.x from 30:4 to 30:25]\n    at compile (/Users/ryan/Documents/dev/ReasonablyTyped/lib/index.js:45:11)\n    at Object.test (/Users/ryan/Documents/dev/ReasonablyTyped/src/__tests__/flow-typed.js:23:25)\n    at <anonymous>"],"status":"failed","title":"Flow Library koa_v2.x.x"},{"failureMessages":["Error: Retyped__Modulegen.ModulegenTypeError: NumberLiteral is not currently supported [in koa-bunyan-logger_v2.x.x from 17:4 to 22:6]\n    at compile (/Users/ryan/Documents/dev/ReasonablyTyped/lib/index.js:45:11)\n    at Object.test (/Users/ryan/Documents/dev/ReasonablyTyped/src/__tests__/flow-typed.js:23:25)\n    at <anonymous>"],"status":"failed","title":"Flow Library koa-bunyan-logger_v2.x.x"},{"failureMessages":[],"status":"passed","title":"Flow Library left-pad_v1.x.x"},{"failureMessages":[],"status":"passed","title":"Flow Library lerna_v1.x.x"},{"failureMessages":[],"status":"passed","title":"Flow Library leven_v2.x.x"},{"failureMessages":[],"status":"passed","title":"Flow Library load-script_v1.x.x"},{"failureMessages":["Error: Retyped__Modulegen.ModulegenTypeError: Type parameter bounds is not currently supported [in lodash_v4.x.x from 66:14 to 66:18]\n    at compile (/Users/ryan/Documents/dev/ReasonablyTyped/lib/index.js:45:11)\n    at Object.test (/Users/ryan/Documents/dev/ReasonablyTyped/src/__tests__/flow-typed.js:23:25)\n    at <anonymous>"],"status":"failed","title":"Flow Library lodash_v4.x.x"},{"failureMessages":["Error: Retyped__Modulegen.ModulegenTypeError: Type parameter bounds is not currently supported [in lodash_v4.x.x from 67:14 to 67:18]\n    at compile (/Users/ryan/Documents/dev/ReasonablyTyped/lib/index.js:45:11)\n    at Object.test (/Users/ryan/Documents/dev/ReasonablyTyped/src/__tests__/flow-typed.js:23:25)\n    at <anonymous>"],"status":"failed","title":"Flow Library lodash_v4.x.x"},{"failureMessages":["Error: Retyped__Modulegen.ModulegenTypeError: Type parameter bounds is not currently supported [in lodash_v4.x.x from 67:14 to 67:18]\n    at compile (/Users/ryan/Documents/dev/ReasonablyTyped/lib/index.js:45:11)\n    at Object.test (/Users/ryan/Documents/dev/ReasonablyTyped/src/__tests__/flow-typed.js:23:25)\n    at <anonymous>"],"status":"failed","title":"Flow Library lodash_v4.x.x"},{"failureMessages":[],"status":"passed","title":"Flow Library log4js_v1.x.x"},{"failureMessages":["Error: Retyped__Modulegen.ModulegenTypeError: NumberLiteral is not currently supported [in loglevel_v1.x.x from 8:28 to 8:49]\n    at compile (/Users/ryan/Documents/dev/ReasonablyTyped/lib/index.js:45:11)\n    at Object.test (/Users/ryan/Documents/dev/ReasonablyTyped/src/__tests__/flow-typed.js:23:25)\n    at <anonymous>"],"status":"failed","title":"Flow Library loglevel_v1.x.x"},{"failureMessages":[],"status":"passed","title":"Flow Library lru-cache_v4.0.x"},{"failureMessages":["Error: Retyped__Modulegen.ModulegenTypeError: Type parameter bounds is not currently supported [in map-obj_v1.x.x from 5:4 to 5:21]\n    at compile (/Users/ryan/Documents/dev/ReasonablyTyped/lib/index.js:45:11)\n    at Object.test (/Users/ryan/Documents/dev/ReasonablyTyped/src/__tests__/flow-typed.js:23:25)\n    at <anonymous>"],"status":"failed","title":"Flow Library map-obj_v1.x.x"},{"failureMessages":["Error: Retyped__Modulegen.ModulegenStatementError: Class declatations is not currently supported [in marked_v0.3.x from 5:0 to 28:1]\n    at compile (/Users/ryan/Documents/dev/ReasonablyTyped/lib/index.js:45:11)\n    at Object.test (/Users/ryan/Documents/dev/ReasonablyTyped/src/__tests__/flow-typed.js:23:25)\n    at <anonymous>"],"status":"failed","title":"Flow Library marked_v0.3.x"},{"failureMessages":["Error: Retyped__Modulegen.ModulegenStatementError: Class declatations is not currently supported [in marked-man_v0.1.x from 6:0 to 29:1]\n    at compile (/Users/ryan/Documents/dev/ReasonablyTyped/lib/index.js:45:11)\n    at Object.test (/Users/ryan/Documents/dev/ReasonablyTyped/src/__tests__/flow-typed.js:23:25)\n    at <anonymous>"],"status":"failed","title":"Flow Library marked-man_v0.1.x"},{"failureMessages":[],"status":"passed","title":"Flow Library matchmedia_v0.x.x"},{"failureMessages":[],"status":"passed","title":"Flow Library meow_v3.x.x"},{"failureMessages":[],"status":"passed","title":"Flow Library mersenne-twister_v1.x.x"},{"failureMessages":["Error: Retyped__Modulegen.ModulegenTypeError: Indexer on Object types is not currently supported [in minimist_v1.x.x from 15:4 to 15:36]\n    at compile (/Users/ryan/Documents/dev/ReasonablyTyped/lib/index.js:45:11)\n    at Object.test (/Users/ryan/Documents/dev/ReasonablyTyped/src/__tests__/flow-typed.js:23:25)\n    at <anonymous>"],"status":"failed","title":"Flow Library minimist_v1.x.x"},{"failureMessages":["Error: File \"\", line 3, characters 59-64:\n145: <UNKNOWN SYNTAX ERROR>\n    at compile (/Users/ryan/Documents/dev/ReasonablyTyped/lib/index.js:49:11)\n    at Object.test (/Users/ryan/Documents/dev/ReasonablyTyped/src/__tests__/flow-typed.js:23:25)\n    at <anonymous>"],"status":"failed","title":"Flow Library mixpanel_v0.6.x"},{"failureMessages":[],"status":"passed","title":"Flow Library mixpanel-browser_v2.11.x"},{"failureMessages":[],"status":"passed","title":"Flow Library mkdirp_v0.5.x"},{"failureMessages":["Error: Retyped__Codegen.CodegenTypeError: Cannot use string literal outside the context of a union type\n    at compile (/Users/ryan/Documents/dev/ReasonablyTyped/lib/index.js:45:11)\n    at Object.test (/Users/ryan/Documents/dev/ReasonablyTyped/src/__tests__/flow-typed.js:23:25)\n    at <anonymous>"],"status":"failed","title":"Flow Library mobile-detect_v1.x.x"},{"failureMessages":[],"status":"passed","title":"Flow Library mocha_v2.4.x"},{"failureMessages":["Error: Retyped__Modulegen.ModulegenStatementError: Inheriting in interfaces is not currently supported [in mocha_v3.1.x from 155:42 to 155:61]\n    at compile (/Users/ryan/Documents/dev/ReasonablyTyped/lib/index.js:45:11)\n    at Object.test (/Users/ryan/Documents/dev/ReasonablyTyped/src/__tests__/flow-typed.js:23:25)\n    at <anonymous>"],"status":"failed","title":"Flow Library mocha_v3.1.x"},{"failureMessages":["Error: Retyped__Modulegen.ModulegenTypeError: static CallProperty on Object types is not currently supported [in moment_v2.x.x from 104:9 to 104:104]\n    at compile (/Users/ryan/Documents/dev/ReasonablyTyped/lib/index.js:45:11)\n    at Object.test (/Users/ryan/Documents/dev/ReasonablyTyped/src/__tests__/flow-typed.js:23:25)\n    at <anonymous>"],"status":"failed","title":"Flow Library moment_v2.x.x"},{"failureMessages":["Error: Retyped__Modulegen.ModulegenStatementError: Import statements is not currently supported [in morgan_v1.x.x from 2:0 to 2:63]\n    at compile (/Users/ryan/Documents/dev/ReasonablyTyped/lib/index.js:45:11)\n    at Object.test (/Users/ryan/Documents/dev/ReasonablyTyped/src/__tests__/flow-typed.js:23:25)\n    at <anonymous>"],"status":"failed","title":"Flow Library morgan_v1.x.x"},{"failureMessages":["Error: Retyped__Modulegen.ModulegenDeclError: Unknown declaration type when converting a module declaration [in mori_v0.3.x from 9:0 to 573:1]\n    at compile (/Users/ryan/Documents/dev/ReasonablyTyped/lib/index.js:45:11)\n    at Object.test (/Users/ryan/Documents/dev/ReasonablyTyped/src/__tests__/flow-typed.js:23:25)\n    at <anonymous>"],"status":"failed","title":"Flow Library mori_v0.3.x"},{"failureMessages":["Error: File \"\", line 2, characters 91-94:\n145: <UNKNOWN SYNTAX ERROR>\n    at compile (/Users/ryan/Documents/dev/ReasonablyTyped/lib/index.js:49:11)\n    at Object.test (/Users/ryan/Documents/dev/ReasonablyTyped/src/__tests__/flow-typed.js:23:25)\n    at <anonymous>"],"status":"failed","title":"Flow Library mousetrap_v1.x.x"},{"failureMessages":[],"status":"passed","title":"Flow Library multi-typeof_v1.x.x"},{"failureMessages":["Error: Retyped__Modulegen.ModulegenTypeError: Intersection types is not currently supported [in mysql_v2.x.x from 40:30 to 44:3]\n    at compile (/Users/ryan/Documents/dev/ReasonablyTyped/lib/index.js:45:11)\n    at Object.test (/Users/ryan/Documents/dev/ReasonablyTyped/src/__tests__/flow-typed.js:23:25)\n    at <anonymous>"],"status":"failed","title":"Flow Library mysql_v2.x.x"},{"failureMessages":["Error: Retyped__Modulegen.ModulegenTypeError: NumberLiteral is not currently supported [in newrelic_v1.x.x from 95:25 to 95:26]\n    at compile (/Users/ryan/Documents/dev/ReasonablyTyped/lib/index.js:45:11)\n    at Object.test (/Users/ryan/Documents/dev/ReasonablyTyped/src/__tests__/flow-typed.js:23:25)\n    at <anonymous>"],"status":"failed","title":"Flow Library newrelic_v1.x.x"},{"failureMessages":["Error: Retyped__Modulegen.ModulegenDeclError: Unknown declaration when converting a module property declaration [in next_v2.x.x from 2:2 to 2:126]\n    at compile (/Users/ryan/Documents/dev/ReasonablyTyped/lib/index.js:45:11)\n    at Object.test (/Users/ryan/Documents/dev/ReasonablyTyped/src/__tests__/flow-typed.js:23:25)\n    at <anonymous>"],"status":"failed","title":"Flow Library next_v2.x.x"},{"failureMessages":["Error: Retyped__Modulegen.ModulegenStatementError: Import statements is not currently supported [in next-routes_v1.x.x from 3:2 to 3:58]\n    at compile (/Users/ryan/Documents/dev/ReasonablyTyped/lib/index.js:45:11)\n    at Object.test (/Users/ryan/Documents/dev/ReasonablyTyped/src/__tests__/flow-typed.js:23:25)\n    at <anonymous>"],"status":"failed","title":"Flow Library next-routes_v1.x.x"},{"failureMessages":["Error: Retyped__Modulegen.ModulegenStatementError: Import statements is not currently supported [in nock_v9.x.x from 1:0 to 1:40]\n    at compile (/Users/ryan/Documents/dev/ReasonablyTyped/lib/index.js:45:11)\n    at Object.test (/Users/ryan/Documents/dev/ReasonablyTyped/src/__tests__/flow-typed.js:23:25)\n    at <anonymous>"],"status":"failed","title":"Flow Library nock_v9.x.x"},{"failureMessages":[],"status":"passed","title":"Flow Library node-fetch_v1.x.x"},{"failureMessages":["Error: File \"\", line 8, characters 74-75:\n1307: <SYNTAX ERROR>\n\n    at compile (/Users/ryan/Documents/dev/ReasonablyTyped/lib/index.js:49:11)\n    at Object.test (/Users/ryan/Documents/dev/ReasonablyTyped/src/__tests__/flow-typed.js:23:25)\n    at <anonymous>"],"status":"failed","title":"Flow Library node-hid_v0.x.x"},{"failureMessages":["Error: File \"\", line 3, characters 20-27:\n320: <UNKNOWN SYNTAX ERROR>\n    at compile (/Users/ryan/Documents/dev/ReasonablyTyped/lib/index.js:49:11)\n    at Object.test (/Users/ryan/Documents/dev/ReasonablyTyped/src/__tests__/flow-typed.js:23:25)\n    at <anonymous>"],"status":"failed","title":"Flow Library node-int64_v0.4.x"},{"failureMessages":["Error: Retyped__Modulegen.ModulegenDeclError: Unknown declaration when converting a module property declaration [in node-uuid_v1.4.x from 22:2 to 22:30]\n    at compile (/Users/ryan/Documents/dev/ReasonablyTyped/lib/index.js:45:11)\n    at Object.test (/Users/ryan/Documents/dev/ReasonablyTyped/src/__tests__/flow-typed.js:23:25)\n    at <anonymous>"],"status":"failed","title":"Flow Library node-uuid_v1.4.x"},{"failureMessages":[],"status":"passed","title":"Flow Library normalizr_v2.x.x"},{"failureMessages":["Error: Retyped__Modulegen.ModulegenTypeError: static CallProperty on Object types is not currently supported [in notifyjs_v1.x.x from 17:11 to 17:60]\n    at compile (/Users/ryan/Documents/dev/ReasonablyTyped/lib/index.js:45:11)\n    at Object.test (/Users/ryan/Documents/dev/ReasonablyTyped/src/__tests__/flow-typed.js:23:25)\n    at <anonymous>"],"status":"failed","title":"Flow Library notifyjs_v1.x.x"},{"failureMessages":[],"status":"passed","title":"Flow Library number-is-nan_v1.x.x"},{"failureMessages":["Error: Retyped__Codegen.CodegenTypeError: Unknown identifier: numeral\n    at compile (/Users/ryan/Documents/dev/ReasonablyTyped/lib/index.js:45:11)\n    at Object.test (/Users/ryan/Documents/dev/ReasonablyTyped/src/__tests__/flow-typed.js:23:25)\n    at <anonymous>"],"status":"failed","title":"Flow Library numeral_v2.x.x"},{"failureMessages":[],"status":"passed","title":"Flow Library object-assign_v4.x.x"},{"failureMessages":[],"status":"passed","title":"Flow Library os-homedir_v1.x.x"},{"failureMessages":[],"status":"passed","title":"Flow Library os-tmpdir_v1.x.x"},{"failureMessages":[],"status":"passed","title":"Flow Library out_v1.x.x"},{"failureMessages":["Error: File \"\", line 5, characters 5-6:\n79: <SYNTAX ERROR>\n\n    at compile (/Users/ryan/Documents/dev/ReasonablyTyped/lib/index.js:49:11)\n    at Object.test (/Users/ryan/Documents/dev/ReasonablyTyped/src/__tests__/flow-typed.js:23:25)\n    at <anonymous>"],"status":"failed","title":"Flow Library pad_v1.x.x"},{"failureMessages":["Error: Retyped__Codegen.CodegenTypeError: Unknown identifier: Papa\n    at compile (/Users/ryan/Documents/dev/ReasonablyTyped/lib/index.js:45:11)\n    at Object.test (/Users/ryan/Documents/dev/ReasonablyTyped/src/__tests__/flow-typed.js:23:25)\n    at <anonymous>"],"status":"failed","title":"Flow Library papaparse_v4.x.x"},{"failureMessages":["Error: Retyped__Modulegen.ModulegenTypeError: Unknown type when converting to Bucklescript type [in parse_v1.9.x from 34:37 to 34:38]\n    at compile (/Users/ryan/Documents/dev/ReasonablyTyped/lib/index.js:45:11)\n    at Object.test (/Users/ryan/Documents/dev/ReasonablyTyped/src/__tests__/flow-typed.js:23:25)\n    at <anonymous>"],"status":"failed","title":"Flow Library parse_v1.9.x"},{"failureMessages":[],"status":"passed","title":"Flow Library path-exists_v3.x.x"},{"failureMessages":[],"status":"passed","title":"Flow Library path-is-absolute_v1.x.x"},{"failureMessages":["Error: Retyped__Codegen.CodegenTypeError: Typeof can only operate on variable declarations\n    at compile (/Users/ryan/Documents/dev/ReasonablyTyped/lib/index.js:45:11)\n    at Object.test (/Users/ryan/Documents/dev/ReasonablyTyped/src/__tests__/flow-typed.js:23:25)\n    at <anonymous>"],"status":"failed","title":"Flow Library paths-js_v0.4.x"},{"failureMessages":["Error: Retyped__Modulegen.ModulegenDeclError: Unknown declaration type when converting a module declaration [in pg_v6.x.x from 1:0 to 290:1]\n    at compile (/Users/ryan/Documents/dev/ReasonablyTyped/lib/index.js:45:11)\n    at Object.test (/Users/ryan/Documents/dev/ReasonablyTyped/src/__tests__/flow-typed.js:23:25)\n    at <anonymous>"],"status":"failed","title":"Flow Library pg_v6.x.x"},{"failureMessages":[],"status":"passed","title":"Flow Library platform_v1.x.x"},{"failureMessages":[],"status":"passed","title":"Flow Library pluralize_v1.x.x"},{"failureMessages":[],"status":"passed","title":"Flow Library pluralize_v2.x.x"},{"failureMessages":[],"status":"passed","title":"Flow Library pluralize_v3.x.x"},{"failureMessages":["Error: Parse_error.Error: undefined\n    at compile (/Users/ryan/Documents/dev/ReasonablyTyped/lib/index.js:45:11)\n    at Object.test (/Users/ryan/Documents/dev/ReasonablyTyped/src/__tests__/flow-typed.js:23:25)\n    at <anonymous>"],"status":"failed","title":"Flow Library popper.js_v1.1.x"},{"failureMessages":[],"status":"passed","title":"Flow Library pretty-error_v2.x.x"},{"failureMessages":["Error: Retyped__Modulegen.ModulegenStatementError: Import statements is not currently supported [in primus_v5.x.x from 1:0 to 1:24]\n    at compile (/Users/ryan/Documents/dev/ReasonablyTyped/lib/index.js:45:11)\n    at Object.test (/Users/ryan/Documents/dev/ReasonablyTyped/src/__tests__/flow-typed.js:23:25)\n    at <anonymous>"],"status":"failed","title":"Flow Library primus_v5.x.x"},{"failureMessages":["Error: Retyped__Modulegen.ModulegenStatementError: Import statements is not currently supported [in primus_v6.x.x from 1:0 to 1:24]\n    at compile (/Users/ryan/Documents/dev/ReasonablyTyped/lib/index.js:45:11)\n    at Object.test (/Users/ryan/Documents/dev/ReasonablyTyped/src/__tests__/flow-typed.js:23:25)\n    at <anonymous>"],"status":"failed","title":"Flow Library primus_v6.x.x"},{"failureMessages":["Error: Retyped__Codegen.CodegenTypeError: Cannot use string literal outside the context of a union type\n    at compile (/Users/ryan/Documents/dev/ReasonablyTyped/lib/index.js:45:11)\n    at Object.test (/Users/ryan/Documents/dev/ReasonablyTyped/src/__tests__/flow-typed.js:23:25)\n    at <anonymous>"],"status":"failed","title":"Flow Library prismic.io_v3.x.x"},{"failureMessages":["Error: File \"\", line 10, characters 34-41:\n145: <UNKNOWN SYNTAX ERROR>\n    at compile (/Users/ryan/Documents/dev/ReasonablyTyped/lib/index.js:49:11)\n    at Object.test (/Users/ryan/Documents/dev/ReasonablyTyped/src/__tests__/flow-typed.js:23:25)\n    at <anonymous>"],"status":"failed","title":"Flow Library promise-retry_v1.1.x"},{"failureMessages":["Error: Retyped__Modulegen.ModulegenTypeError: Built-in type $Subtype is not currently supported [in prop-types_v15.x.x from 25:15 to 25:76]\n    at compile (/Users/ryan/Documents/dev/ReasonablyTyped/lib/index.js:45:11)\n    at Object.test (/Users/ryan/Documents/dev/ReasonablyTyped/src/__tests__/flow-typed.js:23:25)\n    at <anonymous>"],"status":"failed","title":"Flow Library prop-types_v15.x.x"},{"failureMessages":["Error: Retyped__Modulegen.ModulegenTypeError: Type parameter bounds is not currently supported [in radium_v0.17.x from 97:5 to 97:23]\n    at compile (/Users/ryan/Documents/dev/ReasonablyTyped/lib/index.js:45:11)\n    at Object.test (/Users/ryan/Documents/dev/ReasonablyTyped/src/__tests__/flow-typed.js:23:25)\n    at <anonymous>"],"status":"failed","title":"Flow Library radium_v0.17.x"},{"failureMessages":["Error: Retyped__Codegen.CodegenTypeError: Typeof can only operate on variable declarations\n    at compile (/Users/ryan/Documents/dev/ReasonablyTyped/lib/index.js:45:11)\n    at Object.test (/Users/ryan/Documents/dev/ReasonablyTyped/src/__tests__/flow-typed.js:23:25)\n    at <anonymous>"],"status":"failed","title":"Flow Library radium_v0.19.x"},{"failureMessages":["Error: Retyped__Modulegen.ModulegenTypeError: Unknown type when converting to Bucklescript type [in ramda_v0.x.x from 4:38 to 4:39]\n    at compile (/Users/ryan/Documents/dev/ReasonablyTyped/lib/index.js:45:11)\n    at Object.test (/Users/ryan/Documents/dev/ReasonablyTyped/src/__tests__/flow-typed.js:23:25)\n    at <anonymous>"],"status":"failed","title":"Flow Library ramda_v0.x.x"},{"failureMessages":["Error: Retyped__Modulegen.ModulegenTypeError: Unknown type when converting to Bucklescript type [in ramda_v0.x.x from 4:38 to 4:39]\n    at compile (/Users/ryan/Documents/dev/ReasonablyTyped/lib/index.js:45:11)\n    at Object.test (/Users/ryan/Documents/dev/ReasonablyTyped/src/__tests__/flow-typed.js:23:25)\n    at <anonymous>"],"status":"failed","title":"Flow Library ramda_v0.x.x"},{"failureMessages":["Error: Retyped__Modulegen.ModulegenTypeError: Unknown type when converting to Bucklescript type [in ramda_v0.x.x from 4:38 to 4:39]\n    at compile (/Users/ryan/Documents/dev/ReasonablyTyped/lib/index.js:45:11)\n    at Object.test (/Users/ryan/Documents/dev/ReasonablyTyped/src/__tests__/flow-typed.js:23:25)\n    at <anonymous>"],"status":"failed","title":"Flow Library ramda_v0.x.x"},{"failureMessages":["Error: Retyped__Modulegen.ModulegenTypeError: Unknown type when converting to Bucklescript type [in ramda_v0.x.x from 4:38 to 4:39]\n    at compile (/Users/ryan/Documents/dev/ReasonablyTyped/lib/index.js:45:11)\n    at Object.test (/Users/ryan/Documents/dev/ReasonablyTyped/src/__tests__/flow-typed.js:23:25)\n    at <anonymous>"],"status":"failed","title":"Flow Library ramda_v0.x.x"},{"failureMessages":["Error: Retyped__Modulegen.ModulegenTypeError: Unknown type when converting to Bucklescript type [in ramda_v0.x.x from 4:38 to 4:39]\n    at compile (/Users/ryan/Documents/dev/ReasonablyTyped/lib/index.js:45:11)\n    at Object.test (/Users/ryan/Documents/dev/ReasonablyTyped/src/__tests__/flow-typed.js:23:25)\n    at <anonymous>"],"status":"failed","title":"Flow Library ramda_v0.x.x"},{"failureMessages":["Error: Retyped__Modulegen.ModulegenTypeError: static CallProperty on Object types is not currently supported [in random-js_v1.x.x from 18:11 to 18:36]\n    at compile (/Users/ryan/Documents/dev/ReasonablyTyped/lib/index.js:45:11)\n    at Object.test (/Users/ryan/Documents/dev/ReasonablyTyped/src/__tests__/flow-typed.js:23:25)\n    at <anonymous>"],"status":"failed","title":"Flow Library random-js_v1.x.x"},{"failureMessages":["Error: Retyped__Codegen.CodegenTypeError: Typeof can only operate on variable declarations\n    at compile (/Users/ryan/Documents/dev/ReasonablyTyped/lib/index.js:45:11)\n    at Object.test (/Users/ryan/Documents/dev/ReasonablyTyped/src/__tests__/flow-typed.js:23:25)\n    at <anonymous>"],"status":"failed","title":"Flow Library raven_v0.12.x"},{"failureMessages":[],"status":"passed","title":"Flow Library react-addons-css-transition-group_v15.x.x"},{"failureMessages":[],"status":"passed","title":"Flow Library react-addons-perf_v15.x.x"},{"failureMessages":[],"status":"passed","title":"Flow Library react-addons-test-utils_v15.x.x"},{"failureMessages":[],"status":"passed","title":"Flow Library react-body-classname_v1.x.x"},{"failureMessages":["Error: Retyped__Modulegen.ModulegenTypeError: Type parameter bounds is not currently supported [in react-css-modules_v3.x.x from 4:36 to 4:63]\n    at compile (/Users/ryan/Documents/dev/ReasonablyTyped/lib/index.js:45:11)\n    at Object.test (/Users/ryan/Documents/dev/ReasonablyTyped/src/__tests__/flow-typed.js:23:25)\n    at <anonymous>"],"status":"failed","title":"Flow Library react-css-modules_v3.x.x"},{"failureMessages":["Error: Retyped__Modulegen.ModulegenTypeError: Type parameter bounds is not currently supported [in react-dnd_v2.x.x from 99:26 to 99:43]\n    at compile (/Users/ryan/Documents/dev/ReasonablyTyped/lib/index.js:45:11)\n    at Object.test (/Users/ryan/Documents/dev/ReasonablyTyped/src/__tests__/flow-typed.js:23:25)\n    at <anonymous>"],"status":"failed","title":"Flow Library react-dnd_v2.x.x"},{"failureMessages":["Error: Retyped__Codegen.CodegenTypeError: Cannot use string literal outside the context of a union type\n    at compile (/Users/ryan/Documents/dev/ReasonablyTyped/lib/index.js:45:11)\n    at Object.test (/Users/ryan/Documents/dev/ReasonablyTyped/src/__tests__/flow-typed.js:23:25)\n    at <anonymous>"],"status":"failed","title":"Flow Library react-dnd-html5-backend_v2.1.x"},{"failureMessages":["Error: Retyped__Modulegen.ModulegenDeclError: Unknown declaration when converting a module property declaration [in react-flip-move_v2.9.x from 2:2 to 4:4]\n    at compile (/Users/ryan/Documents/dev/ReasonablyTyped/lib/index.js:45:11)\n    at Object.test (/Users/ryan/Documents/dev/ReasonablyTyped/src/__tests__/flow-typed.js:23:25)\n    at <anonymous>"],"status":"failed","title":"Flow Library react-flip-move_v2.9.x"},{"failureMessages":["Error: Retyped__Modulegen.ModulegenTypeError: Unknown type when converting to Bucklescript type [in react-helmet_v3.x.x from 17:33 to 17:34]\n    at compile (/Users/ryan/Documents/dev/ReasonablyTyped/lib/index.js:45:11)\n    at Object.test (/Users/ryan/Documents/dev/ReasonablyTyped/src/__tests__/flow-typed.js:23:25)\n    at <anonymous>"],"status":"failed","title":"Flow Library react-helmet_v3.x.x"},{"failureMessages":[],"status":"passed","title":"Flow Library react-highlight-words_v0.4.x"},{"failureMessages":["Error: Retyped__Modulegen.ModulegenTypeError: Unknown type when converting to Bucklescript type [in react-i18next_v1.10.x from 7:71 to 7:72]\n    at compile (/Users/ryan/Documents/dev/ReasonablyTyped/lib/index.js:45:11)\n    at Object.test (/Users/ryan/Documents/dev/ReasonablyTyped/src/__tests__/flow-typed.js:23:25)\n    at <anonymous>"],"status":"failed","title":"Flow Library react-i18next_v1.10.x"},{"failureMessages":["Error: Retyped__Modulegen.ModulegenTypeError: Unknown type when converting to Bucklescript type [in react-i18next_v2.x.x from 7:71 to 7:72]\n    at compile (/Users/ryan/Documents/dev/ReasonablyTyped/lib/index.js:45:11)\n    at Object.test (/Users/ryan/Documents/dev/ReasonablyTyped/src/__tests__/flow-typed.js:23:25)\n    at <anonymous>"],"status":"failed","title":"Flow Library react-i18next_v2.x.x"},{"failureMessages":["Error: Retyped__Modulegen.ModulegenStatementError: Import statements is not currently supported [in react-intl_v2.x.x from 6:0 to 6:26]\n    at compile (/Users/ryan/Documents/dev/ReasonablyTyped/lib/index.js:45:11)\n    at Object.test (/Users/ryan/Documents/dev/ReasonablyTyped/src/__tests__/flow-typed.js:23:25)\n    at <anonymous>"],"status":"failed","title":"Flow Library react-intl_v2.x.x"},{"failureMessages":["Error: Retyped__Modulegen.ModulegenStatementError: Import statements is not currently supported [in react-joyride_v1.x.x from 1:0 to 1:26]\n    at compile (/Users/ryan/Documents/dev/ReasonablyTyped/lib/index.js:45:11)\n    at Object.test (/Users/ryan/Documents/dev/ReasonablyTyped/src/__tests__/flow-typed.js:23:25)\n    at <anonymous>"],"status":"failed","title":"Flow Library react-joyride_v1.x.x"},{"failureMessages":["Error: Retyped__Modulegen.ModulegenDeclError: Unknown declaration when converting a module property declaration [in react-jss_v6.1.x from 28:2 to 28:79]\n    at compile (/Users/ryan/Documents/dev/ReasonablyTyped/lib/index.js:45:11)\n    at Object.test (/Users/ryan/Documents/dev/ReasonablyTyped/src/__tests__/flow-typed.js:23:25)\n    at <anonymous>"],"status":"failed","title":"Flow Library react-jss_v6.1.x"},{"failureMessages":["Error: Retyped__Modulegen.ModulegenStatementError: Import statements is not currently supported [in react-mixpanel_v0.0.x from 1:0 to 1:45]\n    at compile (/Users/ryan/Documents/dev/ReasonablyTyped/lib/index.js:45:11)\n    at Object.test (/Users/ryan/Documents/dev/ReasonablyTyped/src/__tests__/flow-typed.js:23:25)\n    at <anonymous>"],"status":"failed","title":"Flow Library react-mixpanel_v0.0.x"},{"failureMessages":[],"status":"passed","title":"Flow Library react-modal_v1.x.x"},{"failureMessages":[],"status":"passed","title":"Flow Library react-native-audio-toolkit_v1.x.x"},{"failureMessages":[],"status":"passed","title":"Flow Library react-recaptcha_v2.x.x"},{"failureMessages":["Error: Retyped__Modulegen.ModulegenStatementError: Import statements is not currently supported [in react-redux_v4.x.x from 1:0 to 1:44]\n    at compile (/Users/ryan/Documents/dev/ReasonablyTyped/lib/index.js:45:11)\n    at Object.test (/Users/ryan/Documents/dev/ReasonablyTyped/src/__tests__/flow-typed.js:23:25)\n    at <anonymous>"],"status":"failed","title":"Flow Library react-redux_v4.x.x"},{"failureMessages":["Error: Retyped__Modulegen.ModulegenStatementError: Import statements is not currently supported [in react-redux_v5.x.x from 1:0 to 1:44]\n    at compile (/Users/ryan/Documents/dev/ReasonablyTyped/lib/index.js:45:11)\n    at Object.test (/Users/ryan/Documents/dev/ReasonablyTyped/src/__tests__/flow-typed.js:23:25)\n    at <anonymous>"],"status":"failed","title":"Flow Library react-redux_v5.x.x"},{"failureMessages":["Error: Retyped__Modulegen.ModulegenDeclError: Unknown declaration when converting a module property declaration [in react-router_v4.x.x from 5:2 to 11:3]\n    at compile (/Users/ryan/Documents/dev/ReasonablyTyped/lib/index.js:45:11)\n    at Object.test (/Users/ryan/Documents/dev/ReasonablyTyped/src/__tests__/flow-typed.js:23:25)\n    at <anonymous>"],"status":"failed","title":"Flow Library react-router_v4.x.x"},{"failureMessages":["Error: Retyped__Modulegen.ModulegenDeclError: Inheritance not supported:  [in react-router-dom_v4.x.x from 2:17 to 10:3]\n    at compile (/Users/ryan/Documents/dev/ReasonablyTyped/lib/index.js:45:11)\n    at Object.test (/Users/ryan/Documents/dev/ReasonablyTyped/src/__tests__/flow-typed.js:23:25)\n    at <anonymous>"],"status":"failed","title":"Flow Library react-router-dom_v4.x.x"},{"failureMessages":["Error: Retyped__Modulegen.ModulegenDeclError: Unknown declaration when converting a module property declaration [in react-router-native_v4.x.x from 2:2 to 3:69]\n    at compile (/Users/ryan/Documents/dev/ReasonablyTyped/lib/index.js:45:11)\n    at Object.test (/Users/ryan/Documents/dev/ReasonablyTyped/src/__tests__/flow-typed.js:23:25)\n    at <anonymous>"],"status":"failed","title":"Flow Library react-router-native_v4.x.x"},{"failureMessages":["Error: Retyped__Modulegen.ModulegenTypeError: Unknown type when converting to Bucklescript type [in react-scripts_v0.7.x from 49:28 to 49:29]\n    at compile (/Users/ryan/Documents/dev/ReasonablyTyped/lib/index.js:45:11)\n    at Object.test (/Users/ryan/Documents/dev/ReasonablyTyped/src/__tests__/flow-typed.js:23:25)\n    at <anonymous>"],"status":"failed","title":"Flow Library react-scripts_v0.7.x"},{"failureMessages":["Error: Retyped__Modulegen.ModulegenTypeError: Unknown type when converting to Bucklescript type [in react-select_v1.x.x from 6:51 to 6:52]\n    at compile (/Users/ryan/Documents/dev/ReasonablyTyped/lib/index.js:45:11)\n    at Object.test (/Users/ryan/Documents/dev/ReasonablyTyped/src/__tests__/flow-typed.js:23:25)\n    at <anonymous>"],"status":"failed","title":"Flow Library react-select_v1.x.x"},{"failureMessages":["Error: Retyped__Modulegen.ModulegenDeclError: Unknown declaration when converting a module property declaration [in react-sound_v0.5.x from 2:2 to 2:68]\n    at compile (/Users/ryan/Documents/dev/ReasonablyTyped/lib/index.js:45:11)\n    at Object.test (/Users/ryan/Documents/dev/ReasonablyTyped/src/__tests__/flow-typed.js:23:25)\n    at <anonymous>"],"status":"failed","title":"Flow Library react-sound_v0.5.x"},{"failureMessages":["Error: Retyped__Modulegen.ModulegenTypeError: Type parameter bounds is not currently supported [in recompose_v0.24.x from 49:36 to 49:57]\n    at compile (/Users/ryan/Documents/dev/ReasonablyTyped/lib/index.js:45:11)\n    at Object.test (/Users/ryan/Documents/dev/ReasonablyTyped/src/__tests__/flow-typed.js:23:25)\n    at <anonymous>"],"status":"failed","title":"Flow Library recompose_v0.24.x"},{"failureMessages":[],"status":"passed","title":"Flow Library reduce-function-call_v1.x.x"},{"failureMessages":["Error: Retyped__Modulegen.ModulegenTypeError: Type parameter bounds is not currently supported [in redux_v3.x.x from 22:23 to 22:65]\n    at compile (/Users/ryan/Documents/dev/ReasonablyTyped/lib/index.js:45:11)\n    at Object.test (/Users/ryan/Documents/dev/ReasonablyTyped/src/__tests__/flow-typed.js:23:25)\n    at <anonymous>"],"status":"failed","title":"Flow Library redux_v3.x.x"},{"failureMessages":["Error: Retyped__Modulegen.ModulegenTypeError: Type parameter bounds is not currently supported [in redux_v3.x.x from 10:24 to 10:53]\n    at compile (/Users/ryan/Documents/dev/ReasonablyTyped/lib/index.js:45:11)\n    at Object.test (/Users/ryan/Documents/dev/ReasonablyTyped/src/__tests__/flow-typed.js:23:25)\n    at <anonymous>"],"status":"failed","title":"Flow Library redux_v3.x.x"},{"failureMessages":["Error: Retyped__Modulegen.ModulegenTypeError: Type parameter bounds is not currently supported [in redux_v3.x.x from 12:24 to 12:53]\n    at compile (/Users/ryan/Documents/dev/ReasonablyTyped/lib/index.js:45:11)\n    at Object.test (/Users/ryan/Documents/dev/ReasonablyTyped/src/__tests__/flow-typed.js:23:25)\n    at <anonymous>"],"status":"failed","title":"Flow Library redux_v3.x.x"},{"failureMessages":[],"status":"passed","title":"Flow Library redux-actions_v0.9.x"},{"failureMessages":[],"status":"passed","title":"Flow Library redux-actions_v1.x.x"},{"failureMessages":["Error: Retyped__Modulegen.ModulegenTypeError: Unknown type when converting to Bucklescript type [in redux-actions_v2.x.x from 15:55 to 15:56]\n    at compile (/Users/ryan/Documents/dev/ReasonablyTyped/lib/index.js:45:11)\n    at Object.test (/Users/ryan/Documents/dev/ReasonablyTyped/src/__tests__/flow-typed.js:23:25)\n    at <anonymous>"],"status":"failed","title":"Flow Library redux-actions_v2.x.x"},{"failureMessages":["Error: Retyped__Modulegen.ModulegenTypeError: Unknown type when converting to Bucklescript type [in redux-actions_v2.x.x from 15:55 to 15:56]\n    at compile (/Users/ryan/Documents/dev/ReasonablyTyped/lib/index.js:45:11)\n    at Object.test (/Users/ryan/Documents/dev/ReasonablyTyped/src/__tests__/flow-typed.js:23:25)\n    at <anonymous>"],"status":"failed","title":"Flow Library redux-actions_v2.x.x"},{"failureMessages":["Error: Retyped__Modulegen.ModulegenStatementError: Import statements is not currently supported [in redux-devtools-extension_v2.x.x from 1:0 to 1:58]\n    at compile (/Users/ryan/Documents/dev/ReasonablyTyped/lib/index.js:45:11)\n    at Object.test (/Users/ryan/Documents/dev/ReasonablyTyped/src/__tests__/flow-typed.js:23:25)\n    at <anonymous>"],"status":"failed","title":"Flow Library redux-devtools-extension_v2.x.x"},{"failureMessages":["Error: Retyped__Modulegen.ModulegenStatementError: Import statements is not currently supported [in redux-form_v5.x.x from 1:0 to 1:26]\n    at compile (/Users/ryan/Documents/dev/ReasonablyTyped/lib/index.js:45:11)\n    at Object.test (/Users/ryan/Documents/dev/ReasonablyTyped/src/__tests__/flow-typed.js:23:25)\n    at <anonymous>"],"status":"failed","title":"Flow Library redux-form_v5.x.x"},{"failureMessages":["Error: Retyped__Modulegen.ModulegenDeclError: Unknown declaration when converting a module property declaration [in redux-forms_v0.10.x from 246:2 to 246:54]\n    at compile (/Users/ryan/Documents/dev/ReasonablyTyped/lib/index.js:45:11)\n    at Object.test (/Users/ryan/Documents/dev/ReasonablyTyped/src/__tests__/flow-typed.js:23:25)\n    at <anonymous>"],"status":"failed","title":"Flow Library redux-forms_v0.10.x"},{"failureMessages":["Error: Retyped__Modulegen.ModulegenDeclError: Unknown declaration when converting a module property declaration [in redux-forms_v0.11.x from 246:2 to 246:54]\n    at compile (/Users/ryan/Documents/dev/ReasonablyTyped/lib/index.js:45:11)\n    at Object.test (/Users/ryan/Documents/dev/ReasonablyTyped/src/__tests__/flow-typed.js:23:25)\n    at <anonymous>"],"status":"failed","title":"Flow Library redux-forms_v0.11.x"},{"failureMessages":["Error: Retyped__Modulegen.ModulegenDeclError: Inheritance not supported:  [in redux-forms-react_v0.10.x from 14:17 to 16:3]\n    at compile (/Users/ryan/Documents/dev/ReasonablyTyped/lib/index.js:45:11)\n    at Object.test (/Users/ryan/Documents/dev/ReasonablyTyped/src/__tests__/flow-typed.js:23:25)\n    at <anonymous>"],"status":"failed","title":"Flow Library redux-forms-react_v0.10.x"},{"failureMessages":["Error: Retyped__Modulegen.ModulegenDeclError: Inheritance not supported:  [in redux-forms-react_v0.11.x from 14:17 to 16:3]\n    at compile (/Users/ryan/Documents/dev/ReasonablyTyped/lib/index.js:45:11)\n    at Object.test (/Users/ryan/Documents/dev/ReasonablyTyped/src/__tests__/flow-typed.js:23:25)\n    at <anonymous>"],"status":"failed","title":"Flow Library redux-forms-react_v0.11.x"},{"failureMessages":["Error: Retyped__Modulegen.ModulegenTypeError: Built-in type $Subtype is not currently supported [in redux-loop_v2.2.x from 2:24 to 2:60]\n    at compile (/Users/ryan/Documents/dev/ReasonablyTyped/lib/index.js:45:11)\n    at Object.test (/Users/ryan/Documents/dev/ReasonablyTyped/src/__tests__/flow-typed.js:23:25)\n    at <anonymous>"],"status":"failed","title":"Flow Library redux-loop_v2.2.x"},{"failureMessages":["Error: Retyped__Modulegen.ModulegenTypeError: Built-in type $Exports is not currently supported [in redux-mock-store_v1.2.x from 24:24 to 24:54]\n    at compile (/Users/ryan/Documents/dev/ReasonablyTyped/lib/index.js:45:11)\n    at Object.test (/Users/ryan/Documents/dev/ReasonablyTyped/src/__tests__/flow-typed.js:23:25)\n    at <anonymous>"],"status":"failed","title":"Flow Library redux-mock-store_v1.2.x"},{"failureMessages":["Error: Retyped__Modulegen.ModulegenStatementError: Import statements is not currently supported [in redux-observable_v0.14.x from 1:0 to 1:34]\n    at compile (/Users/ryan/Documents/dev/ReasonablyTyped/lib/index.js:45:11)\n    at Object.test (/Users/ryan/Documents/dev/ReasonablyTyped/src/__tests__/flow-typed.js:23:25)\n    at <anonymous>"],"status":"failed","title":"Flow Library redux-observable_v0.14.x"},{"failureMessages":["Error: Retyped__Modulegen.ModulegenTypeError: BooleanLiteral is not currently supported [in redux-saga_v0.11.x from 14:23 to 14:27]\n    at compile (/Users/ryan/Documents/dev/ReasonablyTyped/lib/index.js:45:11)\n    at Object.test (/Users/ryan/Documents/dev/ReasonablyTyped/src/__tests__/flow-typed.js:23:25)\n    at <anonymous>"],"status":"failed","title":"Flow Library redux-saga_v0.11.x"},{"failureMessages":["Error: Retyped__Modulegen.ModulegenTypeError: BooleanLiteral is not currently supported [in redux-saga_v0.11.x from 14:23 to 14:27]\n    at compile (/Users/ryan/Documents/dev/ReasonablyTyped/lib/index.js:45:11)\n    at Object.test (/Users/ryan/Documents/dev/ReasonablyTyped/src/__tests__/flow-typed.js:23:25)\n    at <anonymous>"],"status":"failed","title":"Flow Library redux-saga_v0.11.x"},{"failureMessages":["Error: Retyped__Modulegen.ModulegenTypeError: BooleanLiteral is not currently supported [in redux-saga_v0.13.x from 14:23 to 14:27]\n    at compile (/Users/ryan/Documents/dev/ReasonablyTyped/lib/index.js:45:11)\n    at Object.test (/Users/ryan/Documents/dev/ReasonablyTyped/src/__tests__/flow-typed.js:23:25)\n    at <anonymous>"],"status":"failed","title":"Flow Library redux-saga_v0.13.x"},{"failureMessages":["Error: Retyped__Modulegen.ModulegenTypeError: BooleanLiteral is not currently supported [in redux-saga_v0.13.x from 14:23 to 14:27]\n    at compile (/Users/ryan/Documents/dev/ReasonablyTyped/lib/index.js:45:11)\n    at Object.test (/Users/ryan/Documents/dev/ReasonablyTyped/src/__tests__/flow-typed.js:23:25)\n    at <anonymous>"],"status":"failed","title":"Flow Library redux-saga_v0.13.x"},{"failureMessages":["Error: Retyped__Modulegen.ModulegenTypeError: Built-in type $Shape is not currently supported [in remarkable_v1.x.x from 26:36 to 26:97]\n    at compile (/Users/ryan/Documents/dev/ReasonablyTyped/lib/index.js:45:11)\n    at Object.test (/Users/ryan/Documents/dev/ReasonablyTyped/src/__tests__/flow-typed.js:23:25)\n    at <anonymous>"],"status":"failed","title":"Flow Library remarkable_v1.x.x"},{"failureMessages":["Error: Retyped__Modulegen.ModulegenTypeError: Type parameter bounds is not currently supported [in reselect_v2.x.x from 730:19 to 730:34]\n    at compile (/Users/ryan/Documents/dev/ReasonablyTyped/lib/index.js:45:11)\n    at Object.test (/Users/ryan/Documents/dev/ReasonablyTyped/src/__tests__/flow-typed.js:23:25)\n    at <anonymous>"],"status":"failed","title":"Flow Library reselect_v2.x.x"},{"failureMessages":["Error: Retyped__Modulegen.ModulegenTypeError: Type parameter bounds is not currently supported [in reselect_v3.x.x from 731:21 to 731:36]\n    at compile (/Users/ryan/Documents/dev/ReasonablyTyped/lib/index.js:45:11)\n    at Object.test (/Users/ryan/Documents/dev/ReasonablyTyped/src/__tests__/flow-typed.js:23:25)\n    at <anonymous>"],"status":"failed","title":"Flow Library reselect_v3.x.x"},{"failureMessages":["Error: Retyped__Modulegen.ModulegenTypeError: Unknown type when converting 
[...]
nStatementError: Import statements is not currently supported [in primus_v5.x.x from 1:0 to 1:24]\n\n\u001b[1m\u001b[31m  \u001b[1m● \u001b[1mFlow Library primus_v6.x.x\u001b[39m\u001b[22m\n\n    Retyped__Modulegen.ModulegenStatementError: Import statements is not currently supported [in primus_v6.x.x from 1:0 to 1:24]\n\n\u001b[1m\u001b[31m  \u001b[1m● \u001b[1mFlow Library prismic.io_v3.x.x\u001b[39m\u001b[22m\n\n    Retyped__Codegen.CodegenTypeError: Cannot use string literal outside the context of a union type\n\n\u001b[1m\u001b[31m  \u001b[1m● \u001b[1mFlow Library promise-retry_v1.1.x\u001b[39m\u001b[22m\n\n    File \"\", line 10, characters 34-41:\n    145: <UNKNOWN SYNTAX ERROR>\n\n\u001b[1m\u001b[31m  \u001b[1m● \u001b[1mFlow Library prop-types_v15.x.x\u001b[39m\u001b[22m\n\n    Retyped__Modulegen.ModulegenTypeError: Built-in type $Subtype is not currently supported [in prop-types_v15.x.x from 25:15 to 25:76]\n\n\u001b[1m\u001b[31m  \u001b[1m● \u001b[1mFlow Library radium_v0.17.x\u001b[39m\u001b[22m\n\n    Retyped__Modulegen.ModulegenTypeError: Type parameter bounds is not currently supported [in radium_v0.17.x from 97:5 to 97:23]\n\n\u001b[1m\u001b[31m  \u001b[1m● \u001b[1mFlow Library radium_v0.19.x\u001b[39m\u001b[22m\n\n    Retyped__Codegen.CodegenTypeError: Typeof can only operate on variable declarations\n\n\u001b[1m\u001b[31m  \u001b[1m● \u001b[1mFlow Library ramda_v0.x.x\u001b[39m\u001b[22m\n\n    Retyped__Modulegen.ModulegenTypeError: Unknown type when converting to Bucklescript type [in ramda_v0.x.x from 4:38 to 4:39]\n\n\u001b[1m\u001b[31m  \u001b[1m● \u001b[1mFlow Library ramda_v0.x.x\u001b[39m\u001b[22m\n\n    Retyped__Modulegen.ModulegenTypeError: Unknown type when converting to Bucklescript type [in ramda_v0.x.x from 4:38 to 4:39]\n\n\u001b[1m\u001b[31m  \u001b[1m● \u001b[1mFlow Library ramda_v0.x.x\u001b[39m\u001b[22m\n\n    Retyped__Modulegen.ModulegenTypeError: Unknown type when converting to Bucklescript type [in ramda_v0.x.x from 4:38 to 4:39]\n\n\u001b[1m\u001b[31m  \u001b[1m● \u001b[1mFlow Library ramda_v0.x.x\u001b[39m\u001b[22m\n\n    Retyped__Modulegen.ModulegenTypeError: Unknown type when converting to Bucklescript type [in ramda_v0.x.x from 4:38 to 4:39]\n\n\u001b[1m\u001b[31m  \u001b[1m● \u001b[1mFlow Library ramda_v0.x.x\u001b[39m\u001b[22m\n\n    Retyped__Modulegen.ModulegenTypeError: Unknown type when converting to Bucklescript type [in ramda_v0.x.x from 4:38 to 4:39]\n\n\u001b[1m\u001b[31m  \u001b[1m● \u001b[1mFlow Library random-js_v1.x.x\u001b[39m\u001b[22m\n\n    Retyped__Modulegen.ModulegenTypeError: static CallProperty on Object types is not currently supported [in random-js_v1.x.x from 18:11 to 18:36]\n\n\u001b[1m\u001b[31m  \u001b[1m● \u001b[1mFlow Library raven_v0.12.x\u001b[39m\u001b[22m\n\n    Retyped__Codegen.CodegenTypeError: Typeof can only operate on variable declarations\n\n\u001b[1m\u001b[31m  \u001b[1m● \u001b[1mFlow Library react-css-modules_v3.x.x\u001b[39m\u001b[22m\n\n    Retyped__Modulegen.ModulegenTypeError: Type parameter bounds is not currently supported [in react-css-modules_v3.x.x from 4:36 to 4:63]\n\n\u001b[1m\u001b[31m  \u001b[1m● \u001b[1mFlow Library react-dnd_v2.x.x\u001b[39m\u001b[22m\n\n    Retyped__Modulegen.ModulegenTypeError: Type parameter bounds is not currently supported [in react-dnd_v2.x.x from 99:26 to 99:43]\n\n\u001b[1m\u001b[31m  \u001b[1m● \u001b[1mFlow Library react-dnd-html5-backend_v2.1.x\u001b[39m\u001b[22m\n\n    Retyped__Codegen.CodegenTypeError: Cannot use string literal outside the context of a union type\n\n\u001b[1m\u001b[31m  \u001b[1m● \u001b[1mFlow Library react-flip-move_v2.9.x\u001b[39m\u001b[22m\n\n    Retyped__Modulegen.ModulegenDeclError: Unknown declaration when converting a module property declaration [in react-flip-move_v2.9.x from 2:2 to 4:4]\n\n\u001b[1m\u001b[31m  \u001b[1m● \u001b[1mFlow Library react-helmet_v3.x.x\u001b[39m\u001b[22m\n\n    Retyped__Modulegen.ModulegenTypeError: Unknown type when converting to Bucklescript type [in react-helmet_v3.x.x from 17:33 to 17:34]\n\n\u001b[1m\u001b[31m  \u001b[1m● \u001b[1mFlow Library react-i18next_v1.10.x\u001b[39m\u001b[22m\n\n    Retyped__Modulegen.ModulegenTypeError: Unknown type when converting to Bucklescript type [in react-i18next_v1.10.x from 7:71 to 7:72]\n\n\u001b[1m\u001b[31m  \u001b[1m● \u001b[1mFlow Library react-i18next_v2.x.x\u001b[39m\u001b[22m\n\n    Retyped__Modulegen.ModulegenTypeError: Unknown type when converting to Bucklescript type [in react-i18next_v2.x.x from 7:71 to 7:72]\n\n\u001b[1m\u001b[31m  \u001b[1m● \u001b[1mFlow Library react-intl_v2.x.x\u001b[39m\u001b[22m\n\n    Retyped__Modulegen.ModulegenStatementError: Import statements is not currently supported [in react-intl_v2.x.x from 6:0 to 6:26]\n\n\u001b[1m\u001b[31m  \u001b[1m● \u001b[1mFlow Library react-joyride_v1.x.x\u001b[39m\u001b[22m\n\n    Retyped__Modulegen.ModulegenStatementError: Import statements is not currently supported [in react-joyride_v1.x.x from 1:0 to 1:26]\n\n\u001b[1m\u001b[31m  \u001b[1m● \u001b[1mFlow Library react-jss_v6.1.x\u001b[39m\u001b[22m\n\n    Retyped__Modulegen.ModulegenDeclError: Unknown declaration when converting a module property declaration [in react-jss_v6.1.x from 28:2 to 28:79]\n\n\u001b[1m\u001b[31m  \u001b[1m● \u001b[1mFlow Library react-mixpanel_v0.0.x\u001b[39m\u001b[22m\n\n    Retyped__Modulegen.ModulegenStatementError: Import statements is not currently supported [in react-mixpanel_v0.0.x from 1:0 to 1:45]\n\n\u001b[1m\u001b[31m  \u001b[1m● \u001b[1mFlow Library react-redux_v4.x.x\u001b[39m\u001b[22m\n\n    Retyped__Modulegen.ModulegenStatementError: Import statements is not currently supported [in react-redux_v4.x.x from 1:0 to 1:44]\n\n\u001b[1m\u001b[31m  \u001b[1m● \u001b[1mFlow Library react-redux_v5.x.x\u001b[39m\u001b[22m\n\n    Retyped__Modulegen.ModulegenStatementError: Import statements is not currently supported [in react-redux_v5.x.x from 1:0 to 1:44]\n\n\u001b[1m\u001b[31m  \u001b[1m● \u001b[1mFlow Library react-router_v4.x.x\u001b[39m\u001b[22m\n\n    Retyped__Modulegen.ModulegenDeclError: Unknown declaration when converting a module property declaration [in react-router_v4.x.x from 5:2 to 11:3]\n\n\u001b[1m\u001b[31m  \u001b[1m● \u001b[1mFlow Library react-router-dom_v4.x.x\u001b[39m\u001b[22m\n\n    Retyped__Modulegen.ModulegenDeclError: Inheritance not supported:  [in react-router-dom_v4.x.x from 2:17 to 10:3]\n\n\u001b[1m\u001b[31m  \u001b[1m● \u001b[1mFlow Library react-router-native_v4.x.x\u001b[39m\u001b[22m\n\n    Retyped__Modulegen.ModulegenDeclError: Unknown declaration when converting a module property declaration [in react-router-native_v4.x.x from 2:2 to 3:69]\n\n\u001b[1m\u001b[31m  \u001b[1m● \u001b[1mFlow Library react-scripts_v0.7.x\u001b[39m\u001b[22m\n\n    Retyped__Modulegen.ModulegenTypeError: Unknown type when converting to Bucklescript type [in react-scripts_v0.7.x from 49:28 to 49:29]\n\n\u001b[1m\u001b[31m  \u001b[1m● \u001b[1mFlow Library react-select_v1.x.x\u001b[39m\u001b[22m\n\n    Retyped__Modulegen.ModulegenTypeError: Unknown type when converting to Bucklescript type [in react-select_v1.x.x from 6:51 to 6:52]\n\n\u001b[1m\u001b[31m  \u001b[1m● \u001b[1mFlow Library react-sound_v0.5.x\u001b[39m\u001b[22m\n\n    Retyped__Modulegen.ModulegenDeclError: Unknown declaration when converting a module property declaration [in react-sound_v0.5.x from 2:2 to 2:68]\n\n\u001b[1m\u001b[31m  \u001b[1m● \u001b[1mFlow Library recompose_v0.24.x\u001b[39m\u001b[22m\n\n    Retyped__Modulegen.ModulegenTypeError: Type parameter bounds is not currently supported [in recompose_v0.24.x from 49:36 to 49:57]\n\n\u001b[1m\u001b[31m  \u001b[1m● \u001b[1mFlow Library redux_v3.x.x\u001b[39m\u001b[22m\n\n    Retyped__Modulegen.ModulegenTypeError: Type parameter bounds is not currently supported [in redux_v3.x.x from 22:23 to 22:65]\n\n\u001b[1m\u001b[31m  \u001b[1m● \u001b[1mFlow Library redux_v3.x.x\u001b[39m\u001b[22m\n\n    Retyped__Modulegen.ModulegenTypeError: Type parameter bounds is not currently supported [in redux_v3.x.x from 10:24 to 10:53]\n\n\u001b[1m\u001b[31m  \u001b[1m● \u001b[1mFlow Library redux_v3.x.x\u001b[39m\u001b[22m\n\n    Retyped__Modulegen.ModulegenTypeError: Type parameter bounds is not currently supported [in redux_v3.x.x from 12:24 to 12:53]\n\n\u001b[1m\u001b[31m  \u001b[1m● \u001b[1mFlow Library redux-actions_v2.x.x\u001b[39m\u001b[22m\n\n    Retyped__Modulegen.ModulegenTypeError: Unknown type when converting to Bucklescript type [in redux-actions_v2.x.x from 15:55 to 15:56]\n\n\u001b[1m\u001b[31m  \u001b[1m● \u001b[1mFlow Library redux-actions_v2.x.x\u001b[39m\u001b[22m\n\n    Retyped__Modulegen.ModulegenTypeError: Unknown type when converting to Bucklescript type [in redux-actions_v2.x.x from 15:55 to 15:56]\n\n\u001b[1m\u001b[31m  \u001b[1m● \u001b[1mFlow Library redux-devtools-extension_v2.x.x\u001b[39m\u001b[22m\n\n    Retyped__Modulegen.ModulegenStatementError: Import statements is not currently supported [in redux-devtools-extension_v2.x.x from 1:0 to 1:58]\n\n\u001b[1m\u001b[31m  \u001b[1m● \u001b[1mFlow Library redux-form_v5.x.x\u001b[39m\u001b[22m\n\n    Retyped__Modulegen.ModulegenStatementError: Import statements is not currently supported [in redux-form_v5.x.x from 1:0 to 1:26]\n\n\u001b[1m\u001b[31m  \u001b[1m● \u001b[1mFlow Library redux-forms_v0.10.x\u001b[39m\u001b[22m\n\n    Retyped__Modulegen.ModulegenDeclError: Unknown declaration when converting a module property declaration [in redux-forms_v0.10.x from 246:2 to 246:54]\n\n\u001b[1m\u001b[31m  \u001b[1m● \u001b[1mFlow Library redux-forms_v0.11.x\u001b[39m\u001b[22m\n\n    Retyped__Modulegen.ModulegenDeclError: Unknown declaration when converting a module property declaration [in redux-forms_v0.11.x from 246:2 to 246:54]\n\n\u001b[1m\u001b[31m  \u001b[1m● \u001b[1mFlow Library redux-forms-react_v0.10.x\u001b[39m\u001b[22m\n\n    Retyped__Modulegen.ModulegenDeclError: Inheritance not supported:  [in redux-forms-react_v0.10.x from 14:17 to 16:3]\n\n\u001b[1m\u001b[31m  \u001b[1m● \u001b[1mFlow Library redux-forms-react_v0.11.x\u001b[39m\u001b[22m\n\n    Retyped__Modulegen.ModulegenDeclError: Inheritance not supported:  [in redux-forms-react_v0.11.x from 14:17 to 16:3]\n\n\u001b[1m\u001b[31m  \u001b[1m● \u001b[1mFlow Library redux-loop_v2.2.x\u001b[39m\u001b[22m\n\n    Retyped__Modulegen.ModulegenTypeError: Built-in type $Subtype is not currently supported [in redux-loop_v2.2.x from 2:24 to 2:60]\n\n\u001b[1m\u001b[31m  \u001b[1m● \u001b[1mFlow Library redux-mock-store_v1.2.x\u001b[39m\u001b[22m\n\n    Retyped__Modulegen.ModulegenTypeError: Built-in type $Exports is not currently supported [in redux-mock-store_v1.2.x from 24:24 to 24:54]\n\n\u001b[1m\u001b[31m  \u001b[1m● \u001b[1mFlow Library redux-observable_v0.14.x\u001b[39m\u001b[22m\n\n    Retyped__Modulegen.ModulegenStatementError: Import statements is not currently supported [in redux-observable_v0.14.x from 1:0 to 1:34]\n\n\u001b[1m\u001b[31m  \u001b[1m● \u001b[1mFlow Library redux-saga_v0.11.x\u001b[39m\u001b[22m\n\n    Retyped__Modulegen.ModulegenTypeError: BooleanLiteral is not currently supported [in redux-saga_v0.11.x from 14:23 to 14:27]\n\n\u001b[1m\u001b[31m  \u001b[1m● \u001b[1mFlow Library redux-saga_v0.11.x\u001b[39m\u001b[22m\n\n    Retyped__Modulegen.ModulegenTypeError: BooleanLiteral is not currently supported [in redux-saga_v0.11.x from 14:23 to 14:27]\n\n\u001b[1m\u001b[31m  \u001b[1m● \u001b[1mFlow Library redux-saga_v0.13.x\u001b[39m\u001b[22m\n\n    Retyped__Modulegen.ModulegenTypeError: BooleanLiteral is not currently supported [in redux-saga_v0.13.x from 14:23 to 14:27]\n\n\u001b[1m\u001b[31m  \u001b[1m● \u001b[1mFlow Library redux-saga_v0.13.x\u001b[39m\u001b[22m\n\n    Retyped__Modulegen.ModulegenTypeError: BooleanLiteral is not currently supported [in redux-saga_v0.13.x from 14:23 to 14:27]\n\n\u001b[1m\u001b[31m  \u001b[1m● \u001b[1mFlow Library remarkable_v1.x.x\u001b[39m\u001b[22m\n\n    Retyped__Modulegen.ModulegenTypeError: Built-in type $Shape is not currently supported [in remarkable_v1.x.x from 26:36 to 26:97]\n\n\u001b[1m\u001b[31m  \u001b[1m● \u001b[1mFlow Library reselect_v2.x.x\u001b[39m\u001b[22m\n\n    Retyped__Modulegen.ModulegenTypeError: Type parameter bounds is not currently supported [in reselect_v2.x.x from 730:19 to 730:34]\n\n\u001b[1m\u001b[31m  \u001b[1m● \u001b[1mFlow Library reselect_v3.x.x\u001b[39m\u001b[22m\n\n    Retyped__Modulegen.ModulegenTypeError: Type parameter bounds is not currently supported [in reselect_v3.x.x from 731:21 to 731:36]\n\n\u001b[1m\u001b[31m  \u001b[1m● \u001b[1mFlow Library rivets_v0.9.x\u001b[39m\u001b[22m\n\n    Retyped__Modulegen.ModulegenTypeError: Unknown type when converting to Bucklescript type [in rivets_v0.9.x from 63:31 to 63:32]\n\n\u001b[1m\u001b[31m  \u001b[1m● \u001b[1mFlow Library rxjs_v5.0.x\u001b[39m\u001b[22m\n\n    Retyped__Modulegen.ModulegenTypeError: Type parameter variance is not currently supported [in rxjs_v5.0.x from 4:26 to 4:27]\n\n\u001b[1m\u001b[31m  \u001b[1m● \u001b[1mFlow Library rxjs_v5.0.x\u001b[39m\u001b[22m\n\n    Retyped__Modulegen.ModulegenTypeError: Type parameter variance is not currently supported [in rxjs_v5.0.x from 4:26 to 4:27]\n\n\u001b[1m\u001b[31m  \u001b[1m● \u001b[1mFlow Library s3-uploader_v2.0.x\u001b[39m\u001b[22m\n\n    Retyped__Modulegen.ModulegenDeclError: Unknown declaration when converting a module property declaration [in s3-uploader_v2.0.x from 2:2 to 8:4]\n\n\u001b[1m\u001b[31m  \u001b[1m● \u001b[1mFlow Library sanitize-html_v1.x.x\u001b[39m\u001b[22m\n\n    Retyped__Modulegen.ModulegenTypeError: BooleanLiteral is not currently supported [in sanitize-html_v1.x.x from 9:32 to 9:37]\n\n\u001b[1m\u001b[31m  \u001b[1m● \u001b[1mFlow Library selenium-webdriver_v3.x.x\u001b[39m\u001b[22m\n\n    Retyped__Codegen.CodegenTypeError: Typeof can only operate on variable declarations\n\n\u001b[1m\u001b[31m  \u001b[1m● \u001b[1mFlow Library semver_v5.1.x\u001b[39m\u001b[22m\n\n    Retyped__Modulegen.ModulegenTypeError: NumberLiteral is not currently supported [in semver_v5.1.x from 36:37 to 36:47]\n\n\u001b[1m\u001b[31m  \u001b[1m● \u001b[1mFlow Library shelljs_v0.7.x\u001b[39m\u001b[22m\n\n    Retyped__Modulegen.ModulegenTypeError: Intersection types is not currently supported [in shelljs_v0.7.x from 1:37 to 1:67]\n\n\u001b[1m\u001b[31m  \u001b[1m● \u001b[1mFlow Library signals_v1.x.x\u001b[39m\u001b[22m\n\n    Retyped__Modulegen.ModulegenDeclError: Unknown declaration when converting a module property declaration [in signals_v1.x.x from 33:2 to 33:39]\n\n\u001b[1m\u001b[31m  \u001b[1m● \u001b[1mFlow Library sinon_v2.x.x\u001b[39m\u001b[22m\n\n    Retyped__Modulegen.ModulegenStatementError: Inheriting in interfaces is not currently supported [in sinon_v2.x.x from 27:41 to 27:56]\n\n\u001b[1m\u001b[31m  \u001b[1m● \u001b[1mFlow Library slug_v0.9.x\u001b[39m\u001b[22m\n\n    Retyped__Codegen.CodegenTypeError: Cannot use string literal outside the context of a union type\n\n\u001b[1m\u001b[31m  \u001b[1m● \u001b[1mFlow Library socket.io_v1.x.x\u001b[39m\u001b[22m\n\n    Retyped__Codegen.CodegenTypeError: typeof can only operate on classes\n\n\u001b[1m\u001b[31m  \u001b[1m● \u001b[1mFlow Library styled-components_v1.4.x\u001b[39m\u001b[22m\n\n    Retyped__Modulegen.ModulegenTypeError: Unknown type when converting to Bucklescript type [in styled-components_v1.4.x from 9:16 to 9:17]\n\n\u001b[1m\u001b[31m  \u001b[1m● \u001b[1mFlow Library styled-components_v2.x.x\u001b[39m\u001b[22m\n\n    Retyped__Modulegen.ModulegenTypeError: Type parameter bounds is not currently supported [in styled-components_v2.x.x from 6:43 to 6:80]\n\n\u001b[1m\u001b[31m  \u001b[1m● \u001b[1mFlow Library supports-color_v3.x.x\u001b[39m\u001b[22m\n\n    Retyped__Modulegen.ModulegenTypeError: NumberLiteral is not currently supported [in supports-color_v3.x.x from 4:13 to 4:14]\n\n\u001b[1m\u001b[31m  \u001b[1m● \u001b[1mFlow Library swagger-schema-official_v2.x.x\u001b[39m\u001b[22m\n\n    Retyped__Modulegen.ModulegenDeclError: Unknown declaration when converting a module property declaration [in swagger-schema-official_v2.x.x from 9:2 to 13:3]\n\n\u001b[1m\u001b[31m  \u001b[1m● \u001b[1mFlow Library type-is_v1.x.x\u001b[39m\u001b[22m\n\n    Retyped__Modulegen.ModulegenTypeError: BooleanLiteral is not currently supported [in type-is_v1.x.x from 9:33 to 9:38]\n\n\u001b[1m\u001b[31m  \u001b[1m● \u001b[1mFlow Library underscore_v1.x.x\u001b[39m\u001b[22m\n\n    Retyped__Modulegen.ModulegenTypeError: Intersection types is not currently supported [in underscore_v1.x.x from 180:47 to 180:52]\n\n\u001b[1m\u001b[31m  \u001b[1m● \u001b[1mFlow Library underscore_v1.x.x\u001b[39m\u001b[22m\n\n    Retyped__Modulegen.ModulegenTypeError: Intersection types is not currently supported [in underscore_v1.x.x from 11:7 to 37:71]\n\n\u001b[1m\u001b[31m  \u001b[1m● \u001b[1mFlow Library underscore.string_v3.x.x\u001b[39m\u001b[22m\n\n    Retyped__Modulegen.ModulegenTypeError: Unknown type when converting to Bucklescript type [in underscore.string_v3.x.x from 53:32 to 53:33]\n\n\u001b[1m\u001b[31m  \u001b[1m● \u001b[1mFlow Library uuid-js_v0.7.x\u001b[39m\u001b[22m\n\n    Retyped__Modulegen.ModulegenTypeError: NumberLiteral is not currently supported [in uuid-js_v0.7.x from 10:36 to 10:37]\n\n\u001b[1m\u001b[31m  \u001b[1m● \u001b[1mFlow Library validate.js_v0.x.x\u001b[39m\u001b[22m\n\n    Retyped__Modulegen.ModulegenTypeError: Intersection types is not currently supported [in validate.js_v0.x.x from 9:64 to 9:92]\n\n\u001b[1m\u001b[31m  \u001b[1m● \u001b[1mFlow Library validator_v7.x.x\u001b[39m\u001b[22m\n\n    Retyped__Modulegen.ModulegenTypeError: Built-in type $Exports is not currently supported [in validator_v7.x.x from 3:15 to 3:50]\n\n\u001b[1m\u001b[31m  \u001b[1m● \u001b[1mFlow Library verbal-expressions_v0.x.x\u001b[39m\u001b[22m\n\n    Retyped__Modulegen.ModulegenStatementError: Class declatations is not currently supported [in verbal-expressions_v0.x.x from 3:0 to 3:15]\n\n\u001b[1m\u001b[31m  \u001b[1m● \u001b[1mFlow Library vscode_v0.11.x\u001b[39m\u001b[22m\n\n    Retyped__Modulegen.ModulegenDeclError: Unknown declaration when converting a module property declaration [in vscode_v0.11.x from 14:2 to 31:3]\n\n\u001b[1m\u001b[31m  \u001b[1m● \u001b[1mFlow Library warning_v3.x.x\u001b[39m\u001b[22m\n\n    Retyped__Modulegen.ModulegenDeclError: Unknown declaration type when converting a module declaration [in warning_v3.x.x from 1:0 to 3:1]\n\n\u001b[1m\u001b[31m  \u001b[1m● \u001b[1mFlow Library xmldoc_v0.5.x\u001b[39m\u001b[22m\n\n    Retyped__Codegen.CodegenTypeError: Typeof can only operate on variable declarations\n\n\u001b[1m\u001b[31m  \u001b[1m● \u001b[1mFlow Library xstream_v6.x.x\u001b[39m\u001b[22m\n\n    Retyped__Modulegen.ModulegenTypeError: Unknown type when converting to Bucklescript type [in xstream_v6.x.x from 12:32 to 12:33]\n\n\u001b[1m\u001b[31m  \u001b[1m● \u001b[1mFlow Library xstream_v7.x.x\u001b[39m\u001b[22m\n\n    Retyped__Modulegen.ModulegenTypeError: Unknown type when converting to Bucklescript type [in xstream_v7.x.x from 12:32 to 12:33]\n\n\u001b[1m\u001b[31m  \u001b[1m● \u001b[1mFlow Library yargs_v4.x.x\u001b[39m\u001b[22m\n\n    Retyped__Modulegen.ModulegenTypeError: Indexer on Object types is not currently supported [in yargs_v4.x.x from 2:41 to 2:61]\n\n\u001b[1m\u001b[31m  \u001b[1m● \u001b[1mFlow Library yargs_v5.x.x\u001b[39m\u001b[22m\n\n    Retyped__Modulegen.ModulegenTypeError: Indexer on Object types is not currently supported [in yargs_v5.x.x from 2:41 to 2:61]\n\n\u001b[1m\u001b[31m  \u001b[1m● \u001b[1mFlow Library yargs_v7.x.x\u001b[39m\u001b[22m\n\n    Retyped__Modulegen.ModulegenTypeError: Indexer on Object types is not currently supported [in yargs_v7.x.x from 5:4 to 5:24]\n","name":"/Users/ryan/Documents/dev/ReasonablyTyped/src/__tests__/flow-typed.js","startTime":1503727398905,"status":"failed","summary":""}],"wasInterrupted":false}